<?xml version="1.0" encoding="UTF-8"?>
<TestRun id="397b2957-d96a-4be2-a517-feb2d1b3cd2f" name="Rajani@RAJANI-DELL 2013-07-04 22:20:08" runUser="Rajani-Dell\Rajani" xmlns="http://microsoft.com/schemas/VisualStudio/TeamTest/2010">
  <TestSettings name="Default Test Settings" id="3b0fa2e1-2c35-4836-a664-e3965dfdf750">
    <Deployment runDeploymentRoot="Rajani_RAJANI-DELL 2013-07-04 22_20_08">
      <DeploymentItem filename="E:\Rajani\PayPal\Git Clone\sdk-core-dotnet\Source\packages\log4net.2.0.0\lib\net40-full\log4net.dll" />
      <DeploymentItem filename="E:\Rajani\PayPal\Git Clone\sdk-core-dotnet\Source\packages\Newtonsoft.Json.5.0.6\lib\net40\Newtonsoft.Json.dll" />
      <DeploymentItem filename="E:\Rajani\PayPal\Git Clone\sdk-core-dotnet\Build\bin\Debug\.NET Framework 4.0\PayPalCoreSDK.dll" />
    </Deployment>
    <Execution>
      <TestTypeSpecific />
      <AgentRule name="Execution Agents">
      </AgentRule>
    </Execution>
  </TestSettings>
  <Times creation="2013-07-04T22:20:08.8858818+05:30" queuing="2013-07-04T22:20:09.2512949+05:30" start="2013-07-04T22:20:09.3136950+05:30" finish="2013-07-04T22:20:29.5937306+05:30" />
  <ResultSummary outcome="Completed">
    <Counters total="69" executed="69" passed="69" error="0" failed="0" timeout="0" aborted="0" inconclusive="0" passedButRunAborted="0" notRunnable="0" notExecuted="0" disconnected="0" warning="0" completed="0" inProgress="0" pending="0" />
  </ResultSummary>
  <TestDefinitions>
    <UnitTest name="GetHeaderMapWithSignatureWithTokenTest" storage="e:\rajani\paypal\git clone\sdk-core-dotnet\source\bin\debug\paypalcoresdkvs2010unittest.dll" id="77bb7902-f8e7-7e72-0192-099d81008c76">
      <Execution id="ba6cbcc1-db29-493d-bda9-40f21c72ea76" />
      <TestMethod codeBase="E:/Rajani/PayPal/Git Clone/sdk-core-dotnet/Source/bin/Debug/PayPalCoreSDKVS2010UnitTest.DLL" adapterTypeName="Microsoft.VisualStudio.TestTools.TestTypes.Unit.UnitTestAdapter, Microsoft.VisualStudio.QualityTools.Tips.UnitTest.Adapter, Version=10.0.0.0, Culture=neutral, PublicKeyToken=b03f5f7f11d50a3a" className="PayPal.UnitTest.PlatformAPICallPreHandlerTest, PayPalCoreSDKVS2010UnitTest, Version=0.0.0.0, Culture=neutral, PublicKeyToken=null" name="GetHeaderMapWithSignatureWithTokenTest" />
    </UnitTest>
    <UnitTest name="MakeRequestUsingNVPCertificateCredential" storage="e:\rajani\paypal\git clone\sdk-core-dotnet\source\bin\debug\paypalcoresdkvs2010unittest.dll" id="51a0f6d8-018d-edb9-782c-85a06a3d4c01">
      <Execution id="40b53699-4044-4998-a8f2-d2879b3d01b0" />
      <TestMethod codeBase="E:/Rajani/PayPal/Git Clone/sdk-core-dotnet/Source/bin/Debug/PayPalCoreSDKVS2010UnitTest.DLL" adapterTypeName="Microsoft.VisualStudio.TestTools.TestTypes.Unit.UnitTestAdapter, Microsoft.VisualStudio.QualityTools.Tips.UnitTest.Adapter, Version=10.0.0.0, Culture=neutral, PublicKeyToken=b03f5f7f11d50a3a" className="PayPal.UnitTest.APIServiceTest, PayPalCoreSDKVS2010UnitTest, Version=0.0.0.0, Culture=neutral, PublicKeyToken=null" name="MakeRequestUsingNVPCertificateCredential" />
    </UnitTest>
    <UnitTest name="CertificateCredentialArgumentException" storage="e:\rajani\paypal\git clone\sdk-core-dotnet\source\bin\debug\paypalcoresdkvs2010unittest.dll" id="8c8149cf-4f29-ef20-0263-4f511eccad1d">
      <Execution id="7ac4355c-0bf6-42b2-a48e-01a3831dc1b8" />
      <TestMethod codeBase="E:/Rajani/PayPal/Git Clone/sdk-core-dotnet/Source/bin/Debug/PayPalCoreSDKVS2010UnitTest.DLL" adapterTypeName="Microsoft.VisualStudio.TestTools.TestTypes.Unit.UnitTestAdapter, Microsoft.VisualStudio.QualityTools.Tips.UnitTest.Adapter, Version=10.0.0.0, Culture=neutral, PublicKeyToken=b03f5f7f11d50a3a" className="PayPal.UnitTest.CertificateCredentialTest, PayPalCoreSDKVS2010UnitTest, Version=0.0.0.0, Culture=neutral, PublicKeyToken=null" name="CertificateCredentialArgumentException" />
    </UnitTest>
    <UnitTest name="HeaderElement" storage="e:\rajani\paypal\git clone\sdk-core-dotnet\source\bin\debug\paypalcoresdkvs2010unittest.dll" id="0e7ea404-5965-91e3-d56b-bc4229080c55">
      <Execution id="8de2b4c5-ab4e-4e76-af5b-5a73719c17f1" />
      <TestMethod codeBase="E:/Rajani/PayPal/Git Clone/sdk-core-dotnet/Source/bin/Debug/PayPalCoreSDKVS2010UnitTest.DLL" adapterTypeName="Microsoft.VisualStudio.TestTools.TestTypes.Unit.UnitTestAdapter, Microsoft.VisualStudio.QualityTools.Tips.UnitTest.Adapter, Version=10.0.0.0, Culture=neutral, PublicKeyToken=b03f5f7f11d50a3a" className="DefaultSOAPAPICallHandlerTest, PayPalCoreSDKVS2010UnitTest, Version=0.0.0.0, Culture=neutral, PublicKeyToken=null" name="HeaderElement" />
    </UnitTest>
    <UnitTest name="GetEndpointForSandboxMode" storage="e:\rajani\paypal\git clone\sdk-core-dotnet\source\bin\debug\paypalcoresdkvs2010unittest.dll" id="2dc1f09c-6d9e-6f50-8bf5-6d147d0bb20a">
      <Execution id="05b1c652-ac09-4cc8-b353-430d614e3a4c" />
      <TestMethod codeBase="E:/Rajani/PayPal/Git Clone/sdk-core-dotnet/Source/bin/Debug/PayPalCoreSDKVS2010UnitTest.DLL" adapterTypeName="Microsoft.VisualStudio.TestTools.TestTypes.Unit.UnitTestAdapter, Microsoft.VisualStudio.QualityTools.Tips.UnitTest.Adapter, Version=10.0.0.0, Culture=neutral, PublicKeyToken=b03f5f7f11d50a3a" className="PayPal.UnitTest.MerchantAPICallPreHandlerTest, PayPalCoreSDKVS2010UnitTest, Version=0.0.0.0, Culture=neutral, PublicKeyToken=null" name="GetEndpointForSandboxMode" />
    </UnitTest>
    <UnitTest name="Signature" storage="e:\rajani\paypal\git clone\sdk-core-dotnet\source\bin\debug\paypalcoresdkvs2010unittest.dll" id="ad7b5f1e-df33-c889-8a51-646472f39511">
      <Execution id="f9eebdeb-115c-4fa4-a284-939274d3bec9" />
      <TestMethod codeBase="E:/Rajani/PayPal/Git Clone/sdk-core-dotnet/Source/bin/Debug/PayPalCoreSDKVS2010UnitTest.DLL" adapterTypeName="Microsoft.VisualStudio.TestTools.TestTypes.Unit.UnitTestAdapter, Microsoft.VisualStudio.QualityTools.Tips.UnitTest.Adapter, Version=10.0.0.0, Culture=neutral, PublicKeyToken=b03f5f7f11d50a3a" className="PayPal.UnitTest.SignatureCredentialTest, PayPalCoreSDKVS2010UnitTest, Version=0.0.0.0, Culture=neutral, PublicKeyToken=null" name="Signature" />
    </UnitTest>
    <UnitTest name="GetPayloadForEmptyRawPayload" storage="e:\rajani\paypal\git clone\sdk-core-dotnet\source\bin\debug\paypalcoresdkvs2010unittest.dll" id="b82c0a01-6348-0b0d-3074-80bfc49721c7">
      <Execution id="8a68bc26-3f18-4d9f-ac2f-65e39053dfa8" />
      <TestMethod codeBase="E:/Rajani/PayPal/Git Clone/sdk-core-dotnet/Source/bin/Debug/PayPalCoreSDKVS2010UnitTest.DLL" adapterTypeName="Microsoft.VisualStudio.TestTools.TestTypes.Unit.UnitTestAdapter, Microsoft.VisualStudio.QualityTools.Tips.UnitTest.Adapter, Version=10.0.0.0, Culture=neutral, PublicKeyToken=b03f5f7f11d50a3a" className="DefaultSOAPAPICallHandlerTest, PayPalCoreSDKVS2010UnitTest, Version=0.0.0.0, Culture=neutral, PublicKeyToken=null" name="GetPayloadForEmptyRawPayload" />
    </UnitTest>
    <UnitTest name="ApplicationId" storage="e:\rajani\paypal\git clone\sdk-core-dotnet\source\bin\debug\paypalcoresdkvs2010unittest.dll" id="3debe0f0-9548-0c8a-e292-9a19990a7b81">
      <Execution id="9eb390c6-e849-4e33-a790-0686d0f450d6" />
      <TestMethod codeBase="E:/Rajani/PayPal/Git Clone/sdk-core-dotnet/Source/bin/Debug/PayPalCoreSDKVS2010UnitTest.DLL" adapterTypeName="Microsoft.VisualStudio.TestTools.TestTypes.Unit.UnitTestAdapter, Microsoft.VisualStudio.QualityTools.Tips.UnitTest.Adapter, Version=10.0.0.0, Culture=neutral, PublicKeyToken=b03f5f7f11d50a3a" className="PayPal.UnitTest.CertificateCredentialTest, PayPalCoreSDKVS2010UnitTest, Version=0.0.0.0, Culture=neutral, PublicKeyToken=null" name="ApplicationId" />
    </UnitTest>
    <UnitTest name="GetPayloadForCertificate" storage="e:\rajani\paypal\git clone\sdk-core-dotnet\source\bin\debug\paypalcoresdkvs2010unittest.dll" id="2593818b-e2d2-ddc3-f3f8-ac08a56a5fce">
      <Execution id="9d75cfa1-9e5e-4f93-b5b1-8ac2512f5d93" />
      <TestMethod codeBase="E:/Rajani/PayPal/Git Clone/sdk-core-dotnet/Source/bin/Debug/PayPalCoreSDKVS2010UnitTest.DLL" adapterTypeName="Microsoft.VisualStudio.TestTools.TestTypes.Unit.UnitTestAdapter, Microsoft.VisualStudio.QualityTools.Tips.UnitTest.Adapter, Version=10.0.0.0, Culture=neutral, PublicKeyToken=b03f5f7f11d50a3a" className="PayPal.UnitTest.MerchantAPICallPreHandlerTest, PayPalCoreSDKVS2010UnitTest, Version=0.0.0.0, Culture=neutral, PublicKeyToken=null" name="GetPayloadForCertificate" />
    </UnitTest>
    <UnitTest name="IPNParameter" storage="e:\rajani\paypal\git clone\sdk-core-dotnet\source\bin\debug\paypalcoresdkvs2010unittest.dll" id="d9e48648-31c1-b746-64ae-9a4f30e4173a">
      <Execution id="106ab491-b54f-4455-ade8-de873304d9ec" />
      <TestMethod codeBase="E:/Rajani/PayPal/Git Clone/sdk-core-dotnet/Source/bin/Debug/PayPalCoreSDKVS2010UnitTest.DLL" adapterTypeName="Microsoft.VisualStudio.TestTools.TestTypes.Unit.UnitTestAdapter, Microsoft.VisualStudio.QualityTools.Tips.UnitTest.Adapter, Version=10.0.0.0, Culture=neutral, PublicKeyToken=b03f5f7f11d50a3a" className="PayPal.UnitTest.IPNMessageTest, PayPalCoreSDKVS2010UnitTest, Version=0.0.0.0, Culture=neutral, PublicKeyToken=null" name="IPNParameter" />
    </UnitTest>
    <UnitTest name="GenerateHeaderStrategy" storage="e:\rajani\paypal\git clone\sdk-core-dotnet\source\bin\debug\paypalcoresdkvs2010unittest.dll" id="32086c90-2297-d13b-edac-bc792ccb6381">
      <Execution id="fddeadc4-05e5-411f-86a5-64b9248c1f4a" />
      <TestMethod codeBase="E:/Rajani/PayPal/Git Clone/sdk-core-dotnet/Source/bin/Debug/PayPalCoreSDKVS2010UnitTest.DLL" adapterTypeName="Microsoft.VisualStudio.TestTools.TestTypes.Unit.UnitTestAdapter, Microsoft.VisualStudio.QualityTools.Tips.UnitTest.Adapter, Version=10.0.0.0, Culture=neutral, PublicKeyToken=b03f5f7f11d50a3a" className="PayPal.UnitTest.SignatureSOAPHeaderAuthStrategyTest, PayPalCoreSDKVS2010UnitTest, Version=0.0.0.0, Culture=neutral, PublicKeyToken=null" name="GenerateHeaderStrategy" />
    </UnitTest>
    <UnitTest name="GenerateHeaderStrategyWithoutToken" storage="e:\rajani\paypal\git clone\sdk-core-dotnet\source\bin\debug\paypalcoresdkvs2010unittest.dll" id="8121e133-a55b-38f2-bdee-b852fb5db8d9">
      <Execution id="ddbebada-ff00-4f80-9afd-9c58cfc56e02" />
      <TestMethod codeBase="E:/Rajani/PayPal/Git Clone/sdk-core-dotnet/Source/bin/Debug/PayPalCoreSDKVS2010UnitTest.DLL" adapterTypeName="Microsoft.VisualStudio.TestTools.TestTypes.Unit.UnitTestAdapter, Microsoft.VisualStudio.QualityTools.Tips.UnitTest.Adapter, Version=10.0.0.0, Culture=neutral, PublicKeyToken=b03f5f7f11d50a3a" className="PayPal.UnitTest.SignatureHttpHeaderAuthStrategyNVPTest, PayPalCoreSDKVS2010UnitTest, Version=0.0.0.0, Culture=neutral, PublicKeyToken=null" name="GenerateHeaderStrategyWithoutToken" />
    </UnitTest>
    <UnitTest name="GenerateHeaderStrategy" storage="e:\rajani\paypal\git clone\sdk-core-dotnet\source\bin\debug\paypalcoresdkvs2010unittest.dll" id="43f89219-873a-d4e4-932f-f3e6da53ba9e">
      <Execution id="b25a9de2-a969-4313-a826-8208b119171f" />
      <TestMethod codeBase="E:/Rajani/PayPal/Git Clone/sdk-core-dotnet/Source/bin/Debug/PayPalCoreSDKVS2010UnitTest.DLL" adapterTypeName="Microsoft.VisualStudio.TestTools.TestTypes.Unit.UnitTestAdapter, Microsoft.VisualStudio.QualityTools.Tips.UnitTest.Adapter, Version=10.0.0.0, Culture=neutral, PublicKeyToken=b03f5f7f11d50a3a" className="PayPal.UnitTest.CertificateSOAPHeaderAuthStrategyTest, PayPalCoreSDKVS2010UnitTest, Version=0.0.0.0, Culture=neutral, PublicKeyToken=null" name="GenerateHeaderStrategy" />
    </UnitTest>
    <UnitTest name="RetrieveValidProperty" storage="e:\rajani\paypal\git clone\sdk-core-dotnet\source\bin\debug\paypalcoresdkvs2010unittest.dll" id="0c8638f5-b6f3-84b2-8d37-345390773337">
      <Execution id="a55d44f5-1ccb-4640-a31a-58a01665b97a" />
      <TestMethod codeBase="E:/Rajani/PayPal/Git Clone/sdk-core-dotnet/Source/bin/Debug/PayPalCoreSDKVS2010UnitTest.DLL" adapterTypeName="Microsoft.VisualStudio.TestTools.TestTypes.Unit.UnitTestAdapter, Microsoft.VisualStudio.QualityTools.Tips.UnitTest.Adapter, Version=10.0.0.0, Culture=neutral, PublicKeyToken=b03f5f7f11d50a3a" className="PayPal.UnitTest.ConfigManagerTest, PayPalCoreSDKVS2010UnitTest, Version=0.0.0.0, Culture=neutral, PublicKeyToken=null" name="RetrieveValidProperty" />
    </UnitTest>
    <UnitTest name="SDKVersion" storage="e:\rajani\paypal\git clone\sdk-core-dotnet\source\bin\debug\paypalcoresdkvs2010unittest.dll" id="d66e8981-6174-d7bd-5c67-ab31bbddb411">
      <Execution id="f47c6048-d754-47c2-8e50-345315c82751" />
      <TestMethod codeBase="E:/Rajani/PayPal/Git Clone/sdk-core-dotnet/Source/bin/Debug/PayPalCoreSDKVS2010UnitTest.DLL" adapterTypeName="Microsoft.VisualStudio.TestTools.TestTypes.Unit.UnitTestAdapter, Microsoft.VisualStudio.QualityTools.Tips.UnitTest.Adapter, Version=10.0.0.0, Culture=neutral, PublicKeyToken=b03f5f7f11d50a3a" className="PayPal.UnitTest.MerchantAPICallPreHandlerTest, PayPalCoreSDKVS2010UnitTest, Version=0.0.0.0, Culture=neutral, PublicKeyToken=null" name="SDKVersion" />
    </UnitTest>
    <UnitTest name="ThirdPartyAuthorization" storage="e:\rajani\paypal\git clone\sdk-core-dotnet\source\bin\debug\paypalcoresdkvs2010unittest.dll" id="ba574c0e-c31c-02c0-fdd0-34ae602c50c5">
      <Execution id="671b093e-670b-4358-99d6-d2fb4fe1e4f0" />
      <TestMethod codeBase="E:/Rajani/PayPal/Git Clone/sdk-core-dotnet/Source/bin/Debug/PayPalCoreSDKVS2010UnitTest.DLL" adapterTypeName="Microsoft.VisualStudio.TestTools.TestTypes.Unit.UnitTestAdapter, Microsoft.VisualStudio.QualityTools.Tips.UnitTest.Adapter, Version=10.0.0.0, Culture=neutral, PublicKeyToken=b03f5f7f11d50a3a" className="PayPal.UnitTest.SignatureSOAPHeaderAuthStrategyTest, PayPalCoreSDKVS2010UnitTest, Version=0.0.0.0, Culture=neutral, PublicKeyToken=null" name="ThirdPartyAuthorization" />
    </UnitTest>
    <UnitTest name="GetEndpoint" storage="e:\rajani\paypal\git clone\sdk-core-dotnet\source\bin\debug\paypalcoresdkvs2010unittest.dll" id="360227c8-b3b3-53c3-f17b-10e9be9145ed">
      <Execution id="b41b432a-5ce0-46ef-a31f-dbc844516b74" />
      <TestMethod codeBase="E:/Rajani/PayPal/Git Clone/sdk-core-dotnet/Source/bin/Debug/PayPalCoreSDKVS2010UnitTest.DLL" adapterTypeName="Microsoft.VisualStudio.TestTools.TestTypes.Unit.UnitTestAdapter, Microsoft.VisualStudio.QualityTools.Tips.UnitTest.Adapter, Version=10.0.0.0, Culture=neutral, PublicKeyToken=b03f5f7f11d50a3a" className="PayPal.UnitTest.MerchantAPICallPreHandlerTest, PayPalCoreSDKVS2010UnitTest, Version=0.0.0.0, Culture=neutral, PublicKeyToken=null" name="GetEndpoint" />
    </UnitTest>
    <UnitTest name="GenerateHeaderStrategyThirdPartyAuthorization" storage="e:\rajani\paypal\git clone\sdk-core-dotnet\source\bin\debug\paypalcoresdkvs2010unittest.dll" id="4371c8b1-6570-8875-64c7-c5902de61313">
      <Execution id="d6033abd-b1da-4e24-b979-979593394535" />
      <TestMethod codeBase="E:/Rajani/PayPal/Git Clone/sdk-core-dotnet/Source/bin/Debug/PayPalCoreSDKVS2010UnitTest.DLL" adapterTypeName="Microsoft.VisualStudio.TestTools.TestTypes.Unit.UnitTestAdapter, Microsoft.VisualStudio.QualityTools.Tips.UnitTest.Adapter, Version=10.0.0.0, Culture=neutral, PublicKeyToken=b03f5f7f11d50a3a" className="PayPal.UnitTest.CertificateSOAPHeaderAuthStrategyTest, PayPalCoreSDKVS2010UnitTest, Version=0.0.0.0, Culture=neutral, PublicKeyToken=null" name="GenerateHeaderStrategyThirdPartyAuthorization" />
    </UnitTest>
    <UnitTest name="GetHeaderMapSignature" storage="e:\rajani\paypal\git clone\sdk-core-dotnet\source\bin\debug\paypalcoresdkvs2010unittest.dll" id="4a34cd43-779a-3873-9741-ad4b15783f13">
      <Execution id="90716ba3-7e59-4845-a417-89bee5a374b9" />
      <TestMethod codeBase="E:/Rajani/PayPal/Git Clone/sdk-core-dotnet/Source/bin/Debug/PayPalCoreSDKVS2010UnitTest.DLL" adapterTypeName="Microsoft.VisualStudio.TestTools.TestTypes.Unit.UnitTestAdapter, Microsoft.VisualStudio.QualityTools.Tips.UnitTest.Adapter, Version=10.0.0.0, Culture=neutral, PublicKeyToken=b03f5f7f11d50a3a" className="PayPal.UnitTest.MerchantAPICallPreHandlerTest, PayPalCoreSDKVS2010UnitTest, Version=0.0.0.0, Culture=neutral, PublicKeyToken=null" name="GetHeaderMapSignature" />
    </UnitTest>
    <UnitTest name="UserName" storage="e:\rajani\paypal\git clone\sdk-core-dotnet\source\bin\debug\paypalcoresdkvs2010unittest.dll" id="f83c555f-36d7-6fc6-204f-0b431d3e6256">
      <Execution id="017fe4e7-10db-4841-95fb-4a2e19bd7f41" />
      <TestMethod codeBase="E:/Rajani/PayPal/Git Clone/sdk-core-dotnet/Source/bin/Debug/PayPalCoreSDKVS2010UnitTest.DLL" adapterTypeName="Microsoft.VisualStudio.TestTools.TestTypes.Unit.UnitTestAdapter, Microsoft.VisualStudio.QualityTools.Tips.UnitTest.Adapter, Version=10.0.0.0, Culture=neutral, PublicKeyToken=b03f5f7f11d50a3a" className="PayPal.UnitTest.CertificateCredentialTest, PayPalCoreSDKVS2010UnitTest, Version=0.0.0.0, Culture=neutral, PublicKeyToken=null" name="UserName" />
    </UnitTest>
    <UnitTest name="GetHeaderMapSignatureWithoutTokenTest" storage="e:\rajani\paypal\git clone\sdk-core-dotnet\source\bin\debug\paypalcoresdkvs2010unittest.dll" id="b1bbd99b-fd4c-7a83-0818-a20cd1151071">
      <Execution id="ad773a5a-a53e-4a3f-a691-195d3ce22229" />
      <TestMethod codeBase="E:/Rajani/PayPal/Git Clone/sdk-core-dotnet/Source/bin/Debug/PayPalCoreSDKVS2010UnitTest.DLL" adapterTypeName="Microsoft.VisualStudio.TestTools.TestTypes.Unit.UnitTestAdapter, Microsoft.VisualStudio.QualityTools.Tips.UnitTest.Adapter, Version=10.0.0.0, Culture=neutral, PublicKeyToken=b03f5f7f11d50a3a" className="PayPal.UnitTest.PlatformAPICallPreHandlerTest, PayPalCoreSDKVS2010UnitTest, Version=0.0.0.0, Culture=neutral, PublicKeyToken=null" name="GetHeaderMapSignatureWithoutTokenTest" />
    </UnitTest>
    <UnitTest name="ThirdPartyAuthorizationTestForToken" storage="e:\rajani\paypal\git clone\sdk-core-dotnet\source\bin\debug\paypalcoresdkvs2010unittest.dll" id="f49bbde9-e106-1688-94e7-5004e767b638">
      <Execution id="d2be2592-2330-4370-8e72-a8612861b39d" />
      <TestMethod codeBase="E:/Rajani/PayPal/Git Clone/sdk-core-dotnet/Source/bin/Debug/PayPalCoreSDKVS2010UnitTest.DLL" adapterTypeName="Microsoft.VisualStudio.TestTools.TestTypes.Unit.UnitTestAdapter, Microsoft.VisualStudio.QualityTools.Tips.UnitTest.Adapter, Version=10.0.0.0, Culture=neutral, PublicKeyToken=b03f5f7f11d50a3a" className="PayPal.UnitTest.CertificateCredentialTest, PayPalCoreSDKVS2010UnitTest, Version=0.0.0.0, Culture=neutral, PublicKeyToken=null" name="ThirdPartyAuthorizationTestForToken" />
    </UnitTest>
    <UnitTest name="SignatureCredentialArgumentException" storage="e:\rajani\paypal\git clone\sdk-core-dotnet\source\bin\debug\paypalcoresdkvs2010unittest.dll" id="849291fd-dbf2-9053-4590-1c080e50199c">
      <Execution id="1b660d04-822e-46d0-a6ce-625f6558a855" />
      <TestMethod codeBase="E:/Rajani/PayPal/Git Clone/sdk-core-dotnet/Source/bin/Debug/PayPalCoreSDKVS2010UnitTest.DLL" adapterTypeName="Microsoft.VisualStudio.TestTools.TestTypes.Unit.UnitTestAdapter, Microsoft.VisualStudio.QualityTools.Tips.UnitTest.Adapter, Version=10.0.0.0, Culture=neutral, PublicKeyToken=b03f5f7f11d50a3a" className="PayPal.UnitTest.SignatureCredentialTest, PayPalCoreSDKVS2010UnitTest, Version=0.0.0.0, Culture=neutral, PublicKeyToken=null" name="SignatureCredentialArgumentException" />
    </UnitTest>
    <UnitTest name="IPNMap" storage="e:\rajani\paypal\git clone\sdk-core-dotnet\source\bin\debug\paypalcoresdkvs2010unittest.dll" id="6686bde7-e043-f95c-5df6-13053f7201bf">
      <Execution id="59fb131f-eb26-497e-9d25-35c09362a633" />
      <TestMethod codeBase="E:/Rajani/PayPal/Git Clone/sdk-core-dotnet/Source/bin/Debug/PayPalCoreSDKVS2010UnitTest.DLL" adapterTypeName="Microsoft.VisualStudio.TestTools.TestTypes.Unit.UnitTestAdapter, Microsoft.VisualStudio.QualityTools.Tips.UnitTest.Adapter, Version=10.0.0.0, Culture=neutral, PublicKeyToken=b03f5f7f11d50a3a" className="PayPal.UnitTest.IPNMessageTest, PayPalCoreSDKVS2010UnitTest, Version=0.0.0.0, Culture=neutral, PublicKeyToken=null" name="IPNMap" />
    </UnitTest>
    <UnitTest name="GenerateHeaderStrategyWithoutToken" storage="e:\rajani\paypal\git clone\sdk-core-dotnet\source\bin\debug\paypalcoresdkvs2010unittest.dll" id="86b8d6ce-a9d6-d7ca-d9f0-fcaadae3f83a">
      <Execution id="b791d4a9-d5fe-4391-af37-b8672e52157b" />
      <TestMethod codeBase="E:/Rajani/PayPal/Git Clone/sdk-core-dotnet/Source/bin/Debug/PayPalCoreSDKVS2010UnitTest.DLL" adapterTypeName="Microsoft.VisualStudio.TestTools.TestTypes.Unit.UnitTestAdapter, Microsoft.VisualStudio.QualityTools.Tips.UnitTest.Adapter, Version=10.0.0.0, Culture=neutral, PublicKeyToken=b03f5f7f11d50a3a" className="PayPal.UnitTest.SignatureHttpHeaderAuthStrategyTest, PayPalCoreSDKVS2010UnitTest, Version=0.0.0.0, Culture=neutral, PublicKeyToken=null" name="GenerateHeaderStrategyWithoutToken" />
    </UnitTest>
    <UnitTest name="GetEndpointForSandboxMode" storage="e:\rajani\paypal\git clone\sdk-core-dotnet\source\bin\debug\paypalcoresdkvs2010unittest.dll" id="a974f3a8-6a32-4122-4c75-119dc2d894fc">
      <Execution id="c35c23a9-b829-4421-aa03-345dcdc27160" />
      <TestMethod codeBase="E:/Rajani/PayPal/Git Clone/sdk-core-dotnet/Source/bin/Debug/PayPalCoreSDKVS2010UnitTest.DLL" adapterTypeName="Microsoft.VisualStudio.TestTools.TestTypes.Unit.UnitTestAdapter, Microsoft.VisualStudio.QualityTools.Tips.UnitTest.Adapter, Version=10.0.0.0, Culture=neutral, PublicKeyToken=b03f5f7f11d50a3a" className="PayPal.UnitTest.PlatformAPICallPreHandlerTest, PayPalCoreSDKVS2010UnitTest, Version=0.0.0.0, Culture=neutral, PublicKeyToken=null" name="GetEndpointForSandboxMode" />
    </UnitTest>
    <UnitTest name="IPNParseQueryString" storage="e:\rajani\paypal\git clone\sdk-core-dotnet\source\bin\debug\paypalcoresdkvs2010unittest.dll" id="2abfaedc-7c64-e015-e8dd-5f7b4c6933b1">
      <Execution id="5bf237ad-4269-4ffc-8679-fd7b0e25608b" />
      <TestMethod codeBase="E:/Rajani/PayPal/Git Clone/sdk-core-dotnet/Source/bin/Debug/PayPalCoreSDKVS2010UnitTest.DLL" adapterTypeName="Microsoft.VisualStudio.TestTools.TestTypes.Unit.UnitTestAdapter, Microsoft.VisualStudio.QualityTools.Tips.UnitTest.Adapter, Version=10.0.0.0, Culture=neutral, PublicKeyToken=b03f5f7f11d50a3a" className="PayPal.UnitTest.IPNMessageTest, PayPalCoreSDKVS2010UnitTest, Version=0.0.0.0, Culture=neutral, PublicKeyToken=null" name="IPNParseQueryString" />
    </UnitTest>
    <UnitTest name="GenerateHeaderStrategyThirdParty" storage="e:\rajani\paypal\git clone\sdk-core-dotnet\source\bin\debug\paypalcoresdkvs2010unittest.dll" id="afd10876-d152-de71-8d03-94d3fcb0b9d9">
      <Execution id="882cfd9a-ff66-42d2-9d7c-fe29727b0a4b" />
      <TestMethod codeBase="E:/Rajani/PayPal/Git Clone/sdk-core-dotnet/Source/bin/Debug/PayPalCoreSDKVS2010UnitTest.DLL" adapterTypeName="Microsoft.VisualStudio.TestTools.TestTypes.Unit.UnitTestAdapter, Microsoft.VisualStudio.QualityTools.Tips.UnitTest.Adapter, Version=10.0.0.0, Culture=neutral, PublicKeyToken=b03f5f7f11d50a3a" className="PayPal.UnitTest.SignatureSOAPHeaderAuthStrategyTest, PayPalCoreSDKVS2010UnitTest, Version=0.0.0.0, Culture=neutral, PublicKeyToken=null" name="GenerateHeaderStrategyThirdParty" />
    </UnitTest>
    <UnitTest name="ArgumentExceptionTest" storage="e:\rajani\paypal\git clone\sdk-core-dotnet\source\bin\debug\paypalcoresdkvs2010unittest.dll" id="22c2b40c-87b9-ba8a-0e02-57ab5813535d">
      <Execution id="31bb9906-1dc2-4702-80c6-42614b617910" />
      <TestMethod codeBase="E:/Rajani/PayPal/Git Clone/sdk-core-dotnet/Source/bin/Debug/PayPalCoreSDKVS2010UnitTest.DLL" adapterTypeName="Microsoft.VisualStudio.TestTools.TestTypes.Unit.UnitTestAdapter, Microsoft.VisualStudio.QualityTools.Tips.UnitTest.Adapter, Version=10.0.0.0, Culture=neutral, PublicKeyToken=b03f5f7f11d50a3a" className="PayPal.UnitTest.SubjectAuthorizationTest, PayPalCoreSDKVS2010UnitTest, Version=0.0.0.0, Culture=neutral, PublicKeyToken=null" name="ArgumentExceptionTest" />
    </UnitTest>
    <UnitTest name="GetHeaderMapCertificate" storage="e:\rajani\paypal\git clone\sdk-core-dotnet\source\bin\debug\paypalcoresdkvs2010unittest.dll" id="44c13ad8-a113-f858-6621-7d9c003d082b">
      <Execution id="6344d3c8-7e9c-4f6b-918c-e1ee78fac13b" />
      <TestMethod codeBase="E:/Rajani/PayPal/Git Clone/sdk-core-dotnet/Source/bin/Debug/PayPalCoreSDKVS2010UnitTest.DLL" adapterTypeName="Microsoft.VisualStudio.TestTools.TestTypes.Unit.UnitTestAdapter, Microsoft.VisualStudio.QualityTools.Tips.UnitTest.Adapter, Version=10.0.0.0, Culture=neutral, PublicKeyToken=b03f5f7f11d50a3a" className="PayPal.UnitTest.MerchantAPICallPreHandlerTest, PayPalCoreSDKVS2010UnitTest, Version=0.0.0.0, Culture=neutral, PublicKeyToken=null" name="GetHeaderMapCertificate" />
    </UnitTest>
    <UnitTest name="SetAndGetThirdPartyAuthorizationForSubject" storage="e:\rajani\paypal\git clone\sdk-core-dotnet\source\bin\debug\paypalcoresdkvs2010unittest.dll" id="31141959-214a-c2a5-f514-73c541acd1e5">
      <Execution id="49811f8e-bb28-4825-8c37-b5d7796944b1" />
      <TestMethod codeBase="E:/Rajani/PayPal/Git Clone/sdk-core-dotnet/Source/bin/Debug/PayPalCoreSDKVS2010UnitTest.DLL" adapterTypeName="Microsoft.VisualStudio.TestTools.TestTypes.Unit.UnitTestAdapter, Microsoft.VisualStudio.QualityTools.Tips.UnitTest.Adapter, Version=10.0.0.0, Culture=neutral, PublicKeyToken=b03f5f7f11d50a3a" className="PayPal.UnitTest.CertificateCredentialTest, PayPalCoreSDKVS2010UnitTest, Version=0.0.0.0, Culture=neutral, PublicKeyToken=null" name="SetAndGetThirdPartyAuthorizationForSubject" />
    </UnitTest>
    <UnitTest name="ArgumentExceptionTest" storage="e:\rajani\paypal\git clone\sdk-core-dotnet\source\bin\debug\paypalcoresdkvs2010unittest.dll" id="2a2ebe17-bc2f-f457-303e-2d61f5a8c8a6">
      <Execution id="bd635e3f-81a2-4019-98cc-303fedd02130" />
      <TestMethod codeBase="E:/Rajani/PayPal/Git Clone/sdk-core-dotnet/Source/bin/Debug/PayPalCoreSDKVS2010UnitTest.DLL" adapterTypeName="Microsoft.VisualStudio.TestTools.TestTypes.Unit.UnitTestAdapter, Microsoft.VisualStudio.QualityTools.Tips.UnitTest.Adapter, Version=10.0.0.0, Culture=neutral, PublicKeyToken=b03f5f7f11d50a3a" className="PayPal.UnitTest.TokenAuthorizationTest, PayPalCoreSDKVS2010UnitTest, Version=0.0.0.0, Culture=neutral, PublicKeyToken=null" name="ArgumentExceptionTest" />
    </UnitTest>
    <UnitTest name="IPNRequest" storage="e:\rajani\paypal\git clone\sdk-core-dotnet\source\bin\debug\paypalcoresdkvs2010unittest.dll" id="ab244521-c0ce-a66d-3a1b-b3a528577bd9">
      <Execution id="b8246a0f-e8dd-44d2-ba10-74237f6df855" />
      <TestMethod codeBase="E:/Rajani/PayPal/Git Clone/sdk-core-dotnet/Source/bin/Debug/PayPalCoreSDKVS2010UnitTest.DLL" adapterTypeName="Microsoft.VisualStudio.TestTools.TestTypes.Unit.UnitTestAdapter, Microsoft.VisualStudio.QualityTools.Tips.UnitTest.Adapter, Version=10.0.0.0, Culture=neutral, PublicKeyToken=b03f5f7f11d50a3a" className="PayPal.UnitTest.IPNMessageTest, PayPalCoreSDKVS2010UnitTest, Version=0.0.0.0, Culture=neutral, PublicKeyToken=null" name="IPNRequest" />
    </UnitTest>
    <UnitTest name="GetEndpointForLiveMode" storage="e:\rajani\paypal\git clone\sdk-core-dotnet\source\bin\debug\paypalcoresdkvs2010unittest.dll" id="8039e7ef-2413-d5f9-a378-e992a134ce20">
      <Execution id="75a7f418-e135-4e4a-b3a7-7e9b39c47211" />
      <TestMethod codeBase="E:/Rajani/PayPal/Git Clone/sdk-core-dotnet/Source/bin/Debug/PayPalCoreSDKVS2010UnitTest.DLL" adapterTypeName="Microsoft.VisualStudio.TestTools.TestTypes.Unit.UnitTestAdapter, Microsoft.VisualStudio.QualityTools.Tips.UnitTest.Adapter, Version=10.0.0.0, Culture=neutral, PublicKeyToken=b03f5f7f11d50a3a" className="PayPal.UnitTest.PlatformAPICallPreHandlerTest, PayPalCoreSDKVS2010UnitTest, Version=0.0.0.0, Culture=neutral, PublicKeyToken=null" name="GetEndpointForLiveMode" />
    </UnitTest>
    <UnitTest name="LoadCertificateCredential" storage="e:\rajani\paypal\git clone\sdk-core-dotnet\source\bin\debug\paypalcoresdkvs2010unittest.dll" id="22049feb-5af3-76e6-361c-fcd2502ea00f">
      <Execution id="3af7f377-c04c-4558-87bb-fcbe96adddba" />
      <TestMethod codeBase="E:/Rajani/PayPal/Git Clone/sdk-core-dotnet/Source/bin/Debug/PayPalCoreSDKVS2010UnitTest.DLL" adapterTypeName="Microsoft.VisualStudio.TestTools.TestTypes.Unit.UnitTestAdapter, Microsoft.VisualStudio.QualityTools.Tips.UnitTest.Adapter, Version=10.0.0.0, Culture=neutral, PublicKeyToken=b03f5f7f11d50a3a" className="PayPal.UnitTest.CredentialManagerTest, PayPalCoreSDKVS2010UnitTest, Version=0.0.0.0, Culture=neutral, PublicKeyToken=null" name="LoadCertificateCredential" />
    </UnitTest>
    <UnitTest name="GetEndpointForDefaultModeWithExplicitEndpoint" storage="e:\rajani\paypal\git clone\sdk-core-dotnet\source\bin\debug\paypalcoresdkvs2010unittest.dll" id="d6454c07-980e-1401-3a6e-b3391d90e6e3">
      <Execution id="86e07a58-9474-4394-aae0-51060ba1cdb3" />
      <TestMethod codeBase="E:/Rajani/PayPal/Git Clone/sdk-core-dotnet/Source/bin/Debug/PayPalCoreSDKVS2010UnitTest.DLL" adapterTypeName="Microsoft.VisualStudio.TestTools.TestTypes.Unit.UnitTestAdapter, Microsoft.VisualStudio.QualityTools.Tips.UnitTest.Adapter, Version=10.0.0.0, Culture=neutral, PublicKeyToken=b03f5f7f11d50a3a" className="PayPal.UnitTest.MerchantAPICallPreHandlerTest, PayPalCoreSDKVS2010UnitTest, Version=0.0.0.0, Culture=neutral, PublicKeyToken=null" name="GetEndpointForDefaultModeWithExplicitEndpoint" />
    </UnitTest>
    <UnitTest name="GenerateHeaderStrategyToken" storage="e:\rajani\paypal\git clone\sdk-core-dotnet\source\bin\debug\paypalcoresdkvs2010unittest.dll" id="a3cba41c-6d99-e3c7-1b61-c202eb1bdb41">
      <Execution id="5516ef30-00aa-4e90-b492-2deef697de8f" />
      <TestMethod codeBase="E:/Rajani/PayPal/Git Clone/sdk-core-dotnet/Source/bin/Debug/PayPalCoreSDKVS2010UnitTest.DLL" adapterTypeName="Microsoft.VisualStudio.TestTools.TestTypes.Unit.UnitTestAdapter, Microsoft.VisualStudio.QualityTools.Tips.UnitTest.Adapter, Version=10.0.0.0, Culture=neutral, PublicKeyToken=b03f5f7f11d50a3a" className="PayPal.UnitTest.SignatureSOAPHeaderAuthStrategyTest, PayPalCoreSDKVS2010UnitTest, Version=0.0.0.0, Culture=neutral, PublicKeyToken=null" name="GenerateHeaderStrategyToken" />
    </UnitTest>
    <UnitTest name="LoadCredentialForNonExistentAccount" storage="e:\rajani\paypal\git clone\sdk-core-dotnet\source\bin\debug\paypalcoresdkvs2010unittest.dll" id="f32bdffd-0eaf-8a22-eda8-e5f85b16bc58">
      <Execution id="c767c77f-b646-4574-becc-579e7f6b424f" />
      <TestMethod codeBase="E:/Rajani/PayPal/Git Clone/sdk-core-dotnet/Source/bin/Debug/PayPalCoreSDKVS2010UnitTest.DLL" adapterTypeName="Microsoft.VisualStudio.TestTools.TestTypes.Unit.UnitTestAdapter, Microsoft.VisualStudio.QualityTools.Tips.UnitTest.Adapter, Version=10.0.0.0, Culture=neutral, PublicKeyToken=b03f5f7f11d50a3a" className="PayPal.UnitTest.CredentialManagerTest, PayPalCoreSDKVS2010UnitTest, Version=0.0.0.0, Culture=neutral, PublicKeyToken=null" name="LoadCredentialForNonExistentAccount" />
    </UnitTest>
    <UnitTest name="GetEndpointForDefaultModeWithoutEndpoint" storage="e:\rajani\paypal\git clone\sdk-core-dotnet\source\bin\debug\paypalcoresdkvs2010unittest.dll" id="f4312309-94b2-506e-7166-cc6767750811">
      <Execution id="61860f97-2366-477c-bde2-5e29d28b93f9" />
      <TestMethod codeBase="E:/Rajani/PayPal/Git Clone/sdk-core-dotnet/Source/bin/Debug/PayPalCoreSDKVS2010UnitTest.DLL" adapterTypeName="Microsoft.VisualStudio.TestTools.TestTypes.Unit.UnitTestAdapter, Microsoft.VisualStudio.QualityTools.Tips.UnitTest.Adapter, Version=10.0.0.0, Culture=neutral, PublicKeyToken=b03f5f7f11d50a3a" className="PayPal.UnitTest.MerchantAPICallPreHandlerTest, PayPalCoreSDKVS2010UnitTest, Version=0.0.0.0, Culture=neutral, PublicKeyToken=null" name="GetEndpointForDefaultModeWithoutEndpoint" />
    </UnitTest>
    <UnitTest name="ApplicationId" storage="e:\rajani\paypal\git clone\sdk-core-dotnet\source\bin\debug\paypalcoresdkvs2010unittest.dll" id="87f27590-4836-6865-db8e-3f409c570f8b">
      <Execution id="088a2bb1-f9a2-4fe5-8b3f-138968d6eabd" />
      <TestMethod codeBase="E:/Rajani/PayPal/Git Clone/sdk-core-dotnet/Source/bin/Debug/PayPalCoreSDKVS2010UnitTest.DLL" adapterTypeName="Microsoft.VisualStudio.TestTools.TestTypes.Unit.UnitTestAdapter, Microsoft.VisualStudio.QualityTools.Tips.UnitTest.Adapter, Version=10.0.0.0, Culture=neutral, PublicKeyToken=b03f5f7f11d50a3a" className="PayPal.UnitTest.SignatureCredentialTest, PayPalCoreSDKVS2010UnitTest, Version=0.0.0.0, Culture=neutral, PublicKeyToken=null" name="ApplicationId" />
    </UnitTest>
    <UnitTest name="GenerateHeaderStrategyWithToken" storage="e:\rajani\paypal\git clone\sdk-core-dotnet\source\bin\debug\paypalcoresdkvs2010unittest.dll" id="cd054d14-161a-a13d-9225-f777cad71d7c">
      <Execution id="9e6b30e8-345d-4fb1-b84f-d2c38489ca9a" />
      <TestMethod codeBase="E:/Rajani/PayPal/Git Clone/sdk-core-dotnet/Source/bin/Debug/PayPalCoreSDKVS2010UnitTest.DLL" adapterTypeName="Microsoft.VisualStudio.TestTools.TestTypes.Unit.UnitTestAdapter, Microsoft.VisualStudio.QualityTools.Tips.UnitTest.Adapter, Version=10.0.0.0, Culture=neutral, PublicKeyToken=b03f5f7f11d50a3a" className="PayPal.UnitTest.SignatureHttpHeaderAuthStrategyTest, PayPalCoreSDKVS2010UnitTest, Version=0.0.0.0, Culture=neutral, PublicKeyToken=null" name="GenerateHeaderStrategyWithToken" />
    </UnitTest>
    <UnitTest name="GetPayloadEndpointWithoutTokenTest" storage="e:\rajani\paypal\git clone\sdk-core-dotnet\source\bin\debug\paypalcoresdkvs2010unittest.dll" id="d2eeaf84-fc2e-3b2d-e15b-6c2405bd3888">
      <Execution id="6ceb3666-cc81-4347-a373-405957ac76d9" />
      <TestMethod codeBase="E:/Rajani/PayPal/Git Clone/sdk-core-dotnet/Source/bin/Debug/PayPalCoreSDKVS2010UnitTest.DLL" adapterTypeName="Microsoft.VisualStudio.TestTools.TestTypes.Unit.UnitTestAdapter, Microsoft.VisualStudio.QualityTools.Tips.UnitTest.Adapter, Version=10.0.0.0, Culture=neutral, PublicKeyToken=b03f5f7f11d50a3a" className="PayPal.UnitTest.PlatformAPICallPreHandlerTest, PayPalCoreSDKVS2010UnitTest, Version=0.0.0.0, Culture=neutral, PublicKeyToken=null" name="GetPayloadEndpointWithoutTokenTest" />
    </UnitTest>
    <UnitTest name="GenerateHeaderStrategyWithToken" storage="e:\rajani\paypal\git clone\sdk-core-dotnet\source\bin\debug\paypalcoresdkvs2010unittest.dll" id="2d409455-114e-5e0e-d210-d1844fb5ee18">
      <Execution id="1202bae0-7415-4706-bcdc-dde76fef00c8" />
      <TestMethod codeBase="E:/Rajani/PayPal/Git Clone/sdk-core-dotnet/Source/bin/Debug/PayPalCoreSDKVS2010UnitTest.DLL" adapterTypeName="Microsoft.VisualStudio.TestTools.TestTypes.Unit.UnitTestAdapter, Microsoft.VisualStudio.QualityTools.Tips.UnitTest.Adapter, Version=10.0.0.0, Culture=neutral, PublicKeyToken=b03f5f7f11d50a3a" className="PayPal.UnitTest.CertificateHttpHeaderAuthStrategyTest, PayPalCoreSDKVS2010UnitTest, Version=0.0.0.0, Culture=neutral, PublicKeyToken=null" name="GenerateHeaderStrategyWithToken" />
    </UnitTest>
    <UnitTest name="GetHeaderMapCertificateWithoutTokenTest" storage="e:\rajani\paypal\git clone\sdk-core-dotnet\source\bin\debug\paypalcoresdkvs2010unittest.dll" id="3ffab590-7695-8662-d719-22c674de226c">
      <Execution id="f814bfcb-0a7d-49da-8711-4b3ee0c290d9" />
      <TestMethod codeBase="E:/Rajani/PayPal/Git Clone/sdk-core-dotnet/Source/bin/Debug/PayPalCoreSDKVS2010UnitTest.DLL" adapterTypeName="Microsoft.VisualStudio.TestTools.TestTypes.Unit.UnitTestAdapter, Microsoft.VisualStudio.QualityTools.Tips.UnitTest.Adapter, Version=10.0.0.0, Culture=neutral, PublicKeyToken=b03f5f7f11d50a3a" className="PayPal.UnitTest.PlatformAPICallPreHandlerTest, PayPalCoreSDKVS2010UnitTest, Version=0.0.0.0, Culture=neutral, PublicKeyToken=null" name="GetHeaderMapCertificateWithoutTokenTest" />
    </UnitTest>
    <UnitTest name="SDKName" storage="e:\rajani\paypal\git clone\sdk-core-dotnet\source\bin\debug\paypalcoresdkvs2010unittest.dll" id="51bb7c6a-cbd1-e05a-c7a1-490813e93e0d">
      <Execution id="acd54c07-9547-46b2-ad6d-cbd7e080bfa8" />
      <TestMethod codeBase="E:/Rajani/PayPal/Git Clone/sdk-core-dotnet/Source/bin/Debug/PayPalCoreSDKVS2010UnitTest.DLL" adapterTypeName="Microsoft.VisualStudio.TestTools.TestTypes.Unit.UnitTestAdapter, Microsoft.VisualStudio.QualityTools.Tips.UnitTest.Adapter, Version=10.0.0.0, Culture=neutral, PublicKeyToken=b03f5f7f11d50a3a" className="PayPal.UnitTest.MerchantAPICallPreHandlerTest, PayPalCoreSDKVS2010UnitTest, Version=0.0.0.0, Culture=neutral, PublicKeyToken=null" name="SDKName" />
    </UnitTest>
    <UnitTest name="LoadSignatureCredential" storage="e:\rajani\paypal\git clone\sdk-core-dotnet\source\bin\debug\paypalcoresdkvs2010unittest.dll" id="f678d02a-fbfc-98fc-a2f4-7724bc740ee4">
      <Execution id="7d6d31ba-d281-45ee-9cf7-ae956fec1194" />
      <TestMethod codeBase="E:/Rajani/PayPal/Git Clone/sdk-core-dotnet/Source/bin/Debug/PayPalCoreSDKVS2010UnitTest.DLL" adapterTypeName="Microsoft.VisualStudio.TestTools.TestTypes.Unit.UnitTestAdapter, Microsoft.VisualStudio.QualityTools.Tips.UnitTest.Adapter, Version=10.0.0.0, Culture=neutral, PublicKeyToken=b03f5f7f11d50a3a" className="PayPal.UnitTest.CredentialManagerTest, PayPalCoreSDKVS2010UnitTest, Version=0.0.0.0, Culture=neutral, PublicKeyToken=null" name="LoadSignatureCredential" />
    </UnitTest>
    <UnitTest name="GenerateHeaderStrategyWithoutToken" storage="e:\rajani\paypal\git clone\sdk-core-dotnet\source\bin\debug\paypalcoresdkvs2010unittest.dll" id="d09e4d04-a564-32df-1672-3295b45ff176">
      <Execution id="c4086854-7e8f-4321-be78-f9056d0bc428" />
      <TestMethod codeBase="E:/Rajani/PayPal/Git Clone/sdk-core-dotnet/Source/bin/Debug/PayPalCoreSDKVS2010UnitTest.DLL" adapterTypeName="Microsoft.VisualStudio.TestTools.TestTypes.Unit.UnitTestAdapter, Microsoft.VisualStudio.QualityTools.Tips.UnitTest.Adapter, Version=10.0.0.0, Culture=neutral, PublicKeyToken=b03f5f7f11d50a3a" className="PayPal.UnitTest.CertificateHttpHeaderAuthStrategyTest, PayPalCoreSDKVS2010UnitTest, Version=0.0.0.0, Culture=neutral, PublicKeyToken=null" name="GenerateHeaderStrategyWithoutToken" />
    </UnitTest>
    <UnitTest name="GetEndpointForDefaultModeWithoutEndpoint" storage="e:\rajani\paypal\git clone\sdk-core-dotnet\source\bin\debug\paypalcoresdkvs2010unittest.dll" id="86f7572e-d26b-b254-0e01-5fb21c888884">
      <Execution id="79b86640-842f-4454-b166-c0c00372d125" />
      <TestMethod codeBase="E:/Rajani/PayPal/Git Clone/sdk-core-dotnet/Source/bin/Debug/PayPalCoreSDKVS2010UnitTest.DLL" adapterTypeName="Microsoft.VisualStudio.TestTools.TestTypes.Unit.UnitTestAdapter, Microsoft.VisualStudio.QualityTools.Tips.UnitTest.Adapter, Version=10.0.0.0, Culture=neutral, PublicKeyToken=b03f5f7f11d50a3a" className="PayPal.UnitTest.PlatformAPICallPreHandlerTest, PayPalCoreSDKVS2010UnitTest, Version=0.0.0.0, Culture=neutral, PublicKeyToken=null" name="GetEndpointForDefaultModeWithoutEndpoint" />
    </UnitTest>
    <UnitTest name="GetEndpointForLiveMode" storage="e:\rajani\paypal\git clone\sdk-core-dotnet\source\bin\debug\paypalcoresdkvs2010unittest.dll" id="1dd8aa9b-737f-f486-cfa0-c35d3b8a3dec">
      <Execution id="5a058099-3da1-4189-827a-8b16fe48533f" />
      <TestMethod codeBase="E:/Rajani/PayPal/Git Clone/sdk-core-dotnet/Source/bin/Debug/PayPalCoreSDKVS2010UnitTest.DLL" adapterTypeName="Microsoft.VisualStudio.TestTools.TestTypes.Unit.UnitTestAdapter, Microsoft.VisualStudio.QualityTools.Tips.UnitTest.Adapter, Version=10.0.0.0, Culture=neutral, PublicKeyToken=b03f5f7f11d50a3a" className="PayPal.UnitTest.MerchantAPICallPreHandlerTest, PayPalCoreSDKVS2010UnitTest, Version=0.0.0.0, Culture=neutral, PublicKeyToken=null" name="GetEndpointForLiveMode" />
    </UnitTest>
    <UnitTest name="PrivateKeyPassword" storage="e:\rajani\paypal\git clone\sdk-core-dotnet\source\bin\debug\paypalcoresdkvs2010unittest.dll" id="22db28f4-d1fc-ccae-767f-527ec49e5675">
      <Execution id="1e087c1f-4190-42bd-8b3a-b836a4aad385" />
      <TestMethod codeBase="E:/Rajani/PayPal/Git Clone/sdk-core-dotnet/Source/bin/Debug/PayPalCoreSDKVS2010UnitTest.DLL" adapterTypeName="Microsoft.VisualStudio.TestTools.TestTypes.Unit.UnitTestAdapter, Microsoft.VisualStudio.QualityTools.Tips.UnitTest.Adapter, Version=10.0.0.0, Culture=neutral, PublicKeyToken=b03f5f7f11d50a3a" className="PayPal.UnitTest.CertificateCredentialTest, PayPalCoreSDKVS2010UnitTest, Version=0.0.0.0, Culture=neutral, PublicKeyToken=null" name="PrivateKeyPassword" />
    </UnitTest>
    <UnitTest name="Password" storage="e:\rajani\paypal\git clone\sdk-core-dotnet\source\bin\debug\paypalcoresdkvs2010unittest.dll" id="d1be01cd-84f9-ce84-8e73-6af9b8907747">
      <Execution id="5855b3da-1084-465e-9270-fa44e93ea888" />
      <TestMethod codeBase="E:/Rajani/PayPal/Git Clone/sdk-core-dotnet/Source/bin/Debug/PayPalCoreSDKVS2010UnitTest.DLL" adapterTypeName="Microsoft.VisualStudio.TestTools.TestTypes.Unit.UnitTestAdapter, Microsoft.VisualStudio.QualityTools.Tips.UnitTest.Adapter, Version=10.0.0.0, Culture=neutral, PublicKeyToken=b03f5f7f11d50a3a" className="PayPal.UnitTest.SignatureCredentialTest, PayPalCoreSDKVS2010UnitTest, Version=0.0.0.0, Culture=neutral, PublicKeyToken=null" name="Password" />
    </UnitTest>
    <UnitTest name="IPNTransaction" storage="e:\rajani\paypal\git clone\sdk-core-dotnet\source\bin\debug\paypalcoresdkvs2010unittest.dll" id="fe2266bf-d2c1-a6a8-5632-e6b556708a37">
      <Execution id="4472ff81-8d06-4393-b1aa-a28ff202a197" />
      <TestMethod codeBase="E:/Rajani/PayPal/Git Clone/sdk-core-dotnet/Source/bin/Debug/PayPalCoreSDKVS2010UnitTest.DLL" adapterTypeName="Microsoft.VisualStudio.TestTools.TestTypes.Unit.UnitTestAdapter, Microsoft.VisualStudio.QualityTools.Tips.UnitTest.Adapter, Version=10.0.0.0, Culture=neutral, PublicKeyToken=b03f5f7f11d50a3a" className="PayPal.UnitTest.IPNMessageTest, PayPalCoreSDKVS2010UnitTest, Version=0.0.0.0, Culture=neutral, PublicKeyToken=null" name="IPNTransaction" />
    </UnitTest>
    <UnitTest name="GenerateHeaderStrategyWithToken" storage="e:\rajani\paypal\git clone\sdk-core-dotnet\source\bin\debug\paypalcoresdkvs2010unittest.dll" id="aa88fca3-0d67-338e-964c-89eda251c646">
      <Execution id="7953f842-0421-40ad-b0cb-3fd8cc88fa75" />
      <TestMethod codeBase="E:/Rajani/PayPal/Git Clone/sdk-core-dotnet/Source/bin/Debug/PayPalCoreSDKVS2010UnitTest.DLL" adapterTypeName="Microsoft.VisualStudio.TestTools.TestTypes.Unit.UnitTestAdapter, Microsoft.VisualStudio.QualityTools.Tips.UnitTest.Adapter, Version=10.0.0.0, Culture=neutral, PublicKeyToken=b03f5f7f11d50a3a" className="PayPal.UnitTest.SignatureHttpHeaderAuthStrategyNVPTest, PayPalCoreSDKVS2010UnitTest, Version=0.0.0.0, Culture=neutral, PublicKeyToken=null" name="GenerateHeaderStrategyWithToken" />
    </UnitTest>
    <UnitTest name="GetPayloadSignature" storage="e:\rajani\paypal\git clone\sdk-core-dotnet\source\bin\debug\paypalcoresdkvs2010unittest.dll" id="5c2e115e-e652-e9d9-8f7d-9abcedaba51f">
      <Execution id="180cec1e-e01c-4eb8-890f-136b56943952" />
      <TestMethod codeBase="E:/Rajani/PayPal/Git Clone/sdk-core-dotnet/Source/bin/Debug/PayPalCoreSDKVS2010UnitTest.DLL" adapterTypeName="Microsoft.VisualStudio.TestTools.TestTypes.Unit.UnitTestAdapter, Microsoft.VisualStudio.QualityTools.Tips.UnitTest.Adapter, Version=10.0.0.0, Culture=neutral, PublicKeyToken=b03f5f7f11d50a3a" className="PayPal.UnitTest.MerchantAPICallPreHandlerTest, PayPalCoreSDKVS2010UnitTest, Version=0.0.0.0, Culture=neutral, PublicKeyToken=null" name="GetPayloadSignature" />
    </UnitTest>
    <UnitTest name="ThirdPartyAuthorizationForSubject" storage="e:\rajani\paypal\git clone\sdk-core-dotnet\source\bin\debug\paypalcoresdkvs2010unittest.dll" id="cf6da6e7-4c31-c644-b018-97103a7743f7">
      <Execution id="b3fe0c8f-0bab-4ed6-84e7-0f1dc4393e6f" />
      <TestMethod codeBase="E:/Rajani/PayPal/Git Clone/sdk-core-dotnet/Source/bin/Debug/PayPalCoreSDKVS2010UnitTest.DLL" adapterTypeName="Microsoft.VisualStudio.TestTools.TestTypes.Unit.UnitTestAdapter, Microsoft.VisualStudio.QualityTools.Tips.UnitTest.Adapter, Version=10.0.0.0, Culture=neutral, PublicKeyToken=b03f5f7f11d50a3a" className="PayPal.UnitTest.SignatureCredentialTest, PayPalCoreSDKVS2010UnitTest, Version=0.0.0.0, Culture=neutral, PublicKeyToken=null" name="ThirdPartyAuthorizationForSubject" />
    </UnitTest>
    <UnitTest name="Password" storage="e:\rajani\paypal\git clone\sdk-core-dotnet\source\bin\debug\paypalcoresdkvs2010unittest.dll" id="f290d808-6abb-2b42-2b66-7d14271bccd9">
      <Execution id="e39a3f97-697b-4ed8-b2fa-b2d73c5bd6c3" />
      <TestMethod codeBase="E:/Rajani/PayPal/Git Clone/sdk-core-dotnet/Source/bin/Debug/PayPalCoreSDKVS2010UnitTest.DLL" adapterTypeName="Microsoft.VisualStudio.TestTools.TestTypes.Unit.UnitTestAdapter, Microsoft.VisualStudio.QualityTools.Tips.UnitTest.Adapter, Version=10.0.0.0, Culture=neutral, PublicKeyToken=b03f5f7f11d50a3a" className="PayPal.UnitTest.CertificateCredentialTest, PayPalCoreSDKVS2010UnitTest, Version=0.0.0.0, Culture=neutral, PublicKeyToken=null" name="Password" />
    </UnitTest>
    <UnitTest name="ThirdPartyAuthorizationForToken" storage="e:\rajani\paypal\git clone\sdk-core-dotnet\source\bin\debug\paypalcoresdkvs2010unittest.dll" id="d3c24e22-1419-f89c-f68b-0b0c71e3b3ee">
      <Execution id="5d259044-0236-4697-8ad3-b02de60a5d9f" />
      <TestMethod codeBase="E:/Rajani/PayPal/Git Clone/sdk-core-dotnet/Source/bin/Debug/PayPalCoreSDKVS2010UnitTest.DLL" adapterTypeName="Microsoft.VisualStudio.TestTools.TestTypes.Unit.UnitTestAdapter, Microsoft.VisualStudio.QualityTools.Tips.UnitTest.Adapter, Version=10.0.0.0, Culture=neutral, PublicKeyToken=b03f5f7f11d50a3a" className="PayPal.UnitTest.SignatureCredentialTest, PayPalCoreSDKVS2010UnitTest, Version=0.0.0.0, Culture=neutral, PublicKeyToken=null" name="ThirdPartyAuthorizationForToken" />
    </UnitTest>
    <UnitTest name="NamespaceAttributes" storage="e:\rajani\paypal\git clone\sdk-core-dotnet\source\bin\debug\paypalcoresdkvs2010unittest.dll" id="ed6305c3-d0e8-0316-c969-d624b4e0e33f">
      <Execution id="7568f7f0-2ea7-410c-a081-90c346cc80cd" />
      <TestMethod codeBase="E:/Rajani/PayPal/Git Clone/sdk-core-dotnet/Source/bin/Debug/PayPalCoreSDKVS2010UnitTest.DLL" adapterTypeName="Microsoft.VisualStudio.TestTools.TestTypes.Unit.UnitTestAdapter, Microsoft.VisualStudio.QualityTools.Tips.UnitTest.Adapter, Version=10.0.0.0, Culture=neutral, PublicKeyToken=b03f5f7f11d50a3a" className="DefaultSOAPAPICallHandlerTest, PayPalCoreSDKVS2010UnitTest, Version=0.0.0.0, Culture=neutral, PublicKeyToken=null" name="NamespaceAttributes" />
    </UnitTest>
    <UnitTest name="UserName" storage="e:\rajani\paypal\git clone\sdk-core-dotnet\source\bin\debug\paypalcoresdkvs2010unittest.dll" id="0b380436-fcee-d812-4559-64abaebac0af">
      <Execution id="2f381a4a-39bc-4c79-8ab6-df08eec9e40e" />
      <TestMethod codeBase="E:/Rajani/PayPal/Git Clone/sdk-core-dotnet/Source/bin/Debug/PayPalCoreSDKVS2010UnitTest.DLL" adapterTypeName="Microsoft.VisualStudio.TestTools.TestTypes.Unit.UnitTestAdapter, Microsoft.VisualStudio.QualityTools.Tips.UnitTest.Adapter, Version=10.0.0.0, Culture=neutral, PublicKeyToken=b03f5f7f11d50a3a" className="PayPal.UnitTest.SignatureCredentialTest, PayPalCoreSDKVS2010UnitTest, Version=0.0.0.0, Culture=neutral, PublicKeyToken=null" name="UserName" />
    </UnitTest>
    <UnitTest name="GenerateHeaderStrategyToken" storage="e:\rajani\paypal\git clone\sdk-core-dotnet\source\bin\debug\paypalcoresdkvs2010unittest.dll" id="cc3e3653-0331-91c4-890c-515acd6be35a">
      <Execution id="60c11b3d-797b-4114-b3f4-bcefcf317731" />
      <TestMethod codeBase="E:/Rajani/PayPal/Git Clone/sdk-core-dotnet/Source/bin/Debug/PayPalCoreSDKVS2010UnitTest.DLL" adapterTypeName="Microsoft.VisualStudio.TestTools.TestTypes.Unit.UnitTestAdapter, Microsoft.VisualStudio.QualityTools.Tips.UnitTest.Adapter, Version=10.0.0.0, Culture=neutral, PublicKeyToken=b03f5f7f11d50a3a" className="PayPal.UnitTest.CertificateSOAPHeaderAuthStrategyTest, PayPalCoreSDKVS2010UnitTest, Version=0.0.0.0, Culture=neutral, PublicKeyToken=null" name="GenerateHeaderStrategyToken" />
    </UnitTest>
    <UnitTest name="GenerateHeaderStrategyWithTokenTest" storage="e:\rajani\paypal\git clone\sdk-core-dotnet\source\bin\debug\paypalcoresdkvs2010unittest.dll" id="03739588-b1a1-20ec-114d-b69734db36a9">
      <Execution id="b3750eca-3427-478c-9fc1-8e3cfdf31c55" />
      <TestMethod codeBase="E:/Rajani/PayPal/Git Clone/sdk-core-dotnet/Source/bin/Debug/PayPalCoreSDKVS2010UnitTest.DLL" adapterTypeName="Microsoft.VisualStudio.TestTools.TestTypes.Unit.UnitTestAdapter, Microsoft.VisualStudio.QualityTools.Tips.UnitTest.Adapter, Version=10.0.0.0, Culture=neutral, PublicKeyToken=b03f5f7f11d50a3a" className="PayPal.UnitTest.CertificateHttpHeaderAuthStrategyNVPTest, PayPalCoreSDKVS2010UnitTest, Version=0.0.0.0, Culture=neutral, PublicKeyToken=null" name="GenerateHeaderStrategyWithTokenTest" />
    </UnitTest>
    <UnitTest name="CreateNewConnection" storage="e:\rajani\paypal\git clone\sdk-core-dotnet\source\bin\debug\paypalcoresdkvs2010unittest.dll" id="b58fd2f8-c848-1ca9-c28b-de79ec867f1d">
      <Execution id="0220302b-048c-4526-92c5-165fb1219da0" />
      <TestMethod codeBase="E:/Rajani/PayPal/Git Clone/sdk-core-dotnet/Source/bin/Debug/PayPalCoreSDKVS2010UnitTest.DLL" adapterTypeName="Microsoft.VisualStudio.TestTools.TestTypes.Unit.UnitTestAdapter, Microsoft.VisualStudio.QualityTools.Tips.UnitTest.Adapter, Version=10.0.0.0, Culture=neutral, PublicKeyToken=b03f5f7f11d50a3a" className="PayPal.UnitTest.ConnectionManagerTest, PayPalCoreSDKVS2010UnitTest, Version=0.0.0.0, Culture=neutral, PublicKeyToken=null" name="CreateNewConnection" />
    </UnitTest>
    <UnitTest name="GetEndpointForDefaultModeWithExplicitEndpoint" storage="e:\rajani\paypal\git clone\sdk-core-dotnet\source\bin\debug\paypalcoresdkvs2010unittest.dll" id="b82c9886-d887-86ae-1efb-99332d2b732b">
      <Execution id="8dc7bed1-b604-4367-81ff-8073044307e0" />
      <TestMethod codeBase="E:/Rajani/PayPal/Git Clone/sdk-core-dotnet/Source/bin/Debug/PayPalCoreSDKVS2010UnitTest.DLL" adapterTypeName="Microsoft.VisualStudio.TestTools.TestTypes.Unit.UnitTestAdapter, Microsoft.VisualStudio.QualityTools.Tips.UnitTest.Adapter, Version=10.0.0.0, Culture=neutral, PublicKeyToken=b03f5f7f11d50a3a" className="PayPal.UnitTest.PlatformAPICallPreHandlerTest, PayPalCoreSDKVS2010UnitTest, Version=0.0.0.0, Culture=neutral, PublicKeyToken=null" name="GetEndpointForDefaultModeWithExplicitEndpoint" />
    </UnitTest>
    <UnitTest name="CertificateFile" storage="e:\rajani\paypal\git clone\sdk-core-dotnet\source\bin\debug\paypalcoresdkvs2010unittest.dll" id="16e09d40-8d66-536b-c1a9-5f5e8d7d3f2a">
      <Execution id="4def50d3-5d60-447b-ac97-49cd90864c2b" />
      <TestMethod codeBase="E:/Rajani/PayPal/Git Clone/sdk-core-dotnet/Source/bin/Debug/PayPalCoreSDKVS2010UnitTest.DLL" adapterTypeName="Microsoft.VisualStudio.TestTools.TestTypes.Unit.UnitTestAdapter, Microsoft.VisualStudio.QualityTools.Tips.UnitTest.Adapter, Version=10.0.0.0, Culture=neutral, PublicKeyToken=b03f5f7f11d50a3a" className="PayPal.UnitTest.CertificateCredentialTest, PayPalCoreSDKVS2010UnitTest, Version=0.0.0.0, Culture=neutral, PublicKeyToken=null" name="CertificateFile" />
    </UnitTest>
    <UnitTest name="MakeRequestUsingNVPSignatureCredential" storage="e:\rajani\paypal\git clone\sdk-core-dotnet\source\bin\debug\paypalcoresdkvs2010unittest.dll" id="2c73d9a4-1a0c-a699-63bf-f5fb5befd8d1">
      <Execution id="964adcb3-ba9c-4586-89b3-2029cf10ed19" />
      <TestMethod codeBase="E:/Rajani/PayPal/Git Clone/sdk-core-dotnet/Source/bin/Debug/PayPalCoreSDKVS2010UnitTest.DLL" adapterTypeName="Microsoft.VisualStudio.TestTools.TestTypes.Unit.UnitTestAdapter, Microsoft.VisualStudio.QualityTools.Tips.UnitTest.Adapter, Version=10.0.0.0, Culture=neutral, PublicKeyToken=b03f5f7f11d50a3a" className="PayPal.UnitTest.APIServiceTest, PayPalCoreSDKVS2010UnitTest, Version=0.0.0.0, Culture=neutral, PublicKeyToken=null" name="MakeRequestUsingNVPSignatureCredential" />
    </UnitTest>
    <UnitTest name="ThirdPartyAuthorization" storage="e:\rajani\paypal\git clone\sdk-core-dotnet\source\bin\debug\paypalcoresdkvs2010unittest.dll" id="7f531159-6e1a-c49a-9905-172e6db0fdd9">
      <Execution id="7512a03f-1143-48be-adf9-fb773b03a6f3" />
      <TestMethod codeBase="E:/Rajani/PayPal/Git Clone/sdk-core-dotnet/Source/bin/Debug/PayPalCoreSDKVS2010UnitTest.DLL" adapterTypeName="Microsoft.VisualStudio.TestTools.TestTypes.Unit.UnitTestAdapter, Microsoft.VisualStudio.QualityTools.Tips.UnitTest.Adapter, Version=10.0.0.0, Culture=neutral, PublicKeyToken=b03f5f7f11d50a3a" className="PayPal.UnitTest.CertificateSOAPHeaderAuthStrategyTest, PayPalCoreSDKVS2010UnitTest, Version=0.0.0.0, Culture=neutral, PublicKeyToken=null" name="ThirdPartyAuthorization" />
    </UnitTest>
    <UnitTest name="GenerateHeaderStrategyWithoutTokenTest" storage="e:\rajani\paypal\git clone\sdk-core-dotnet\source\bin\debug\paypalcoresdkvs2010unittest.dll" id="eb7a7dff-fe14-7dd7-d97a-3355c7d79926">
      <Execution id="63930729-d2df-49be-98c1-4bd8b3dd7a29" />
      <TestMethod codeBase="E:/Rajani/PayPal/Git Clone/sdk-core-dotnet/Source/bin/Debug/PayPalCoreSDKVS2010UnitTest.DLL" adapterTypeName="Microsoft.VisualStudio.TestTools.TestTypes.Unit.UnitTestAdapter, Microsoft.VisualStudio.QualityTools.Tips.UnitTest.Adapter, Version=10.0.0.0, Culture=neutral, PublicKeyToken=b03f5f7f11d50a3a" className="PayPal.UnitTest.CertificateHttpHeaderAuthStrategyNVPTest, PayPalCoreSDKVS2010UnitTest, Version=0.0.0.0, Culture=neutral, PublicKeyToken=null" name="GenerateHeaderStrategyWithoutTokenTest" />
    </UnitTest>
    <UnitTest name="CreateNewConnectionWithInvalidURL" storage="e:\rajani\paypal\git clone\sdk-core-dotnet\source\bin\debug\paypalcoresdkvs2010unittest.dll" id="3e8f4fce-5979-2704-3713-93208d9b1fe1">
      <Execution id="b6f6f8da-89d2-4ef5-96ba-dfb11926de52" />
      <TestMethod codeBase="E:/Rajani/PayPal/Git Clone/sdk-core-dotnet/Source/bin/Debug/PayPalCoreSDKVS2010UnitTest.DLL" adapterTypeName="Microsoft.VisualStudio.TestTools.TestTypes.Unit.UnitTestAdapter, Microsoft.VisualStudio.QualityTools.Tips.UnitTest.Adapter, Version=10.0.0.0, Culture=neutral, PublicKeyToken=b03f5f7f11d50a3a" className="PayPal.UnitTest.ConnectionManagerTest, PayPalCoreSDKVS2010UnitTest, Version=0.0.0.0, Culture=neutral, PublicKeyToken=null" name="CreateNewConnectionWithInvalidURL" />
    </UnitTest>
    <UnitTest name="GetHeaderMapWithCertificateWithTokenTest" storage="e:\rajani\paypal\git clone\sdk-core-dotnet\source\bin\debug\paypalcoresdkvs2010unittest.dll" id="f425077f-f0e9-2763-c56c-c2940e74a84f">
      <Execution id="3da75c85-b4a1-46bb-85f3-c8595ee7dee1" />
      <TestMethod codeBase="E:/Rajani/PayPal/Git Clone/sdk-core-dotnet/Source/bin/Debug/PayPalCoreSDKVS2010UnitTest.DLL" adapterTypeName="Microsoft.VisualStudio.TestTools.TestTypes.Unit.UnitTestAdapter, Microsoft.VisualStudio.QualityTools.Tips.UnitTest.Adapter, Version=10.0.0.0, Culture=neutral, PublicKeyToken=b03f5f7f11d50a3a" className="PayPal.UnitTest.PlatformAPICallPreHandlerTest, PayPalCoreSDKVS2010UnitTest, Version=0.0.0.0, Culture=neutral, PublicKeyToken=null" name="GetHeaderMapWithCertificateWithTokenTest" />
    </UnitTest>
  </TestDefinitions>
  <TestLists>
    <TestList name="Results Not in a List" id="8c84fa94-04c1-424b-9868-57a2d4851a1d" />
    <TestList name="All Loaded Results" id="19431567-8539-422a-85d7-44ee4e166bda" />
  </TestLists>
  <TestEntries>
    <TestEntry testId="03739588-b1a1-20ec-114d-b69734db36a9" executionId="b3750eca-3427-478c-9fc1-8e3cfdf31c55" testListId="8c84fa94-04c1-424b-9868-57a2d4851a1d" />
    <TestEntry testId="0b380436-fcee-d812-4559-64abaebac0af" executionId="2f381a4a-39bc-4c79-8ab6-df08eec9e40e" testListId="8c84fa94-04c1-424b-9868-57a2d4851a1d" />
    <TestEntry testId="0c8638f5-b6f3-84b2-8d37-345390773337" executionId="a55d44f5-1ccb-4640-a31a-58a01665b97a" testListId="8c84fa94-04c1-424b-9868-57a2d4851a1d" />
    <TestEntry testId="0e7ea404-5965-91e3-d56b-bc4229080c55" executionId="8de2b4c5-ab4e-4e76-af5b-5a73719c17f1" testListId="8c84fa94-04c1-424b-9868-57a2d4851a1d" />
    <TestEntry testId="16e09d40-8d66-536b-c1a9-5f5e8d7d3f2a" executionId="4def50d3-5d60-447b-ac97-49cd90864c2b" testListId="8c84fa94-04c1-424b-9868-57a2d4851a1d" />
    <TestEntry testId="1dd8aa9b-737f-f486-cfa0-c35d3b8a3dec" executionId="5a058099-3da1-4189-827a-8b16fe48533f" testListId="8c84fa94-04c1-424b-9868-57a2d4851a1d" />
    <TestEntry testId="22049feb-5af3-76e6-361c-fcd2502ea00f" executionId="3af7f377-c04c-4558-87bb-fcbe96adddba" testListId="8c84fa94-04c1-424b-9868-57a2d4851a1d" />
    <TestEntry testId="22c2b40c-87b9-ba8a-0e02-57ab5813535d" executionId="31bb9906-1dc2-4702-80c6-42614b617910" testListId="8c84fa94-04c1-424b-9868-57a2d4851a1d" />
    <TestEntry testId="22db28f4-d1fc-ccae-767f-527ec49e5675" executionId="1e087c1f-4190-42bd-8b3a-b836a4aad385" testListId="8c84fa94-04c1-424b-9868-57a2d4851a1d" />
    <TestEntry testId="2593818b-e2d2-ddc3-f3f8-ac08a56a5fce" executionId="9d75cfa1-9e5e-4f93-b5b1-8ac2512f5d93" testListId="8c84fa94-04c1-424b-9868-57a2d4851a1d" />
    <TestEntry testId="2a2ebe17-bc2f-f457-303e-2d61f5a8c8a6" executionId="bd635e3f-81a2-4019-98cc-303fedd02130" testListId="8c84fa94-04c1-424b-9868-57a2d4851a1d" />
    <TestEntry testId="2abfaedc-7c64-e015-e8dd-5f7b4c6933b1" executionId="5bf237ad-4269-4ffc-8679-fd7b0e25608b" testListId="8c84fa94-04c1-424b-9868-57a2d4851a1d" />
    <TestEntry testId="2c73d9a4-1a0c-a699-63bf-f5fb5befd8d1" executionId="964adcb3-ba9c-4586-89b3-2029cf10ed19" testListId="8c84fa94-04c1-424b-9868-57a2d4851a1d" />
    <TestEntry testId="2d409455-114e-5e0e-d210-d1844fb5ee18" executionId="1202bae0-7415-4706-bcdc-dde76fef00c8" testListId="8c84fa94-04c1-424b-9868-57a2d4851a1d" />
    <TestEntry testId="2dc1f09c-6d9e-6f50-8bf5-6d147d0bb20a" executionId="05b1c652-ac09-4cc8-b353-430d614e3a4c" testListId="8c84fa94-04c1-424b-9868-57a2d4851a1d" />
    <TestEntry testId="31141959-214a-c2a5-f514-73c541acd1e5" executionId="49811f8e-bb28-4825-8c37-b5d7796944b1" testListId="8c84fa94-04c1-424b-9868-57a2d4851a1d" />
    <TestEntry testId="32086c90-2297-d13b-edac-bc792ccb6381" executionId="fddeadc4-05e5-411f-86a5-64b9248c1f4a" testListId="8c84fa94-04c1-424b-9868-57a2d4851a1d" />
    <TestEntry testId="360227c8-b3b3-53c3-f17b-10e9be9145ed" executionId="b41b432a-5ce0-46ef-a31f-dbc844516b74" testListId="8c84fa94-04c1-424b-9868-57a2d4851a1d" />
    <TestEntry testId="3debe0f0-9548-0c8a-e292-9a19990a7b81" executionId="9eb390c6-e849-4e33-a790-0686d0f450d6" testListId="8c84fa94-04c1-424b-9868-57a2d4851a1d" />
    <TestEntry testId="3e8f4fce-5979-2704-3713-93208d9b1fe1" executionId="b6f6f8da-89d2-4ef5-96ba-dfb11926de52" testListId="8c84fa94-04c1-424b-9868-57a2d4851a1d" />
    <TestEntry testId="3ffab590-7695-8662-d719-22c674de226c" executionId="f814bfcb-0a7d-49da-8711-4b3ee0c290d9" testListId="8c84fa94-04c1-424b-9868-57a2d4851a1d" />
    <TestEntry testId="4371c8b1-6570-8875-64c7-c5902de61313" executionId="d6033abd-b1da-4e24-b979-979593394535" testListId="8c84fa94-04c1-424b-9868-57a2d4851a1d" />
    <TestEntry testId="43f89219-873a-d4e4-932f-f3e6da53ba9e" executionId="b25a9de2-a969-4313-a826-8208b119171f" testListId="8c84fa94-04c1-424b-9868-57a2d4851a1d" />
    <TestEntry testId="44c13ad8-a113-f858-6621-7d9c003d082b" executionId="6344d3c8-7e9c-4f6b-918c-e1ee78fac13b" testListId="8c84fa94-04c1-424b-9868-57a2d4851a1d" />
    <TestEntry testId="4a34cd43-779a-3873-9741-ad4b15783f13" executionId="90716ba3-7e59-4845-a417-89bee5a374b9" testListId="8c84fa94-04c1-424b-9868-57a2d4851a1d" />
    <TestEntry testId="51a0f6d8-018d-edb9-782c-85a06a3d4c01" executionId="40b53699-4044-4998-a8f2-d2879b3d01b0" testListId="8c84fa94-04c1-424b-9868-57a2d4851a1d" />
    <TestEntry testId="51bb7c6a-cbd1-e05a-c7a1-490813e93e0d" executionId="acd54c07-9547-46b2-ad6d-cbd7e080bfa8" testListId="8c84fa94-04c1-424b-9868-57a2d4851a1d" />
    <TestEntry testId="5c2e115e-e652-e9d9-8f7d-9abcedaba51f" executionId="180cec1e-e01c-4eb8-890f-136b56943952" testListId="8c84fa94-04c1-424b-9868-57a2d4851a1d" />
    <TestEntry testId="6686bde7-e043-f95c-5df6-13053f7201bf" executionId="59fb131f-eb26-497e-9d25-35c09362a633" testListId="8c84fa94-04c1-424b-9868-57a2d4851a1d" />
    <TestEntry testId="77bb7902-f8e7-7e72-0192-099d81008c76" executionId="ba6cbcc1-db29-493d-bda9-40f21c72ea76" testListId="8c84fa94-04c1-424b-9868-57a2d4851a1d" />
    <TestEntry testId="7f531159-6e1a-c49a-9905-172e6db0fdd9" executionId="7512a03f-1143-48be-adf9-fb773b03a6f3" testListId="8c84fa94-04c1-424b-9868-57a2d4851a1d" />
    <TestEntry testId="8039e7ef-2413-d5f9-a378-e992a134ce20" executionId="75a7f418-e135-4e4a-b3a7-7e9b39c47211" testListId="8c84fa94-04c1-424b-9868-57a2d4851a1d" />
    <TestEntry testId="8121e133-a55b-38f2-bdee-b852fb5db8d9" executionId="ddbebada-ff00-4f80-9afd-9c58cfc56e02" testListId="8c84fa94-04c1-424b-9868-57a2d4851a1d" />
    <TestEntry testId="849291fd-dbf2-9053-4590-1c080e50199c" executionId="1b660d04-822e-46d0-a6ce-625f6558a855" testListId="8c84fa94-04c1-424b-9868-57a2d4851a1d" />
    <TestEntry testId="86b8d6ce-a9d6-d7ca-d9f0-fcaadae3f83a" executionId="b791d4a9-d5fe-4391-af37-b8672e52157b" testListId="8c84fa94-04c1-424b-9868-57a2d4851a1d" />
    <TestEntry testId="86f7572e-d26b-b254-0e01-5fb21c888884" executionId="79b86640-842f-4454-b166-c0c00372d125" testListId="8c84fa94-04c1-424b-9868-57a2d4851a1d" />
    <TestEntry testId="87f27590-4836-6865-db8e-3f409c570f8b" executionId="088a2bb1-f9a2-4fe5-8b3f-138968d6eabd" testListId="8c84fa94-04c1-424b-9868-57a2d4851a1d" />
    <TestEntry testId="8c8149cf-4f29-ef20-0263-4f511eccad1d" executionId="7ac4355c-0bf6-42b2-a48e-01a3831dc1b8" testListId="8c84fa94-04c1-424b-9868-57a2d4851a1d" />
    <TestEntry testId="a3cba41c-6d99-e3c7-1b61-c202eb1bdb41" executionId="5516ef30-00aa-4e90-b492-2deef697de8f" testListId="8c84fa94-04c1-424b-9868-57a2d4851a1d" />
    <TestEntry testId="a974f3a8-6a32-4122-4c75-119dc2d894fc" executionId="c35c23a9-b829-4421-aa03-345dcdc27160" testListId="8c84fa94-04c1-424b-9868-57a2d4851a1d" />
    <TestEntry testId="aa88fca3-0d67-338e-964c-89eda251c646" executionId="7953f842-0421-40ad-b0cb-3fd8cc88fa75" testListId="8c84fa94-04c1-424b-9868-57a2d4851a1d" />
    <TestEntry testId="ab244521-c0ce-a66d-3a1b-b3a528577bd9" executionId="b8246a0f-e8dd-44d2-ba10-74237f6df855" testListId="8c84fa94-04c1-424b-9868-57a2d4851a1d" />
    <TestEntry testId="ad7b5f1e-df33-c889-8a51-646472f39511" executionId="f9eebdeb-115c-4fa4-a284-939274d3bec9" testListId="8c84fa94-04c1-424b-9868-57a2d4851a1d" />
    <TestEntry testId="afd10876-d152-de71-8d03-94d3fcb0b9d9" executionId="882cfd9a-ff66-42d2-9d7c-fe29727b0a4b" testListId="8c84fa94-04c1-424b-9868-57a2d4851a1d" />
    <TestEntry testId="b1bbd99b-fd4c-7a83-0818-a20cd1151071" executionId="ad773a5a-a53e-4a3f-a691-195d3ce22229" testListId="8c84fa94-04c1-424b-9868-57a2d4851a1d" />
    <TestEntry testId="b58fd2f8-c848-1ca9-c28b-de79ec867f1d" executionId="0220302b-048c-4526-92c5-165fb1219da0" testListId="8c84fa94-04c1-424b-9868-57a2d4851a1d" />
    <TestEntry testId="b82c0a01-6348-0b0d-3074-80bfc49721c7" executionId="8a68bc26-3f18-4d9f-ac2f-65e39053dfa8" testListId="8c84fa94-04c1-424b-9868-57a2d4851a1d" />
    <TestEntry testId="b82c9886-d887-86ae-1efb-99332d2b732b" executionId="8dc7bed1-b604-4367-81ff-8073044307e0" testListId="8c84fa94-04c1-424b-9868-57a2d4851a1d" />
    <TestEntry testId="ba574c0e-c31c-02c0-fdd0-34ae602c50c5" executionId="671b093e-670b-4358-99d6-d2fb4fe1e4f0" testListId="8c84fa94-04c1-424b-9868-57a2d4851a1d" />
    <TestEntry testId="cc3e3653-0331-91c4-890c-515acd6be35a" executionId="60c11b3d-797b-4114-b3f4-bcefcf317731" testListId="8c84fa94-04c1-424b-9868-57a2d4851a1d" />
    <TestEntry testId="cd054d14-161a-a13d-9225-f777cad71d7c" executionId="9e6b30e8-345d-4fb1-b84f-d2c38489ca9a" testListId="8c84fa94-04c1-424b-9868-57a2d4851a1d" />
    <TestEntry testId="cf6da6e7-4c31-c644-b018-97103a7743f7" executionId="b3fe0c8f-0bab-4ed6-84e7-0f1dc4393e6f" testListId="8c84fa94-04c1-424b-9868-57a2d4851a1d" />
    <TestEntry testId="d09e4d04-a564-32df-1672-3295b45ff176" executionId="c4086854-7e8f-4321-be78-f9056d0bc428" testListId="8c84fa94-04c1-424b-9868-57a2d4851a1d" />
    <TestEntry testId="d1be01cd-84f9-ce84-8e73-6af9b8907747" executionId="5855b3da-1084-465e-9270-fa44e93ea888" testListId="8c84fa94-04c1-424b-9868-57a2d4851a1d" />
    <TestEntry testId="d2eeaf84-fc2e-3b2d-e15b-6c2405bd3888" executionId="6ceb3666-cc81-4347-a373-405957ac76d9" testListId="8c84fa94-04c1-424b-9868-57a2d4851a1d" />
    <TestEntry testId="d3c24e22-1419-f89c-f68b-0b0c71e3b3ee" executionId="5d259044-0236-4697-8ad3-b02de60a5d9f" testListId="8c84fa94-04c1-424b-9868-57a2d4851a1d" />
    <TestEntry testId="d6454c07-980e-1401-3a6e-b3391d90e6e3" executionId="86e07a58-9474-4394-aae0-51060ba1cdb3" testListId="8c84fa94-04c1-424b-9868-57a2d4851a1d" />
    <TestEntry testId="d66e8981-6174-d7bd-5c67-ab31bbddb411" executionId="f47c6048-d754-47c2-8e50-345315c82751" testListId="8c84fa94-04c1-424b-9868-57a2d4851a1d" />
    <TestEntry testId="d9e48648-31c1-b746-64ae-9a4f30e4173a" executionId="106ab491-b54f-4455-ade8-de873304d9ec" testListId="8c84fa94-04c1-424b-9868-57a2d4851a1d" />
    <TestEntry testId="eb7a7dff-fe14-7dd7-d97a-3355c7d79926" executionId="63930729-d2df-49be-98c1-4bd8b3dd7a29" testListId="8c84fa94-04c1-424b-9868-57a2d4851a1d" />
    <TestEntry testId="ed6305c3-d0e8-0316-c969-d624b4e0e33f" executionId="7568f7f0-2ea7-410c-a081-90c346cc80cd" testListId="8c84fa94-04c1-424b-9868-57a2d4851a1d" />
    <TestEntry testId="f290d808-6abb-2b42-2b66-7d14271bccd9" executionId="e39a3f97-697b-4ed8-b2fa-b2d73c5bd6c3" testListId="8c84fa94-04c1-424b-9868-57a2d4851a1d" />
    <TestEntry testId="f32bdffd-0eaf-8a22-eda8-e5f85b16bc58" executionId="c767c77f-b646-4574-becc-579e7f6b424f" testListId="8c84fa94-04c1-424b-9868-57a2d4851a1d" />
    <TestEntry testId="f425077f-f0e9-2763-c56c-c2940e74a84f" executionId="3da75c85-b4a1-46bb-85f3-c8595ee7dee1" testListId="8c84fa94-04c1-424b-9868-57a2d4851a1d" />
    <TestEntry testId="f4312309-94b2-506e-7166-cc6767750811" executionId="61860f97-2366-477c-bde2-5e29d28b93f9" testListId="8c84fa94-04c1-424b-9868-57a2d4851a1d" />
    <TestEntry testId="f49bbde9-e106-1688-94e7-5004e767b638" executionId="d2be2592-2330-4370-8e72-a8612861b39d" testListId="8c84fa94-04c1-424b-9868-57a2d4851a1d" />
    <TestEntry testId="f678d02a-fbfc-98fc-a2f4-7724bc740ee4" executionId="7d6d31ba-d281-45ee-9cf7-ae956fec1194" testListId="8c84fa94-04c1-424b-9868-57a2d4851a1d" />
    <TestEntry testId="f83c555f-36d7-6fc6-204f-0b431d3e6256" executionId="017fe4e7-10db-4841-95fb-4a2e19bd7f41" testListId="8c84fa94-04c1-424b-9868-57a2d4851a1d" />
    <TestEntry testId="fe2266bf-d2c1-a6a8-5632-e6b556708a37" executionId="4472ff81-8d06-4393-b1aa-a28ff202a197" testListId="8c84fa94-04c1-424b-9868-57a2d4851a1d" />
  </TestEntries>
  <Results>
    <UnitTestResult executionId="b3750eca-3427-478c-9fc1-8e3cfdf31c55" testId="03739588-b1a1-20ec-114d-b69734db36a9" testName="GenerateHeaderStrategyWithTokenTest" computerName="RAJANI-DELL" duration="00:00:00.1616442" startTime="2013-07-04T22:20:09.3292951+05:30" endTime="2013-07-04T22:20:09.9844962+05:30" testType="13cdc9d9-ddb5-4fa4-a97d-d965ccfc6d4b" outcome="Passed" testListId="8c84fa94-04c1-424b-9868-57a2d4851a1d" relativeResultsDirectory="b3750eca-3427-478c-9fc1-8e3cfdf31c55">
    </UnitTestResult>
    <UnitTestResult executionId="2f381a4a-39bc-4c79-8ab6-df08eec9e40e" testId="0b380436-fcee-d812-4559-64abaebac0af" testName="UserName" computerName="RAJANI-DELL" duration="00:00:00.0007254" startTime="2013-07-04T22:20:09.9844962+05:30" endTime="2013-07-04T22:20:09.9844962+05:30" testType="13cdc9d9-ddb5-4fa4-a97d-d965ccfc6d4b" outcome="Passed" testListId="8c84fa94-04c1-424b-9868-57a2d4851a1d" relativeResultsDirectory="2f381a4a-39bc-4c79-8ab6-df08eec9e40e">
    </UnitTestResult>
    <UnitTestResult executionId="a55d44f5-1ccb-4640-a31a-58a01665b97a" testId="0c8638f5-b6f3-84b2-8d37-345390773337" testName="RetrieveValidProperty" computerName="RAJANI-DELL" duration="00:00:00.0089065" startTime="2013-07-04T22:20:09.9844962+05:30" endTime="2013-07-04T22:20:10.0000962+05:30" testType="13cdc9d9-ddb5-4fa4-a97d-d965ccfc6d4b" outcome="Passed" testListId="8c84fa94-04c1-424b-9868-57a2d4851a1d" relativeResultsDirectory="a55d44f5-1ccb-4640-a31a-58a01665b97a">
    </UnitTestResult>
    <UnitTestResult executionId="8de2b4c5-ab4e-4e76-af5b-5a73719c17f1" testId="0e7ea404-5965-91e3-d56b-bc4229080c55" testName="HeaderElement" computerName="RAJANI-DELL" duration="00:00:00.0006502" startTime="2013-07-04T22:20:10.0000962+05:30" endTime="2013-07-04T22:20:10.0000962+05:30" testType="13cdc9d9-ddb5-4fa4-a97d-d965ccfc6d4b" outcome="Passed" testListId="8c84fa94-04c1-424b-9868-57a2d4851a1d" relativeResultsDirectory="8de2b4c5-ab4e-4e76-af5b-5a73719c17f1">
    </UnitTestResult>
    <UnitTestResult executionId="4def50d3-5d60-447b-ac97-49cd90864c2b" testId="16e09d40-8d66-536b-c1a9-5f5e8d7d3f2a" testName="CertificateFile" computerName="RAJANI-DELL" duration="00:00:00.0002516" startTime="2013-07-04T22:20:10.0000962+05:30" endTime="2013-07-04T22:20:10.0000962+05:30" testType="13cdc9d9-ddb5-4fa4-a97d-d965ccfc6d4b" outcome="Passed" testListId="8c84fa94-04c1-424b-9868-57a2d4851a1d" relativeResultsDirectory="4def50d3-5d60-447b-ac97-49cd90864c2b">
    </UnitTestResult>
    <UnitTestResult executionId="5a058099-3da1-4189-827a-8b16fe48533f" testId="1dd8aa9b-737f-f486-cfa0-c35d3b8a3dec" testName="GetEndpointForLiveMode" computerName="RAJANI-DELL" duration="00:00:00.0054929" startTime="2013-07-04T22:20:10.0000962+05:30" endTime="2013-07-04T22:20:10.0156963+05:30" testType="13cdc9d9-ddb5-4fa4-a97d-d965ccfc6d4b" outcome="Passed" testListId="8c84fa94-04c1-424b-9868-57a2d4851a1d" relativeResultsDirectory="5a058099-3da1-4189-827a-8b16fe48533f">
    </UnitTestResult>
    <UnitTestResult executionId="3af7f377-c04c-4558-87bb-fcbe96adddba" testId="22049feb-5af3-76e6-361c-fcd2502ea00f" testName="LoadCertificateCredential" computerName="RAJANI-DELL" duration="00:00:00.0008913" startTime="2013-07-04T22:20:10.0156963+05:30" endTime="2013-07-04T22:20:10.0156963+05:30" testType="13cdc9d9-ddb5-4fa4-a97d-d965ccfc6d4b" outcome="Passed" testListId="8c84fa94-04c1-424b-9868-57a2d4851a1d" relativeResultsDirectory="3af7f377-c04c-4558-87bb-fcbe96adddba">
    </UnitTestResult>
    <UnitTestResult executionId="31bb9906-1dc2-4702-80c6-42614b617910" testId="22c2b40c-87b9-ba8a-0e02-57ab5813535d" testName="ArgumentExceptionTest" computerName="RAJANI-DELL" duration="00:00:00.0095722" startTime="2013-07-04T22:20:10.0156963+05:30" endTime="2013-07-04T22:20:10.0312963+05:30" testType="13cdc9d9-ddb5-4fa4-a97d-d965ccfc6d4b" outcome="Passed" testListId="8c84fa94-04c1-424b-9868-57a2d4851a1d" relativeResultsDirectory="31bb9906-1dc2-4702-80c6-42614b617910">
    </UnitTestResult>
    <UnitTestResult executionId="1e087c1f-4190-42bd-8b3a-b836a4aad385" testId="22db28f4-d1fc-ccae-767f-527ec49e5675" testName="PrivateKeyPassword" computerName="RAJANI-DELL" duration="00:00:00.0001983" startTime="2013-07-04T22:20:10.0312963+05:30" endTime="2013-07-04T22:20:10.0468963+05:30" testType="13cdc9d9-ddb5-4fa4-a97d-d965ccfc6d4b" outcome="Passed" testListId="8c84fa94-04c1-424b-9868-57a2d4851a1d" relativeResultsDirectory="1e087c1f-4190-42bd-8b3a-b836a4aad385">
    </UnitTestResult>
    <UnitTestResult executionId="9d75cfa1-9e5e-4f93-b5b1-8ac2512f5d93" testId="2593818b-e2d2-ddc3-f3f8-ac08a56a5fce" testName="GetPayloadForCertificate" computerName="RAJANI-DELL" duration="00:00:00.0035433" startTime="2013-07-04T22:20:10.0468963+05:30" endTime="2013-07-04T22:20:10.0468963+05:30" testType="13cdc9d9-ddb5-4fa4-a97d-d965ccfc6d4b" outcome="Passed" testListId="8c84fa94-04c1-424b-9868-57a2d4851a1d" relativeResultsDirectory="9d75cfa1-9e5e-4f93-b5b1-8ac2512f5d93">
    </UnitTestResult>
    <UnitTestResult executionId="bd635e3f-81a2-4019-98cc-303fedd02130" testId="2a2ebe17-bc2f-f457-303e-2d61f5a8c8a6" testName="ArgumentExceptionTest" computerName="RAJANI-DELL" duration="00:00:00.0007497" startTime="2013-07-04T22:20:10.0468963+05:30" endTime="2013-07-04T22:20:10.0468963+05:30" testType="13cdc9d9-ddb5-4fa4-a97d-d965ccfc6d4b" outcome="Passed" testListId="8c84fa94-04c1-424b-9868-57a2d4851a1d" relativeResultsDirectory="bd635e3f-81a2-4019-98cc-303fedd02130">
    </UnitTestResult>
    <UnitTestResult executionId="5bf237ad-4269-4ffc-8679-fd7b0e25608b" testId="2abfaedc-7c64-e015-e8dd-5f7b4c6933b1" testName="IPNParseQueryString" computerName="RAJANI-DELL" duration="00:00:00.0087116" startTime="2013-07-04T22:20:10.0624963+05:30" endTime="2013-07-04T22:20:10.0624963+05:30" testType="13cdc9d9-ddb5-4fa4-a97d-d965ccfc6d4b" outcome="Passed" testListId="8c84fa94-04c1-424b-9868-57a2d4851a1d" relativeResultsDirectory="5bf237ad-4269-4ffc-8679-fd7b0e25608b">
    </UnitTestResult>
    <UnitTestResult executionId="964adcb3-ba9c-4586-89b3-2029cf10ed19" testId="2c73d9a4-1a0c-a699-63bf-f5fb5befd8d1" testName="MakeRequestUsingNVPSignatureCredential" computerName="RAJANI-DELL" duration="00:00:08.0891394" startTime="2013-07-04T22:20:10.0624963+05:30" endTime="2013-07-04T22:20:18.1589106+05:30" testType="13cdc9d9-ddb5-4fa4-a97d-d965ccfc6d4b" outcome="Passed" testListId="8c84fa94-04c1-424b-9868-57a2d4851a1d" relativeResultsDirectory="964adcb3-ba9c-4586-89b3-2029cf10ed19">
    </UnitTestResult>
    <UnitTestResult executionId="1202bae0-7415-4706-bcdc-dde76fef00c8" testId="2d409455-114e-5e0e-d210-d1844fb5ee18" testName="GenerateHeaderStrategyWithToken" computerName="RAJANI-DELL" duration="00:00:00.0033881" startTime="2013-07-04T22:20:18.1589106+05:30" endTime="2013-07-04T22:20:18.1745106+05:30" testType="13cdc9d9-ddb5-4fa4-a97d-d965ccfc6d4b" outcome="Passed" testListId="8c84fa94-04c1-424b-9868-57a2d4851a1d" relativeResultsDirectory="1202bae0-7415-4706-bcdc-dde76fef00c8">
    </UnitTestResult>
    <UnitTestResult executionId="05b1c652-ac09-4cc8-b353-430d614e3a4c" testId="2dc1f09c-6d9e-6f50-8bf5-6d147d0bb20a" testName="GetEndpointForSandboxMode" computerName="RAJANI-DELL" duration="00:00:00.0009286" startTime="2013-07-04T22:20:18.1745106+05:30" endTime="2013-07-04T22:20:18.1745106+05:30" testType="13cdc9d9-ddb5-4fa4-a97d-d965ccfc6d4b" outcome="Passed" testListId="8c84fa94-04c1-424b-9868-57a2d4851a1d" relativeResultsDirectory="05b1c652-ac09-4cc8-b353-430d614e3a4c">
    </UnitTestResult>
    <UnitTestResult executionId="49811f8e-bb28-4825-8c37-b5d7796944b1" testId="31141959-214a-c2a5-f514-73c541acd1e5" testName="SetAndGetThirdPartyAuthorizationForSubject" computerName="RAJANI-DELL" duration="00:00:00.0006040" startTime="2013-07-04T22:20:18.1901106+05:30" endTime="2013-07-04T22:20:18.1901106+05:30" testType="13cdc9d9-ddb5-4fa4-a97d-d965ccfc6d4b" outcome="Passed" testListId="8c84fa94-04c1-424b-9868-57a2d4851a1d" relativeResultsDirectory="49811f8e-bb28-4825-8c37-b5d7796944b1">
    </UnitTestResult>
    <UnitTestResult executionId="fddeadc4-05e5-411f-86a5-64b9248c1f4a" testId="32086c90-2297-d13b-edac-bc792ccb6381" testName="GenerateHeaderStrategy" computerName="RAJANI-DELL" duration="00:00:00.0033970" startTime="2013-07-04T22:20:18.1901106+05:30" endTime="2013-07-04T22:20:18.2057106+05:30" testType="13cdc9d9-ddb5-4fa4-a97d-d965ccfc6d4b" outcome="Passed" testListId="8c84fa94-04c1-424b-9868-57a2d4851a1d" relativeResultsDirectory="fddeadc4-05e5-411f-86a5-64b9248c1f4a">
    </UnitTestResult>
    <UnitTestResult executionId="b41b432a-5ce0-46ef-a31f-dbc844516b74" testId="360227c8-b3b3-53c3-f17b-10e9be9145ed" testName="GetEndpoint" computerName="RAJANI-DELL" duration="00:00:00.0009078" startTime="2013-07-04T22:20:18.2057106+05:30" endTime="2013-07-04T22:20:18.2057106+05:30" testType="13cdc9d9-ddb5-4fa4-a97d-d965ccfc6d4b" outcome="Passed" testListId="8c84fa94-04c1-424b-9868-57a2d4851a1d" relativeResultsDirectory="b41b432a-5ce0-46ef-a31f-dbc844516b74">
    </UnitTestResult>
    <UnitTestResult executionId="9eb390c6-e849-4e33-a790-0686d0f450d6" testId="3debe0f0-9548-0c8a-e292-9a19990a7b81" testName="ApplicationId" computerName="RAJANI-DELL" duration="00:00:00.0003713" startTime="2013-07-04T22:20:18.2057106+05:30" endTime="2013-07-04T22:20:18.2213107+05:30" testType="13cdc9d9-ddb5-4fa4-a97d-d965ccfc6d4b" outcome="Passed" testListId="8c84fa94-04c1-424b-9868-57a2d4851a1d" relativeResultsDirectory="9eb390c6-e849-4e33-a790-0686d0f450d6">
    </UnitTestResult>
    <UnitTestResult executionId="b6f6f8da-89d2-4ef5-96ba-dfb11926de52" testId="3e8f4fce-5979-2704-3713-93208d9b1fe1" testName="CreateNewConnectionWithInvalidURL" computerName="RAJANI-DELL" duration="00:00:00.0087608" startTime="2013-07-04T22:20:18.2213107+05:30" endTime="2013-07-04T22:20:18.2369107+05:30" testType="13cdc9d9-ddb5-4fa4-a97d-d965ccfc6d4b" outcome="Passed" testListId="8c84fa94-04c1-424b-9868-57a2d4851a1d" relativeResultsDirectory="b6f6f8da-89d2-4ef5-96ba-dfb11926de52">
    </UnitTestResult>
    <UnitTestResult executionId="f814bfcb-0a7d-49da-8711-4b3ee0c290d9" testId="3ffab590-7695-8662-d719-22c674de226c" testName="GetHeaderMapCertificateWithoutTokenTest" computerName="RAJANI-DELL" duration="00:00:00.0021977" startTime="2013-07-04T22:20:18.2369107+05:30" endTime="2013-07-04T22:20:18.2525107+05:30" testType="13cdc9d9-ddb5-4fa4-a97d-d965ccfc6d4b" outcome="Passed" testListId="8c84fa94-04c1-424b-9868-57a2d4851a1d" relativeResultsDirectory="f814bfcb-0a7d-49da-8711-4b3ee0c290d9">
    </UnitTestResult>
    <UnitTestResult executionId="d6033abd-b1da-4e24-b979-979593394535" testId="4371c8b1-6570-8875-64c7-c5902de61313" testName="GenerateHeaderStrategyThirdPartyAuthorization" computerName="RAJANI-DELL" duration="00:00:00.0017914" startTime="2013-07-04T22:20:18.2525107+05:30" endTime="2013-07-04T22:20:18.2525107+05:30" testType="13cdc9d9-ddb5-4fa4-a97d-d965ccfc6d4b" outcome="Passed" testListId="8c84fa94-04c1-424b-9868-57a2d4851a1d" relativeResultsDirectory="d6033abd-b1da-4e24-b979-979593394535">
    </UnitTestResult>
    <UnitTestResult executionId="b25a9de2-a969-4313-a826-8208b119171f" testId="43f89219-873a-d4e4-932f-f3e6da53ba9e" testName="GenerateHeaderStrategy" computerName="RAJANI-DELL" duration="00:00:00.0008611" startTime="2013-07-04T22:20:18.2525107+05:30" endTime="2013-07-04T22:20:18.2681108+05:30" testType="13cdc9d9-ddb5-4fa4-a97d-d965ccfc6d4b" outcome="Passed" testListId="8c84fa94-04c1-424b-9868-57a2d4851a1d" relativeResultsDirectory="b25a9de2-a969-4313-a826-8208b119171f">
    </UnitTestResult>
    <UnitTestResult executionId="6344d3c8-7e9c-4f6b-918c-e1ee78fac13b" testId="44c13ad8-a113-f858-6621-7d9c003d082b" testName="GetHeaderMapCertificate" computerName="RAJANI-DELL" duration="00:00:00.0037446" startTime="2013-07-04T22:20:18.2681108+05:30" endTime="2013-07-04T22:20:18.2837108+05:30" testType="13cdc9d9-ddb5-4fa4-a97d-d965ccfc6d4b" outcome="Passed" testListId="8c84fa94-04c1-424b-9868-57a2d4851a1d" relativeResultsDirectory="6344d3c8-7e9c-4f6b-918c-e1ee78fac13b">
    </UnitTestResult>
    <UnitTestResult executionId="90716ba3-7e59-4845-a417-89bee5a374b9" testId="4a34cd43-779a-3873-9741-ad4b15783f13" testName="GetHeaderMapSignature" computerName="RAJANI-DELL" duration="00:00:00.0016375" startTime="2013-07-04T22:20:18.2837108+05:30" endTime="2013-07-04T22:20:18.2837108+05:30" testType="13cdc9d9-ddb5-4fa4-a97d-d965ccfc6d4b" outcome="Passed" testListId="8c84fa94-04c1-424b-9868-57a2d4851a1d" relativeResultsDirectory="90716ba3-7e59-4845-a417-89bee5a374b9">
    </UnitTestResult>
    <UnitTestResult executionId="40b53699-4044-4998-a8f2-d2879b3d01b0" testId="51a0f6d8-018d-edb9-782c-85a06a3d4c01" testName="MakeRequestUsingNVPCertificateCredential" computerName="RAJANI-DELL" duration="00:00:08.1453745" startTime="2013-07-04T22:20:18.2837108+05:30" endTime="2013-07-04T22:20:26.4425251+05:30" testType="13cdc9d9-ddb5-4fa4-a97d-d965ccfc6d4b" outcome="Passed" testListId="8c84fa94-04c1-424b-9868-57a2d4851a1d" relativeResultsDirectory="40b53699-4044-4998-a8f2-d2879b3d01b0">
    </UnitTestResult>
    <UnitTestResult executionId="acd54c07-9547-46b2-ad6d-cbd7e080bfa8" testId="51bb7c6a-cbd1-e05a-c7a1-490813e93e0d" testName="SDKName" computerName="RAJANI-DELL" duration="00:00:00.0008753" startTime="2013-07-04T22:20:26.4425251+05:30" endTime="2013-07-04T22:20:26.4581251+05:30" testType="13cdc9d9-ddb5-4fa4-a97d-d965ccfc6d4b" outcome="Passed" testListId="8c84fa94-04c1-424b-9868-57a2d4851a1d" relativeResultsDirectory="acd54c07-9547-46b2-ad6d-cbd7e080bfa8">
    </UnitTestResult>
    <UnitTestResult executionId="180cec1e-e01c-4eb8-890f-136b56943952" testId="5c2e115e-e652-e9d9-8f7d-9abcedaba51f" testName="GetPayloadSignature" computerName="RAJANI-DELL" duration="00:00:00.0017980" startTime="2013-07-04T22:20:26.4581251+05:30" endTime="2013-07-04T22:20:26.4581251+05:30" testType="13cdc9d9-ddb5-4fa4-a97d-d965ccfc6d4b" outcome="Passed" testListId="8c84fa94-04c1-424b-9868-57a2d4851a1d" relativeResultsDirectory="180cec1e-e01c-4eb8-890f-136b56943952">
    </UnitTestResult>
    <UnitTestResult executionId="59fb131f-eb26-497e-9d25-35c09362a633" testId="6686bde7-e043-f95c-5df6-13053f7201bf" testName="IPNMap" computerName="RAJANI-DELL" duration="00:00:00.0033686" startTime="2013-07-04T22:20:26.4581251+05:30" endTime="2013-07-04T22:20:26.4737252+05:30" testType="13cdc9d9-ddb5-4fa4-a97d-d965ccfc6d4b" outcome="Passed" testListId="8c84fa94-04c1-424b-9868-57a2d4851a1d" relativeResultsDirectory="59fb131f-eb26-497e-9d25-35c09362a633">
    </UnitTestResult>
    <UnitTestResult executionId="ba6cbcc1-db29-493d-bda9-40f21c72ea76" testId="77bb7902-f8e7-7e72-0192-099d81008c76" testName="GetHeaderMapWithSignatureWithTokenTest" computerName="RAJANI-DELL" duration="00:00:00.0027888" startTime="2013-07-04T22:20:26.4737252+05:30" endTime="2013-07-04T22:20:26.4737252+05:30" testType="13cdc9d9-ddb5-4fa4-a97d-d965ccfc6d4b" outcome="Passed" testListId="8c84fa94-04c1-424b-9868-57a2d4851a1d" relativeResultsDirectory="ba6cbcc1-db29-493d-bda9-40f21c72ea76">
    </UnitTestResult>
    <UnitTestResult executionId="7512a03f-1143-48be-adf9-fb773b03a6f3" testId="7f531159-6e1a-c49a-9905-172e6db0fdd9" testName="ThirdPartyAuthorization" computerName="RAJANI-DELL" duration="00:00:00.0004015" startTime="2013-07-04T22:20:26.4893252+05:30" endTime="2013-07-04T22:20:26.4893252+05:30" testType="13cdc9d9-ddb5-4fa4-a97d-d965ccfc6d4b" outcome="Passed" testListId="8c84fa94-04c1-424b-9868-57a2d4851a1d" relativeResultsDirectory="7512a03f-1143-48be-adf9-fb773b03a6f3">
    </UnitTestResult>
    <UnitTestResult executionId="75a7f418-e135-4e4a-b3a7-7e9b39c47211" testId="8039e7ef-2413-d5f9-a378-e992a134ce20" testName="GetEndpointForLiveMode" computerName="RAJANI-DELL" duration="00:00:00.0006496" startTime="2013-07-04T22:20:26.4893252+05:30" endTime="2013-07-04T22:20:26.5049252+05:30" testType="13cdc9d9-ddb5-4fa4-a97d-d965ccfc6d4b" outcome="Passed" testListId="8c84fa94-04c1-424b-9868-57a2d4851a1d" relativeResultsDirectory="75a7f418-e135-4e4a-b3a7-7e9b39c47211">
    </UnitTestResult>
    <UnitTestResult executionId="ddbebada-ff00-4f80-9afd-9c58cfc56e02" testId="8121e133-a55b-38f2-bdee-b852fb5db8d9" testName="GenerateHeaderStrategyWithoutToken" computerName="RAJANI-DELL" duration="00:00:00.0009173" startTime="2013-07-04T22:20:26.5049252+05:30" endTime="2013-07-04T22:20:26.5205252+05:30" testType="13cdc9d9-ddb5-4fa4-a97d-d965ccfc6d4b" outcome="Passed" testListId="8c84fa94-04c1-424b-9868-57a2d4851a1d" relativeResultsDirectory="ddbebada-ff00-4f80-9afd-9c58cfc56e02">
    </UnitTestResult>
    <UnitTestResult executionId="1b660d04-822e-46d0-a6ce-625f6558a855" testId="849291fd-dbf2-9053-4590-1c080e50199c" testName="SignatureCredentialArgumentException" computerName="RAJANI-DELL" duration="00:00:00.0018163" startTime="2013-07-04T22:20:26.5205252+05:30" endTime="2013-07-04T22:20:26.5205252+05:30" testType="13cdc9d9-ddb5-4fa4-a97d-d965ccfc6d4b" outcome="Passed" testListId="8c84fa94-04c1-424b-9868-57a2d4851a1d" relativeResultsDirectory="1b660d04-822e-46d0-a6ce-625f6558a855">
    </UnitTestResult>
    <UnitTestResult executionId="b791d4a9-d5fe-4391-af37-b8672e52157b" testId="86b8d6ce-a9d6-d7ca-d9f0-fcaadae3f83a" testName="GenerateHeaderStrategyWithoutToken" computerName="RAJANI-DELL" duration="00:00:00.0008871" startTime="2013-07-04T22:20:26.5205252+05:30" endTime="2013-07-04T22:20:26.5361253+05:30" testType="13cdc9d9-ddb5-4fa4-a97d-d965ccfc6d4b" outcome="Passed" testListId="8c84fa94-04c1-424b-9868-57a2d4851a1d" relativeResultsDirectory="b791d4a9-d5fe-4391-af37-b8672e52157b">
    </UnitTestResult>
    <UnitTestResult executionId="79b86640-842f-4454-b166-c0c00372d125" testId="86f7572e-d26b-b254-0e01-5fb21c888884" testName="GetEndpointForDefaultModeWithoutEndpoint" computerName="RAJANI-DELL" duration="00:00:00.0023321" startTime="2013-07-04T22:20:26.5361253+05:30" endTime="2013-07-04T22:20:26.5517253+05:30" testType="13cdc9d9-ddb5-4fa4-a97d-d965ccfc6d4b" outcome="Passed" testListId="8c84fa94-04c1-424b-9868-57a2d4851a1d" relativeResultsDirectory="79b86640-842f-4454-b166-c0c00372d125">
    </UnitTestResult>
    <UnitTestResult executionId="088a2bb1-f9a2-4fe5-8b3f-138968d6eabd" testId="87f27590-4836-6865-db8e-3f409c570f8b" testName="ApplicationId" computerName="RAJANI-DELL" duration="00:00:00.0003713" startTime="2013-07-04T22:20:26.5517253+05:30" endTime="2013-07-04T22:20:26.5517253+05:30" testType="13cdc9d9-ddb5-4fa4-a97d-d965ccfc6d4b" outcome="Passed" testListId="8c84fa94-04c1-424b-9868-57a2d4851a1d" relativeResultsDirectory="088a2bb1-f9a2-4fe5-8b3f-138968d6eabd">
    </UnitTestResult>
    <UnitTestResult executionId="7ac4355c-0bf6-42b2-a48e-01a3831dc1b8" testId="8c8149cf-4f29-ef20-0263-4f511eccad1d" testName="CertificateCredentialArgumentException" computerName="RAJANI-DELL" duration="00:00:00.0018667" startTime="2013-07-04T22:20:26.5517253+05:30" endTime="2013-07-04T22:20:26.5673253+05:30" testType="13cdc9d9-ddb5-4fa4-a97d-d965ccfc6d4b" outcome="Passed" testListId="8c84fa94-04c1-424b-9868-57a2d4851a1d" relativeResultsDirectory="7ac4355c-0bf6-42b2-a48e-01a3831dc1b8">
    </UnitTestResult>
    <UnitTestResult executionId="5516ef30-00aa-4e90-b492-2deef697de8f" testId="a3cba41c-6d99-e3c7-1b61-c202eb1bdb41" testName="GenerateHeaderStrategyToken" computerName="RAJANI-DELL" duration="00:00:00.0008285" startTime="2013-07-04T22:20:26.5673253+05:30" endTime="2013-07-04T22:20:26.5673253+05:30" testType="13cdc9d9-ddb5-4fa4-a97d-d965ccfc6d4b" outcome="Passed" testListId="8c84fa94-04c1-424b-9868-57a2d4851a1d" relativeResultsDirectory="5516ef30-00aa-4e90-b492-2deef697de8f">
    </UnitTestResult>
    <UnitTestResult executionId="c35c23a9-b829-4421-aa03-345dcdc27160" testId="a974f3a8-6a32-4122-4c75-119dc2d894fc" testName="GetEndpointForSandboxMode" computerName="RAJANI-DELL" duration="00:00:00.0006034" startTime="2013-07-04T22:20:26.5673253+05:30" endTime="2013-07-04T22:20:26.5829254+05:30" testType="13cdc9d9-ddb5-4fa4-a97d-d965ccfc6d4b" outcome="Passed" testListId="8c84fa94-04c1-424b-9868-57a2d4851a1d" relativeResultsDirectory="c35c23a9-b829-4421-aa03-345dcdc27160">
    </UnitTestResult>
    <UnitTestResult executionId="7953f842-0421-40ad-b0cb-3fd8cc88fa75" testId="aa88fca3-0d67-338e-964c-89eda251c646" testName="GenerateHeaderStrategyWithToken" computerName="RAJANI-DELL" duration="00:00:00.0012146" startTime="2013-07-04T22:20:26.5829254+05:30" endTime="2013-07-04T22:20:26.5829254+05:30" testType="13cdc9d9-ddb5-4fa4-a97d-d965ccfc6d4b" outcome="Passed" testListId="8c84fa94-04c1-424b-9868-57a2d4851a1d" relativeResultsDirectory="7953f842-0421-40ad-b0cb-3fd8cc88fa75">
    </UnitTestResult>
    <UnitTestResult executionId="b8246a0f-e8dd-44d2-ba10-74237f6df855" testId="ab244521-c0ce-a66d-3a1b-b3a528577bd9" testName="IPNRequest" computerName="RAJANI-DELL" duration="00:00:02.7300014" startTime="2013-07-04T22:20:26.5829254+05:30" endTime="2013-07-04T22:20:29.3285302+05:30" testType="13cdc9d9-ddb5-4fa4-a97d-d965ccfc6d4b" outcome="Passed" testListId="8c84fa94-04c1-424b-9868-57a2d4851a1d" relativeResultsDirectory="b8246a0f-e8dd-44d2-ba10-74237f6df855">
    </UnitTestResult>
    <UnitTestResult executionId="f9eebdeb-115c-4fa4-a284-939274d3bec9" testId="ad7b5f1e-df33-c889-8a51-646472f39511" testName="Signature" computerName="RAJANI-DELL" duration="00:00:00.0003689" startTime="2013-07-04T22:20:29.3285302+05:30" endTime="2013-07-04T22:20:29.3285302+05:30" testType="13cdc9d9-ddb5-4fa4-a97d-d965ccfc6d4b" outcome="Passed" testListId="8c84fa94-04c1-424b-9868-57a2d4851a1d" relativeResultsDirectory="f9eebdeb-115c-4fa4-a284-939274d3bec9">
    </UnitTestResult>
    <UnitTestResult executionId="882cfd9a-ff66-42d2-9d7c-fe29727b0a4b" testId="afd10876-d152-de71-8d03-94d3fcb0b9d9" testName="GenerateHeaderStrategyThirdParty" computerName="RAJANI-DELL" duration="00:00:00.0013177" startTime="2013-07-04T22:20:29.3285302+05:30" endTime="2013-07-04T22:20:29.3441302+05:30" testType="13cdc9d9-ddb5-4fa4-a97d-d965ccfc6d4b" outcome="Passed" testListId="8c84fa94-04c1-424b-9868-57a2d4851a1d" relativeResultsDirectory="882cfd9a-ff66-42d2-9d7c-fe29727b0a4b">
    </UnitTestResult>
    <UnitTestResult executionId="ad773a5a-a53e-4a3f-a691-195d3ce22229" testId="b1bbd99b-fd4c-7a83-0818-a20cd1151071" testName="GetHeaderMapSignatureWithoutTokenTest" computerName="RAJANI-DELL" duration="00:00:00.0011773" startTime="2013-07-04T22:20:29.3441302+05:30" endTime="2013-07-04T22:20:29.3441302+05:30" testType="13cdc9d9-ddb5-4fa4-a97d-d965ccfc6d4b" outcome="Passed" testListId="8c84fa94-04c1-424b-9868-57a2d4851a1d" relativeResultsDirectory="ad773a5a-a53e-4a3f-a691-195d3ce22229">
    </UnitTestResult>
    <UnitTestResult executionId="0220302b-048c-4526-92c5-165fb1219da0" testId="b58fd2f8-c848-1ca9-c28b-de79ec867f1d" testName="CreateNewConnection" computerName="RAJANI-DELL" duration="00:00:00.0008676" startTime="2013-07-04T22:20:29.3597302+05:30" endTime="2013-07-04T22:20:29.3597302+05:30" testType="13cdc9d9-ddb5-4fa4-a97d-d965ccfc6d4b" outcome="Passed" testListId="8c84fa94-04c1-424b-9868-57a2d4851a1d" relativeResultsDirectory="0220302b-048c-4526-92c5-165fb1219da0">
    </UnitTestResult>
    <UnitTestResult executionId="8a68bc26-3f18-4d9f-ac2f-65e39053dfa8" testId="b82c0a01-6348-0b0d-3074-80bfc49721c7" testName="GetPayloadForEmptyRawPayload" computerName="RAJANI-DELL" duration="00:00:00.0005051" startTime="2013-07-04T22:20:29.3597302+05:30" endTime="2013-07-04T22:20:29.3597302+05:30" testType="13cdc9d9-ddb5-4fa4-a97d-d965ccfc6d4b" outcome="Passed" testListId="8c84fa94-04c1-424b-9868-57a2d4851a1d" relativeResultsDirectory="8a68bc26-3f18-4d9f-ac2f-65e39053dfa8">
    </UnitTestResult>
    <UnitTestResult executionId="8dc7bed1-b604-4367-81ff-8073044307e0" testId="b82c9886-d887-86ae-1efb-99332d2b732b" testName="GetEndpointForDefaultModeWithExplicitEndpoint" computerName="RAJANI-DELL" duration="00:00:00.0010085" startTime="2013-07-04T22:20:29.3753303+05:30" endTime="2013-07-04T22:20:29.3753303+05:30" testType="13cdc9d9-ddb5-4fa4-a97d-d965ccfc6d4b" outcome="Passed" testListId="8c84fa94-04c1-424b-9868-57a2d4851a1d" relativeResultsDirectory="8dc7bed1-b604-4367-81ff-8073044307e0">
    </UnitTestResult>
    <UnitTestResult executionId="671b093e-670b-4358-99d6-d2fb4fe1e4f0" testId="ba574c0e-c31c-02c0-fdd0-34ae602c50c5" testName="ThirdPartyAuthorization" computerName="RAJANI-DELL" duration="00:00:00.0007450" startTime="2013-07-04T22:20:29.3753303+05:30" endTime="2013-07-04T22:20:29.3909303+05:30" testType="13cdc9d9-ddb5-4fa4-a97d-d965ccfc6d4b" outcome="Passed" testListId="8c84fa94-04c1-424b-9868-57a2d4851a1d" relativeResultsDirectory="671b093e-670b-4358-99d6-d2fb4fe1e4f0">
    </UnitTestResult>
    <UnitTestResult executionId="60c11b3d-797b-4114-b3f4-bcefcf317731" testId="cc3e3653-0331-91c4-890c-515acd6be35a" testName="GenerateHeaderStrategyToken" computerName="RAJANI-DELL" duration="00:00:00.0007906" startTime="2013-07-04T22:20:29.3909303+05:30" endTime="2013-07-04T22:20:29.3909303+05:30" testType="13cdc9d9-ddb5-4fa4-a97d-d965ccfc6d4b" outcome="Passed" testListId="8c84fa94-04c1-424b-9868-57a2d4851a1d" relativeResultsDirectory="60c11b3d-797b-4114-b3f4-bcefcf317731">
    </UnitTestResult>
    <UnitTestResult executionId="9e6b30e8-345d-4fb1-b84f-d2c38489ca9a" testId="cd054d14-161a-a13d-9225-f777cad71d7c" testName="GenerateHeaderStrategyWithToken" computerName="RAJANI-DELL" duration="00:00:00.0027284" startTime="2013-07-04T22:20:29.3909303+05:30" endTime="2013-07-04T22:20:29.4065303+05:30" testType="13cdc9d9-ddb5-4fa4-a97d-d965ccfc6d4b" outcome="Passed" testListId="8c84fa94-04c1-424b-9868-57a2d4851a1d" relativeResultsDirectory="9e6b30e8-345d-4fb1-b84f-d2c38489ca9a">
    </UnitTestResult>
    <UnitTestResult executionId="b3fe0c8f-0bab-4ed6-84e7-0f1dc4393e6f" testId="cf6da6e7-4c31-c644-b018-97103a7743f7" testName="ThirdPartyAuthorizationForSubject" computerName="RAJANI-DELL" duration="00:00:00.0004275" startTime="2013-07-04T22:20:29.4065303+05:30" endTime="2013-07-04T22:20:29.4065303+05:30" testType="13cdc9d9-ddb5-4fa4-a97d-d965ccfc6d4b" outcome="Passed" testListId="8c84fa94-04c1-424b-9868-57a2d4851a1d" relativeResultsDirectory="b3fe0c8f-0bab-4ed6-84e7-0f1dc4393e6f">
    </UnitTestResult>
    <UnitTestResult executionId="c4086854-7e8f-4321-be78-f9056d0bc428" testId="d09e4d04-a564-32df-1672-3295b45ff176" testName="GenerateHeaderStrategyWithoutToken" computerName="RAJANI-DELL" duration="00:00:00.0006248" startTime="2013-07-04T22:20:29.4065303+05:30" endTime="2013-07-04T22:20:29.4221303+05:30" testType="13cdc9d9-ddb5-4fa4-a97d-d965ccfc6d4b" outcome="Passed" testListId="8c84fa94-04c1-424b-9868-57a2d4851a1d" relativeResultsDirectory="c4086854-7e8f-4321-be78-f9056d0bc428">
    </UnitTestResult>
    <UnitTestResult executionId="5855b3da-1084-465e-9270-fa44e93ea888" testId="d1be01cd-84f9-ce84-8e73-6af9b8907747" testName="Password" computerName="RAJANI-DELL" duration="00:00:00.0003257" startTime="2013-07-04T22:20:29.4221303+05:30" endTime="2013-07-04T22:20:29.4221303+05:30" testType="13cdc9d9-ddb5-4fa4-a97d-d965ccfc6d4b" outcome="Passed" testListId="8c84fa94-04c1-424b-9868-57a2d4851a1d" relativeResultsDirectory="5855b3da-1084-465e-9270-fa44e93ea888">
    </UnitTestResult>
    <UnitTestResult executionId="6ceb3666-cc81-4347-a373-405957ac76d9" testId="d2eeaf84-fc2e-3b2d-e15b-6c2405bd3888" testName="GetPayloadEndpointWithoutTokenTest" computerName="RAJANI-DELL" duration="00:00:00.0009475" startTime="2013-07-04T22:20:29.4221303+05:30" endTime="2013-07-04T22:20:29.4377304+05:30" testType="13cdc9d9-ddb5-4fa4-a97d-d965ccfc6d4b" outcome="Passed" testListId="8c84fa94-04c1-424b-9868-57a2d4851a1d" relativeResultsDirectory="6ceb3666-cc81-4347-a373-405957ac76d9">
    </UnitTestResult>
    <UnitTestResult executionId="5d259044-0236-4697-8ad3-b02de60a5d9f" testId="d3c24e22-1419-f89c-f68b-0b0c71e3b3ee" testName="ThirdPartyAuthorizationForToken" computerName="RAJANI-DELL" duration="00:00:00.0005306" startTime="2013-07-04T22:20:29.4377304+05:30" endTime="2013-07-04T22:20:29.4377304+05:30" testType="13cdc9d9-ddb5-4fa4-a97d-d965ccfc6d4b" outcome="Passed" testListId="8c84fa94-04c1-424b-9868-57a2d4851a1d" relativeResultsDirectory="5d259044-0236-4697-8ad3-b02de60a5d9f">
    </UnitTestResult>
    <UnitTestResult executionId="86e07a58-9474-4394-aae0-51060ba1cdb3" testId="d6454c07-980e-1401-3a6e-b3391d90e6e3" testName="GetEndpointForDefaultModeWithExplicitEndpoint" computerName="RAJANI-DELL" duration="00:00:00.0011240" startTime="2013-07-04T22:20:29.4533304+05:30" endTime="2013-07-04T22:20:29.4533304+05:30" testType="13cdc9d9-ddb5-4fa4-a97d-d965ccfc6d4b" outcome="Passed" testListId="8c84fa94-04c1-424b-9868-57a2d4851a1d" relativeResultsDirectory="86e07a58-9474-4394-aae0-51060ba1cdb3">
    </UnitTestResult>
    <UnitTestResult executionId="f47c6048-d754-47c2-8e50-345315c82751" testId="d66e8981-6174-d7bd-5c67-ab31bbddb411" testName="SDKVersion" computerName="RAJANI-DELL" duration="00:00:00.0008966" startTime="2013-07-04T22:20:29.4533304+05:30" endTime="2013-07-04T22:20:29.4533304+05:30" testType="13cdc9d9-ddb5-4fa4-a97d-d965ccfc6d4b" outcome="Passed" testListId="8c84fa94-04c1-424b-9868-57a2d4851a1d" relativeResultsDirectory="f47c6048-d754-47c2-8e50-345315c82751">
    </UnitTestResult>
    <UnitTestResult executionId="106ab491-b54f-4455-ade8-de873304d9ec" testId="d9e48648-31c1-b746-64ae-9a4f30e4173a" testName="IPNParameter" computerName="RAJANI-DELL" duration="00:00:00.0011193" startTime="2013-07-04T22:20:29.4689304+05:30" endTime="2013-07-04T22:20:29.4689304+05:30" testType="13cdc9d9-ddb5-4fa4-a97d-d965ccfc6d4b" outcome="Passed" testListId="8c84fa94-04c1-424b-9868-57a2d4851a1d" relativeResultsDirectory="106ab491-b54f-4455-ade8-de873304d9ec">
    </UnitTestResult>
    <UnitTestResult executionId="63930729-d2df-49be-98c1-4bd8b3dd7a29" testId="eb7a7dff-fe14-7dd7-d97a-3355c7d79926" testName="GenerateHeaderStrategyWithoutTokenTest" computerName="RAJANI-DELL" duration="00:00:00.0004252" startTime="2013-07-04T22:20:29.4689304+05:30" endTime="2013-07-04T22:20:29.4845305+05:30" testType="13cdc9d9-ddb5-4fa4-a97d-d965ccfc6d4b" outcome="Passed" testListId="8c84fa94-04c1-424b-9868-57a2d4851a1d" relativeResultsDirectory="63930729-d2df-49be-98c1-4bd8b3dd7a29">
    </UnitTestResult>
    <UnitTestResult executionId="7568f7f0-2ea7-410c-a081-90c346cc80cd" testId="ed6305c3-d0e8-0316-c969-d624b4e0e33f" testName="NamespaceAttributes" computerName="RAJANI-DELL" duration="00:00:00.0003523" startTime="2013-07-04T22:20:29.4845305+05:30" endTime="2013-07-04T22:20:29.4845305+05:30" testType="13cdc9d9-ddb5-4fa4-a97d-d965ccfc6d4b" outcome="Passed" testListId="8c84fa94-04c1-424b-9868-57a2d4851a1d" relativeResultsDirectory="7568f7f0-2ea7-410c-a081-90c346cc80cd">
    </UnitTestResult>
    <UnitTestResult executionId="e39a3f97-697b-4ed8-b2fa-b2d73c5bd6c3" testId="f290d808-6abb-2b42-2b66-7d14271bccd9" testName="Password" computerName="RAJANI-DELL" duration="00:00:00.0002120" startTime="2013-07-04T22:20:29.4845305+05:30" endTime="2013-07-04T22:20:29.4845305+05:30" testType="13cdc9d9-ddb5-4fa4-a97d-d965ccfc6d4b" outcome="Passed" testListId="8c84fa94-04c1-424b-9868-57a2d4851a1d" relativeResultsDirectory="e39a3f97-697b-4ed8-b2fa-b2d73c5bd6c3">
    </UnitTestResult>
    <UnitTestResult executionId="c767c77f-b646-4574-becc-579e7f6b424f" testId="f32bdffd-0eaf-8a22-eda8-e5f85b16bc58" testName="LoadCredentialForNonExistentAccount" computerName="RAJANI-DELL" duration="00:00:00.0019194" startTime="2013-07-04T22:20:29.4845305+05:30" endTime="2013-07-04T22:20:29.5001305+05:30" testType="13cdc9d9-ddb5-4fa4-a97d-d965ccfc6d4b" outcome="Passed" testListId="8c84fa94-04c1-424b-9868-57a2d4851a1d" relativeResultsDirectory="c767c77f-b646-4574-becc-579e7f6b424f">
    </UnitTestResult>
    <UnitTestResult executionId="3da75c85-b4a1-46bb-85f3-c8595ee7dee1" testId="f425077f-f0e9-2763-c56c-c2940e74a84f" testName="GetHeaderMapWithCertificateWithTokenTest" computerName="RAJANI-DELL" duration="00:00:00.0007035" startTime="2013-07-04T22:20:29.5001305+05:30" endTime="2013-07-04T22:20:29.5001305+05:30" testType="13cdc9d9-ddb5-4fa4-a97d-d965ccfc6d4b" outcome="Passed" testListId="8c84fa94-04c1-424b-9868-57a2d4851a1d" relativeResultsDirectory="3da75c85-b4a1-46bb-85f3-c8595ee7dee1">
    </UnitTestResult>
    <UnitTestResult executionId="61860f97-2366-477c-bde2-5e29d28b93f9" testId="f4312309-94b2-506e-7166-cc6767750811" testName="GetEndpointForDefaultModeWithoutEndpoint" computerName="RAJANI-DELL" duration="00:00:00.0016256" startTime="2013-07-04T22:20:29.5001305+05:30" endTime="2013-07-04T22:20:29.5157305+05:30" testType="13cdc9d9-ddb5-4fa4-a97d-d965ccfc6d4b" outcome="Passed" testListId="8c84fa94-04c1-424b-9868-57a2d4851a1d" relativeResultsDirectory="61860f97-2366-477c-bde2-5e29d28b93f9">
    </UnitTestResult>
    <UnitTestResult executionId="d2be2592-2330-4370-8e72-a8612861b39d" testId="f49bbde9-e106-1688-94e7-5004e767b638" testName="ThirdPartyAuthorizationTestForToken" computerName="RAJANI-DELL" duration="00:00:00.0003654" startTime="2013-07-04T22:20:29.5157305+05:30" endTime="2013-07-04T22:20:29.5157305+05:30" testType="13cdc9d9-ddb5-4fa4-a97d-d965ccfc6d4b" outcome="Passed" testListId="8c84fa94-04c1-424b-9868-57a2d4851a1d" relativeResultsDirectory="d2be2592-2330-4370-8e72-a8612861b39d">
    </UnitTestResult>
    <UnitTestResult executionId="7d6d31ba-d281-45ee-9cf7-ae956fec1194" testId="f678d02a-fbfc-98fc-a2f4-7724bc740ee4" testName="LoadSignatureCredential" computerName="RAJANI-DELL" duration="00:00:00.0006141" startTime="2013-07-04T22:20:29.5157305+05:30" endTime="2013-07-04T22:20:29.5157305+05:30" testType="13cdc9d9-ddb5-4fa4-a97d-d965ccfc6d4b" outcome="Passed" testListId="8c84fa94-04c1-424b-9868-57a2d4851a1d" relativeResultsDirectory="7d6d31ba-d281-45ee-9cf7-ae956fec1194">
    </UnitTestResult>
    <UnitTestResult executionId="017fe4e7-10db-4841-95fb-4a2e19bd7f41" testId="f83c555f-36d7-6fc6-204f-0b431d3e6256" testName="UserName" computerName="RAJANI-DELL" duration="00:00:00.0002333" startTime="2013-07-04T22:20:29.5157305+05:30" endTime="2013-07-04T22:20:29.5313305+05:30" testType="13cdc9d9-ddb5-4fa4-a97d-d965ccfc6d4b" outcome="Passed" testListId="8c84fa94-04c1-424b-9868-57a2d4851a1d" relativeResultsDirectory="017fe4e7-10db-4841-95fb-4a2e19bd7f41">
    </UnitTestResult>
    <UnitTestResult executionId="4472ff81-8d06-4393-b1aa-a28ff202a197" testId="fe2266bf-d2c1-a6a8-5632-e6b556708a37" testName="IPNTransaction" computerName="RAJANI-DELL" duration="00:00:00.0008380" startTime="2013-07-04T22:20:29.5313305+05:30" endTime="2013-07-04T22:20:29.5313305+05:30" testType="13cdc9d9-ddb5-4fa4-a97d-d965ccfc6d4b" outcome="Passed" testListId="8c84fa94-04c1-424b-9868-57a2d4851a1d" relativeResultsDirectory="4472ff81-8d06-4393-b1aa-a28ff202a197">
    </UnitTestResult>
  </Results>
</TestRun>