<?xml version="1.0" encoding="UTF-8"?>
<TestRun id="c47ed2d2-b415-4779-b50a-11f9a4e08130" name="rsomaskandan@D-MAA-00391891 2013-06-26 17:18:31" runUser="CORP\rsomaskandan" xmlns="http://microsoft.com/schemas/VisualStudio/TeamTest/2010">
  <TestSettings name="Default Test Settings" id="c46e5721-af45-4acc-a6fc-0045b539dea6">
    <Deployment runDeploymentRoot="rsomaskandan_D-MAA-00391891 2013-06-26 17_18_31">
      <DeploymentItem filename="C:\Upgrade\sdk-core-dotnet\src\packages\log4net.2.0.0\lib\net40-full\log4net.dll" />
      <DeploymentItem filename="C:\Upgrade\sdk-core-dotnet\src\packages\Newtonsoft.Json.5.0.6\lib\net40\Newtonsoft.Json.dll" />
      <DeploymentItem filename="C:\Upgrade\sdk-core-dotnet\build\bin\Debug\.NET Framework 4.0\PayPal.Core.SDK.VS.2010.dll" />
    </Deployment>
    <Execution>
      <TestTypeSpecific />
      <AgentRule name="Execution Agents">
      </AgentRule>
    </Execution>
  </TestSettings>
  <Times creation="2013-06-26T17:18:31.0903221+05:30" queuing="2013-06-26T17:18:31.2931139+05:30" start="2013-06-26T17:18:31.3087137+05:30" finish="2013-06-26T17:18:48.0788937+05:30" />
  <ResultSummary outcome="Failed">
    <Counters total="47" executed="47" passed="45" error="0" failed="2" timeout="0" aborted="0" inconclusive="0" passedButRunAborted="0" notRunnable="0" notExecuted="0" disconnected="0" warning="0" completed="0" inProgress="0" pending="0" />
  </ResultSummary>
  <TestDefinitions>
    <UnitTest name="GetEndpointForDefaultModeWithoutEndpoint" storage="c:\upgrade\sdk-core-dotnet\src\bin\debug\paypal.core.sdk.vs.2010.unit.test.dll" id="a41a603b-245e-d759-0e29-4b90776b8bf8">
      <Execution id="51b15fb7-8b2b-4384-a939-3078c7a80b6e" />
      <TestMethod codeBase="C:/Upgrade/sdk-core-dotnet/src/bin/Debug/PayPal.Core.SDK.VS.2010.Unit.Test.DLL" adapterTypeName="Microsoft.VisualStudio.TestTools.TestTypes.Unit.UnitTestAdapter, Microsoft.VisualStudio.QualityTools.Tips.UnitTest.Adapter, Version=10.0.0.0, Culture=neutral, PublicKeyToken=b03f5f7f11d50a3a" className="PayPal.PlatformAPICallPreHandlerTest, PayPal.Core.SDK.VS.2010.Unit.Test, Version=0.0.0.0, Culture=neutral, PublicKeyToken=null" name="GetEndpointForDefaultModeWithoutEndpoint" />
    </UnitTest>
    <UnitTest name="HeaderElement" storage="c:\upgrade\sdk-core-dotnet\src\bin\debug\paypal.core.sdk.vs.2010.unit.test.dll" id="348a32c5-a36c-f5e9-6ea7-72c6aa16ade5">
      <Execution id="5f2ff3ec-3c7b-4ce2-bb96-01704a3ed5eb" />
      <TestMethod codeBase="C:/Upgrade/sdk-core-dotnet/src/bin/Debug/PayPal.Core.SDK.VS.2010.Unit.Test.DLL" adapterTypeName="Microsoft.VisualStudio.TestTools.TestTypes.Unit.UnitTestAdapter, Microsoft.VisualStudio.QualityTools.Tips.UnitTest.Adapter, Version=10.0.0.0, Culture=neutral, PublicKeyToken=b03f5f7f11d50a3a" className="PayPal.UnitTest.DefaultSOAPAPICallHandlerTest, PayPal.Core.SDK.VS.2010.Unit.Test, Version=0.0.0.0, Culture=neutral, PublicKeyToken=null" name="HeaderElement" />
    </UnitTest>
    <UnitTest name="ThirdPartyAuthorizationForToken" storage="c:\upgrade\sdk-core-dotnet\src\bin\debug\paypal.core.sdk.vs.2010.unit.test.dll" id="a8bc4982-96cf-8919-8fc8-43bbfb183108">
      <Execution id="7efc253f-3a1d-4303-bf3d-68be61574575" />
      <TestMethod codeBase="C:/Upgrade/sdk-core-dotnet/src/bin/Debug/PayPal.Core.SDK.VS.2010.Unit.Test.DLL" adapterTypeName="Microsoft.VisualStudio.TestTools.TestTypes.Unit.UnitTestAdapter, Microsoft.VisualStudio.QualityTools.Tips.UnitTest.Adapter, Version=10.0.0.0, Culture=neutral, PublicKeyToken=b03f5f7f11d50a3a" className="PayPal.SignatureCredentialTest, PayPal.Core.SDK.VS.2010.Unit.Test, Version=0.0.0.0, Culture=neutral, PublicKeyToken=null" name="ThirdPartyAuthorizationForToken" />
    </UnitTest>
    <UnitTest name="GetEndpointForSandboxMode" storage="c:\upgrade\sdk-core-dotnet\src\bin\debug\paypal.core.sdk.vs.2010.unit.test.dll" id="e259da7a-5f14-31d9-454c-fd12688ae7da">
      <Execution id="c79ce17f-7a66-45db-81c3-e6f663e60ff4" />
      <TestMethod codeBase="C:/Upgrade/sdk-core-dotnet/src/bin/Debug/PayPal.Core.SDK.VS.2010.Unit.Test.DLL" adapterTypeName="Microsoft.VisualStudio.TestTools.TestTypes.Unit.UnitTestAdapter, Microsoft.VisualStudio.QualityTools.Tips.UnitTest.Adapter, Version=10.0.0.0, Culture=neutral, PublicKeyToken=b03f5f7f11d50a3a" className="PayPal.PlatformAPICallPreHandlerTest, PayPal.Core.SDK.VS.2010.Unit.Test, Version=0.0.0.0, Culture=neutral, PublicKeyToken=null" name="GetEndpointForSandboxMode" />
    </UnitTest>
    <UnitTest name="IPNTransaction" storage="c:\upgrade\sdk-core-dotnet\src\bin\debug\paypal.core.sdk.vs.2010.unit.test.dll" id="e1aa0cea-ce8f-4dce-14b0-a35bee3a1193">
      <Execution id="7012f13b-bb8f-4c4a-ad2c-40238fd053a6" />
      <TestMethod codeBase="C:/Upgrade/sdk-core-dotnet/src/bin/Debug/PayPal.Core.SDK.VS.2010.Unit.Test.DLL" adapterTypeName="Microsoft.VisualStudio.TestTools.TestTypes.Unit.UnitTestAdapter, Microsoft.VisualStudio.QualityTools.Tips.UnitTest.Adapter, Version=10.0.0.0, Culture=neutral, PublicKeyToken=b03f5f7f11d50a3a" className="PayPal.IPNMessageTest, PayPal.Core.SDK.VS.2010.Unit.Test, Version=0.0.0.0, Culture=neutral, PublicKeyToken=null" name="IPNTransaction" />
    </UnitTest>
    <UnitTest name="GetHeaderMapWithSignatureWithTokenTest" storage="c:\upgrade\sdk-core-dotnet\src\bin\debug\paypal.core.sdk.vs.2010.unit.test.dll" id="572fc26d-a019-c680-b057-9212fb4a87ce">
      <Execution id="1e6ff052-d76c-42a4-96f1-55baf7d29bb7" />
      <TestMethod codeBase="C:/Upgrade/sdk-core-dotnet/src/bin/Debug/PayPal.Core.SDK.VS.2010.Unit.Test.DLL" adapterTypeName="Microsoft.VisualStudio.TestTools.TestTypes.Unit.UnitTestAdapter, Microsoft.VisualStudio.QualityTools.Tips.UnitTest.Adapter, Version=10.0.0.0, Culture=neutral, PublicKeyToken=b03f5f7f11d50a3a" className="PayPal.PlatformAPICallPreHandlerTest, PayPal.Core.SDK.VS.2010.Unit.Test, Version=0.0.0.0, Culture=neutral, PublicKeyToken=null" name="GetHeaderMapWithSignatureWithTokenTest" />
    </UnitTest>
    <UnitTest name="NamespaceAttributes" storage="c:\upgrade\sdk-core-dotnet\src\bin\debug\paypal.core.sdk.vs.2010.unit.test.dll" id="9954816d-0199-56c1-ad68-b0b9b77a38dd">
      <Execution id="fd8c50b4-ed56-4cea-9317-b4a4ef8617d9" />
      <TestMethod codeBase="C:/Upgrade/sdk-core-dotnet/src/bin/Debug/PayPal.Core.SDK.VS.2010.Unit.Test.DLL" adapterTypeName="Microsoft.VisualStudio.TestTools.TestTypes.Unit.UnitTestAdapter, Microsoft.VisualStudio.QualityTools.Tips.UnitTest.Adapter, Version=10.0.0.0, Culture=neutral, PublicKeyToken=b03f5f7f11d50a3a" className="PayPal.UnitTest.DefaultSOAPAPICallHandlerTest, PayPal.Core.SDK.VS.2010.Unit.Test, Version=0.0.0.0, Culture=neutral, PublicKeyToken=null" name="NamespaceAttributes" />
    </UnitTest>
    <UnitTest name="IPNRequest" storage="c:\upgrade\sdk-core-dotnet\src\bin\debug\paypal.core.sdk.vs.2010.unit.test.dll" id="31bda955-4698-3bb7-f313-5a568fd924bb">
      <Execution id="9b1f120a-3dca-43fd-8440-cd89e779740b" />
      <TestMethod codeBase="C:/Upgrade/sdk-core-dotnet/src/bin/Debug/PayPal.Core.SDK.VS.2010.Unit.Test.DLL" adapterTypeName="Microsoft.VisualStudio.TestTools.TestTypes.Unit.UnitTestAdapter, Microsoft.VisualStudio.QualityTools.Tips.UnitTest.Adapter, Version=10.0.0.0, Culture=neutral, PublicKeyToken=b03f5f7f11d50a3a" className="PayPal.IPNMessageTest, PayPal.Core.SDK.VS.2010.Unit.Test, Version=0.0.0.0, Culture=neutral, PublicKeyToken=null" name="IPNRequest" />
    </UnitTest>
    <UnitTest name="GetHeaderMapSignatureWithoutTokenTest" storage="c:\upgrade\sdk-core-dotnet\src\bin\debug\paypal.core.sdk.vs.2010.unit.test.dll" id="7602c5a1-68c8-5132-75da-6b6ec6e3859c">
      <Execution id="7d8604a5-74c5-4cbd-9372-dfecaae40d03" />
      <TestMethod codeBase="C:/Upgrade/sdk-core-dotnet/src/bin/Debug/PayPal.Core.SDK.VS.2010.Unit.Test.DLL" adapterTypeName="Microsoft.VisualStudio.TestTools.TestTypes.Unit.UnitTestAdapter, Microsoft.VisualStudio.QualityTools.Tips.UnitTest.Adapter, Version=10.0.0.0, Culture=neutral, PublicKeyToken=b03f5f7f11d50a3a" className="PayPal.PlatformAPICallPreHandlerTest, PayPal.Core.SDK.VS.2010.Unit.Test, Version=0.0.0.0, Culture=neutral, PublicKeyToken=null" name="GetHeaderMapSignatureWithoutTokenTest" />
    </UnitTest>
    <UnitTest name="IPNParseQueryString" storage="c:\upgrade\sdk-core-dotnet\src\bin\debug\paypal.core.sdk.vs.2010.unit.test.dll" id="bcbe2a27-7af0-ffe3-a36f-50d059124977">
      <Execution id="eb79ae10-4b79-4acd-b16e-c55c1225d9c0" />
      <TestMethod codeBase="C:/Upgrade/sdk-core-dotnet/src/bin/Debug/PayPal.Core.SDK.VS.2010.Unit.Test.DLL" adapterTypeName="Microsoft.VisualStudio.TestTools.TestTypes.Unit.UnitTestAdapter, Microsoft.VisualStudio.QualityTools.Tips.UnitTest.Adapter, Version=10.0.0.0, Culture=neutral, PublicKeyToken=b03f5f7f11d50a3a" className="PayPal.IPNMessageTest, PayPal.Core.SDK.VS.2010.Unit.Test, Version=0.0.0.0, Culture=neutral, PublicKeyToken=null" name="IPNParseQueryString" />
    </UnitTest>
    <UnitTest name="setAndGetThirdPartyAuthorizationForSubject" storage="c:\upgrade\sdk-core-dotnet\src\bin\debug\paypal.core.sdk.vs.2010.unit.test.dll" id="34cec497-81a9-ae94-3928-9d6ffe4f51b3">
      <Execution id="b1c7eb1e-95aa-400e-8c7e-2f6c96a36bee" />
      <TestMethod codeBase="C:/Upgrade/sdk-core-dotnet/src/bin/Debug/PayPal.Core.SDK.VS.2010.Unit.Test.DLL" adapterTypeName="Microsoft.VisualStudio.TestTools.TestTypes.Unit.UnitTestAdapter, Microsoft.VisualStudio.QualityTools.Tips.UnitTest.Adapter, Version=10.0.0.0, Culture=neutral, PublicKeyToken=b03f5f7f11d50a3a" className="PayPal.CertificateCredentialTest, PayPal.Core.SDK.VS.2010.Unit.Test, Version=0.0.0.0, Culture=neutral, PublicKeyToken=null" name="setAndGetThirdPartyAuthorizationForSubject" />
    </UnitTest>
    <UnitTest name="GenerateHeaderStrategyWithTokenTest" storage="c:\upgrade\sdk-core-dotnet\src\bin\debug\paypal.core.sdk.vs.2010.unit.test.dll" id="3e25a89a-2717-5061-5bb9-f76c52e98eb6">
      <Execution id="60a0c99a-92dc-40e3-abd5-c0e704dc740a" />
      <TestMethod codeBase="C:/Upgrade/sdk-core-dotnet/src/bin/Debug/PayPal.Core.SDK.VS.2010.Unit.Test.DLL" adapterTypeName="Microsoft.VisualStudio.TestTools.TestTypes.Unit.UnitTestAdapter, Microsoft.VisualStudio.QualityTools.Tips.UnitTest.Adapter, Version=10.0.0.0, Culture=neutral, PublicKeyToken=b03f5f7f11d50a3a" className="PayPal.CertificateHttpHeaderAuthStrategyTest, PayPal.Core.SDK.VS.2010.Unit.Test, Version=0.0.0.0, Culture=neutral, PublicKeyToken=null" name="GenerateHeaderStrategyWithTokenTest" />
    </UnitTest>
    <UnitTest name="GenerateHeaderStrategyWithToken" storage="c:\upgrade\sdk-core-dotnet\src\bin\debug\paypal.core.sdk.vs.2010.unit.test.dll" id="793b3ff9-7cec-bc6d-bb95-845664a0a274">
      <Execution id="792aedc9-54ac-4b91-9f9a-72d336e2f961" />
      <TestMethod codeBase="C:/Upgrade/sdk-core-dotnet/src/bin/Debug/PayPal.Core.SDK.VS.2010.Unit.Test.DLL" adapterTypeName="Microsoft.VisualStudio.TestTools.TestTypes.Unit.UnitTestAdapter, Microsoft.VisualStudio.QualityTools.Tips.UnitTest.Adapter, Version=10.0.0.0, Culture=neutral, PublicKeyToken=b03f5f7f11d50a3a" className="PayPal.SignatureHttpHeaderAuthStrategyTest, PayPal.Core.SDK.VS.2010.Unit.Test, Version=0.0.0.0, Culture=neutral, PublicKeyToken=null" name="GenerateHeaderStrategyWithToken" />
    </UnitTest>
    <UnitTest name="UserName" storage="c:\upgrade\sdk-core-dotnet\src\bin\debug\paypal.core.sdk.vs.2010.unit.test.dll" id="7132de0d-bcc1-0461-aac5-c0559debcb80">
      <Execution id="f00f9673-fd0a-478a-9949-b272406c7591" />
      <TestMethod codeBase="C:/Upgrade/sdk-core-dotnet/src/bin/Debug/PayPal.Core.SDK.VS.2010.Unit.Test.DLL" adapterTypeName="Microsoft.VisualStudio.TestTools.TestTypes.Unit.UnitTestAdapter, Microsoft.VisualStudio.QualityTools.Tips.UnitTest.Adapter, Version=10.0.0.0, Culture=neutral, PublicKeyToken=b03f5f7f11d50a3a" className="PayPal.CertificateCredentialTest, PayPal.Core.SDK.VS.2010.Unit.Test, Version=0.0.0.0, Culture=neutral, PublicKeyToken=null" name="UserName" />
    </UnitTest>
    <UnitTest name="ThirdPartyAuthorizationForSubject" storage="c:\upgrade\sdk-core-dotnet\src\bin\debug\paypal.core.sdk.vs.2010.unit.test.dll" id="dbe427e4-2752-847a-24d4-4e2fc7534186">
      <Execution id="61e406b3-5125-426d-999d-51f9f16c939d" />
      <TestMethod codeBase="C:/Upgrade/sdk-core-dotnet/src/bin/Debug/PayPal.Core.SDK.VS.2010.Unit.Test.DLL" adapterTypeName="Microsoft.VisualStudio.TestTools.TestTypes.Unit.UnitTestAdapter, Microsoft.VisualStudio.QualityTools.Tips.UnitTest.Adapter, Version=10.0.0.0, Culture=neutral, PublicKeyToken=b03f5f7f11d50a3a" className="PayPal.SignatureCredentialTest, PayPal.Core.SDK.VS.2010.Unit.Test, Version=0.0.0.0, Culture=neutral, PublicKeyToken=null" name="ThirdPartyAuthorizationForSubject" />
    </UnitTest>
    <UnitTest name="Password" storage="c:\upgrade\sdk-core-dotnet\src\bin\debug\paypal.core.sdk.vs.2010.unit.test.dll" id="167a8f5b-f303-510a-bafc-8c9325dc49f2">
      <Execution id="59668b47-6a81-47e9-8c2a-37a7b1327beb" />
      <TestMethod codeBase="C:/Upgrade/sdk-core-dotnet/src/bin/Debug/PayPal.Core.SDK.VS.2010.Unit.Test.DLL" adapterTypeName="Microsoft.VisualStudio.TestTools.TestTypes.Unit.UnitTestAdapter, Microsoft.VisualStudio.QualityTools.Tips.UnitTest.Adapter, Version=10.0.0.0, Culture=neutral, PublicKeyToken=b03f5f7f11d50a3a" className="PayPal.CertificateCredentialTest, PayPal.Core.SDK.VS.2010.Unit.Test, Version=0.0.0.0, Culture=neutral, PublicKeyToken=null" name="Password" />
    </UnitTest>
    <UnitTest name="GetHeaderMapCertificateWithoutTokenTest" storage="c:\upgrade\sdk-core-dotnet\src\bin\debug\paypal.core.sdk.vs.2010.unit.test.dll" id="e0873a2a-44f1-4b26-5c9b-cfd0b7d17b73">
      <Execution id="add4f452-dd02-4ef6-80b8-29a63d8c4450" />
      <TestMethod codeBase="C:/Upgrade/sdk-core-dotnet/src/bin/Debug/PayPal.Core.SDK.VS.2010.Unit.Test.DLL" adapterTypeName="Microsoft.VisualStudio.TestTools.TestTypes.Unit.UnitTestAdapter, Microsoft.VisualStudio.QualityTools.Tips.UnitTest.Adapter, Version=10.0.0.0, Culture=neutral, PublicKeyToken=b03f5f7f11d50a3a" className="PayPal.PlatformAPICallPreHandlerTest, PayPal.Core.SDK.VS.2010.Unit.Test, Version=0.0.0.0, Culture=neutral, PublicKeyToken=null" name="GetHeaderMapCertificateWithoutTokenTest" />
    </UnitTest>
    <UnitTest name="MakeRequestUsingNVPSignatureCredential" storage="c:\upgrade\sdk-core-dotnet\src\bin\debug\paypal.core.sdk.vs.2010.unit.test.dll" id="a47fc0f3-b011-bec1-2cd5-22776f70473e">
      <Execution id="1adcbcfb-c1b7-4b8c-9307-1ef1ce433b79" />
      <TestMethod codeBase="C:/Upgrade/sdk-core-dotnet/src/bin/Debug/PayPal.Core.SDK.VS.2010.Unit.Test.DLL" adapterTypeName="Microsoft.VisualStudio.TestTools.TestTypes.Unit.UnitTestAdapter, Microsoft.VisualStudio.QualityTools.Tips.UnitTest.Adapter, Version=10.0.0.0, Culture=neutral, PublicKeyToken=b03f5f7f11d50a3a" className="PayPal.APIServiceTest, PayPal.Core.SDK.VS.2010.Unit.Test, Version=0.0.0.0, Culture=neutral, PublicKeyToken=null" name="MakeRequestUsingNVPSignatureCredential" />
    </UnitTest>
    <UnitTest name="GetPayloadForEmptyRawPayload" storage="c:\upgrade\sdk-core-dotnet\src\bin\debug\paypal.core.sdk.vs.2010.unit.test.dll" id="e80579fd-7373-a975-e626-aa229a43550e">
      <Execution id="785071f1-7b58-43d3-8ae2-330ca01688cb" />
      <TestMethod codeBase="C:/Upgrade/sdk-core-dotnet/src/bin/Debug/PayPal.Core.SDK.VS.2010.Unit.Test.DLL" adapterTypeName="Microsoft.VisualStudio.TestTools.TestTypes.Unit.UnitTestAdapter, Microsoft.VisualStudio.QualityTools.Tips.UnitTest.Adapter, Version=10.0.0.0, Culture=neutral, PublicKeyToken=b03f5f7f11d50a3a" className="PayPal.UnitTest.DefaultSOAPAPICallHandlerTest, PayPal.Core.SDK.VS.2010.Unit.Test, Version=0.0.0.0, Culture=neutral, PublicKeyToken=null" name="GetPayloadForEmptyRawPayload" />
    </UnitTest>
    <UnitTest name="Signature" storage="c:\upgrade\sdk-core-dotnet\src\bin\debug\paypal.core.sdk.vs.2010.unit.test.dll" id="6b98d33c-7c97-8fa5-c877-e79fd9223fbe">
      <Execution id="ca73b949-1fb5-494f-800d-02b970466137" />
      <TestMethod codeBase="C:/Upgrade/sdk-core-dotnet/src/bin/Debug/PayPal.Core.SDK.VS.2010.Unit.Test.DLL" adapterTypeName="Microsoft.VisualStudio.TestTools.TestTypes.Unit.UnitTestAdapter, Microsoft.VisualStudio.QualityTools.Tips.UnitTest.Adapter, Version=10.0.0.0, Culture=neutral, PublicKeyToken=b03f5f7f11d50a3a" className="PayPal.SignatureCredentialTest, PayPal.Core.SDK.VS.2010.Unit.Test, Version=0.0.0.0, Culture=neutral, PublicKeyToken=null" name="Signature" />
    </UnitTest>
    <UnitTest name="GenerateHeaderStrategyWithoutTokenTest" storage="c:\upgrade\sdk-core-dotnet\src\bin\debug\paypal.core.sdk.vs.2010.unit.test.dll" id="45adead4-151f-52f9-3bfc-7f9ff4cb26d3">
      <Execution id="3c4871cb-83b5-495c-8ca7-d5a83b1a3ae5" />
      <TestMethod codeBase="C:/Upgrade/sdk-core-dotnet/src/bin/Debug/PayPal.Core.SDK.VS.2010.Unit.Test.DLL" adapterTypeName="Microsoft.VisualStudio.TestTools.TestTypes.Unit.UnitTestAdapter, Microsoft.VisualStudio.QualityTools.Tips.UnitTest.Adapter, Version=10.0.0.0, Culture=neutral, PublicKeyToken=b03f5f7f11d50a3a" className="PayPal.CertificateHttpHeaderAuthStrategyTest, PayPal.Core.SDK.VS.2010.Unit.Test, Version=0.0.0.0, Culture=neutral, PublicKeyToken=null" name="GenerateHeaderStrategyWithoutTokenTest" />
    </UnitTest>
    <UnitTest name="Password" storage="c:\upgrade\sdk-core-dotnet\src\bin\debug\paypal.core.sdk.vs.2010.unit.test.dll" id="887d4091-e96f-2b45-a8aa-891b10b4bbe4">
      <Execution id="b725c579-96ba-4a86-8951-6f19d7652ebb" />
      <TestMethod codeBase="C:/Upgrade/sdk-core-dotnet/src/bin/Debug/PayPal.Core.SDK.VS.2010.Unit.Test.DLL" adapterTypeName="Microsoft.VisualStudio.TestTools.TestTypes.Unit.UnitTestAdapter, Microsoft.VisualStudio.QualityTools.Tips.UnitTest.Adapter, Version=10.0.0.0, Culture=neutral, PublicKeyToken=b03f5f7f11d50a3a" className="PayPal.SignatureCredentialTest, PayPal.Core.SDK.VS.2010.Unit.Test, Version=0.0.0.0, Culture=neutral, PublicKeyToken=null" name="Password" />
    </UnitTest>
    <UnitTest name="GetEndpointForLiveMode" storage="c:\upgrade\sdk-core-dotnet\src\bin\debug\paypal.core.sdk.vs.2010.unit.test.dll" id="60641299-5c2d-1fcb-e3c8-88e7775f65d0">
      <Execution id="7123d7d2-6265-4435-b3ad-5f13230f703b" />
      <TestMethod codeBase="C:/Upgrade/sdk-core-dotnet/src/bin/Debug/PayPal.Core.SDK.VS.2010.Unit.Test.DLL" adapterTypeName="Microsoft.VisualStudio.TestTools.TestTypes.Unit.UnitTestAdapter, Microsoft.VisualStudio.QualityTools.Tips.UnitTest.Adapter, Version=10.0.0.0, Culture=neutral, PublicKeyToken=b03f5f7f11d50a3a" className="PayPal.PlatformAPICallPreHandlerTest, PayPal.Core.SDK.VS.2010.Unit.Test, Version=0.0.0.0, Culture=neutral, PublicKeyToken=null" name="GetEndpointForLiveMode" />
    </UnitTest>
    <UnitTest name="ApplicationID" storage="c:\upgrade\sdk-core-dotnet\src\bin\debug\paypal.core.sdk.vs.2010.unit.test.dll" id="b3a5f5aa-fe94-da40-fb14-119de009c1c1">
      <Execution id="9a6b37ef-65b5-4b19-9ab1-4ecf9889b7e0" />
      <TestMethod codeBase="C:/Upgrade/sdk-core-dotnet/src/bin/Debug/PayPal.Core.SDK.VS.2010.Unit.Test.DLL" adapterTypeName="Microsoft.VisualStudio.TestTools.TestTypes.Unit.UnitTestAdapter, Microsoft.VisualStudio.QualityTools.Tips.UnitTest.Adapter, Version=10.0.0.0, Culture=neutral, PublicKeyToken=b03f5f7f11d50a3a" className="PayPal.CertificateCredentialTest, PayPal.Core.SDK.VS.2010.Unit.Test, Version=0.0.0.0, Culture=neutral, PublicKeyToken=null" name="ApplicationID" />
    </UnitTest>
    <UnitTest name="GetPayloadEndpointWithoutTokenTest" storage="c:\upgrade\sdk-core-dotnet\src\bin\debug\paypal.core.sdk.vs.2010.unit.test.dll" id="9afbf5bb-fe55-b585-505f-7b59070d181e">
      <Execution id="22a04b9a-348a-4e23-970c-00d2296615d2" />
      <TestMethod codeBase="C:/Upgrade/sdk-core-dotnet/src/bin/Debug/PayPal.Core.SDK.VS.2010.Unit.Test.DLL" adapterTypeName="Microsoft.VisualStudio.TestTools.TestTypes.Unit.UnitTestAdapter, Microsoft.VisualStudio.QualityTools.Tips.UnitTest.Adapter, Version=10.0.0.0, Culture=neutral, PublicKeyToken=b03f5f7f11d50a3a" className="PayPal.PlatformAPICallPreHandlerTest, PayPal.Core.SDK.VS.2010.Unit.Test, Version=0.0.0.0, Culture=neutral, PublicKeyToken=null" name="GetPayloadEndpointWithoutTokenTest" />
    </UnitTest>
    <UnitTest name="RetrieveValidProperty" storage="c:\upgrade\sdk-core-dotnet\src\bin\debug\paypal.core.sdk.vs.2010.unit.test.dll" id="ae5adc00-6deb-0c29-408b-2802a8343f13">
      <Execution id="02fe6cb4-171d-42d0-9c6f-d8ca49a5d553" />
      <TestMethod codeBase="C:/Upgrade/sdk-core-dotnet/src/bin/Debug/PayPal.Core.SDK.VS.2010.Unit.Test.DLL" adapterTypeName="Microsoft.VisualStudio.TestTools.TestTypes.Unit.UnitTestAdapter, Microsoft.VisualStudio.QualityTools.Tips.UnitTest.Adapter, Version=10.0.0.0, Culture=neutral, PublicKeyToken=b03f5f7f11d50a3a" className="PayPal.ConfigManagerTest, PayPal.Core.SDK.VS.2010.Unit.Test, Version=0.0.0.0, Culture=neutral, PublicKeyToken=null" name="RetrieveValidProperty" />
    </UnitTest>
    <UnitTest name="IPNMap" storage="c:\upgrade\sdk-core-dotnet\src\bin\debug\paypal.core.sdk.vs.2010.unit.test.dll" id="b07d5ea5-8c64-491d-a200-1382f93387fb">
      <Execution id="4cb373a6-28ea-45b3-862f-a02a8d8c93bb" />
      <TestMethod codeBase="C:/Upgrade/sdk-core-dotnet/src/bin/Debug/PayPal.Core.SDK.VS.2010.Unit.Test.DLL" adapterTypeName="Microsoft.VisualStudio.TestTools.TestTypes.Unit.UnitTestAdapter, Microsoft.VisualStudio.QualityTools.Tips.UnitTest.Adapter, Version=10.0.0.0, Culture=neutral, PublicKeyToken=b03f5f7f11d50a3a" className="PayPal.IPNMessageTest, PayPal.Core.SDK.VS.2010.Unit.Test, Version=0.0.0.0, Culture=neutral, PublicKeyToken=null" name="IPNMap" />
    </UnitTest>
    <UnitTest name="ArgumentExceptionTest" storage="c:\upgrade\sdk-core-dotnet\src\bin\debug\paypal.core.sdk.vs.2010.unit.test.dll" id="7a4deb71-e627-caab-0f4b-5ad78a2ca8b2">
      <Execution id="f1a65066-e065-4f12-a797-a04c82af27a6" />
      <TestMethod codeBase="C:/Upgrade/sdk-core-dotnet/src/bin/Debug/PayPal.Core.SDK.VS.2010.Unit.Test.DLL" adapterTypeName="Microsoft.VisualStudio.TestTools.TestTypes.Unit.UnitTestAdapter, Microsoft.VisualStudio.QualityTools.Tips.UnitTest.Adapter, Version=10.0.0.0, Culture=neutral, PublicKeyToken=b03f5f7f11d50a3a" className="PayPal.TokenAuthorizationTest, PayPal.Core.SDK.VS.2010.Unit.Test, Version=0.0.0.0, Culture=neutral, PublicKeyToken=null" name="ArgumentExceptionTest" />
    </UnitTest>
    <UnitTest name="SignatureCredentialArgumentException" storage="c:\upgrade\sdk-core-dotnet\src\bin\debug\paypal.core.sdk.vs.2010.unit.test.dll" id="cc78885f-ec12-bbbb-ee0a-f5046baea7b5">
      <Execution id="249b4284-6b94-41c8-981b-cad85530a3e1" />
      <TestMethod codeBase="C:/Upgrade/sdk-core-dotnet/src/bin/Debug/PayPal.Core.SDK.VS.2010.Unit.Test.DLL" adapterTypeName="Microsoft.VisualStudio.TestTools.TestTypes.Unit.UnitTestAdapter, Microsoft.VisualStudio.QualityTools.Tips.UnitTest.Adapter, Version=10.0.0.0, Culture=neutral, PublicKeyToken=b03f5f7f11d50a3a" className="PayPal.SignatureCredentialTest, PayPal.Core.SDK.VS.2010.Unit.Test, Version=0.0.0.0, Culture=neutral, PublicKeyToken=null" name="SignatureCredentialArgumentException" />
    </UnitTest>
    <UnitTest name="UserName" storage="c:\upgrade\sdk-core-dotnet\src\bin\debug\paypal.core.sdk.vs.2010.unit.test.dll" id="5e2e2a3a-0066-6895-a9d5-276ece776d13">
      <Execution id="832745e3-acdb-44ce-88e1-9cc067a04ea5" />
      <TestMethod codeBase="C:/Upgrade/sdk-core-dotnet/src/bin/Debug/PayPal.Core.SDK.VS.2010.Unit.Test.DLL" adapterTypeName="Microsoft.VisualStudio.TestTools.TestTypes.Unit.UnitTestAdapter, Microsoft.VisualStudio.QualityTools.Tips.UnitTest.Adapter, Version=10.0.0.0, Culture=neutral, PublicKeyToken=b03f5f7f11d50a3a" className="PayPal.SignatureCredentialTest, PayPal.Core.SDK.VS.2010.Unit.Test, Version=0.0.0.0, Culture=neutral, PublicKeyToken=null" name="UserName" />
    </UnitTest>
    <UnitTest name="LoadCredentialForNonExistentAccount" storage="c:\upgrade\sdk-core-dotnet\src\bin\debug\paypal.core.sdk.vs.2010.unit.test.dll" id="e317ed9d-e8e8-aa35-12b0-01f4b2feda1b">
      <Execution id="9c4484d9-ebd9-4269-abad-fe0e85e45541" />
      <TestMethod codeBase="C:/Upgrade/sdk-core-dotnet/src/bin/Debug/PayPal.Core.SDK.VS.2010.Unit.Test.DLL" adapterTypeName="Microsoft.VisualStudio.TestTools.TestTypes.Unit.UnitTestAdapter, Microsoft.VisualStudio.QualityTools.Tips.UnitTest.Adapter, Version=10.0.0.0, Culture=neutral, PublicKeyToken=b03f5f7f11d50a3a" className="PayPal.CredentialManagerTest, PayPal.Core.SDK.VS.2010.Unit.Test, Version=0.0.0.0, Culture=neutral, PublicKeyToken=null" name="LoadCredentialForNonExistentAccount" />
    </UnitTest>
    <UnitTest name="ApplicationID" storage="c:\upgrade\sdk-core-dotnet\src\bin\debug\paypal.core.sdk.vs.2010.unit.test.dll" id="df3261c3-408c-8592-329d-f831acf3b97d">
      <Execution id="a9ad1980-86ad-4014-bcce-af395faab080" />
      <TestMethod codeBase="C:/Upgrade/sdk-core-dotnet/src/bin/Debug/PayPal.Core.SDK.VS.2010.Unit.Test.DLL" adapterTypeName="Microsoft.VisualStudio.TestTools.TestTypes.Unit.UnitTestAdapter, Microsoft.VisualStudio.QualityTools.Tips.UnitTest.Adapter, Version=10.0.0.0, Culture=neutral, PublicKeyToken=b03f5f7f11d50a3a" className="PayPal.SignatureCredentialTest, PayPal.Core.SDK.VS.2010.Unit.Test, Version=0.0.0.0, Culture=neutral, PublicKeyToken=null" name="ApplicationID" />
    </UnitTest>
    <UnitTest name="MakeRequestUsingNVPCertificateCredential" storage="c:\upgrade\sdk-core-dotnet\src\bin\debug\paypal.core.sdk.vs.2010.unit.test.dll" id="549e6941-7a82-b46d-eaed-7a81c01c0e6c">
      <Execution id="2f14b161-8c26-4d52-beae-e3f79919e999" />
      <TestMethod codeBase="C:/Upgrade/sdk-core-dotnet/src/bin/Debug/PayPal.Core.SDK.VS.2010.Unit.Test.DLL" adapterTypeName="Microsoft.VisualStudio.TestTools.TestTypes.Unit.UnitTestAdapter, Microsoft.VisualStudio.QualityTools.Tips.UnitTest.Adapter, Version=10.0.0.0, Culture=neutral, PublicKeyToken=b03f5f7f11d50a3a" className="PayPal.APIServiceTest, PayPal.Core.SDK.VS.2010.Unit.Test, Version=0.0.0.0, Culture=neutral, PublicKeyToken=null" name="MakeRequestUsingNVPCertificateCredential" />
    </UnitTest>
    <UnitTest name="CreateNewConnection" storage="c:\upgrade\sdk-core-dotnet\src\bin\debug\paypal.core.sdk.vs.2010.unit.test.dll" id="11126d6d-b4ee-e9ea-20f6-0f491ed11eda">
      <Execution id="5d3055e5-64f9-4bf2-910c-fd4b378895ce" />
      <TestMethod codeBase="C:/Upgrade/sdk-core-dotnet/src/bin/Debug/PayPal.Core.SDK.VS.2010.Unit.Test.DLL" adapterTypeName="Microsoft.VisualStudio.TestTools.TestTypes.Unit.UnitTestAdapter, Microsoft.VisualStudio.QualityTools.Tips.UnitTest.Adapter, Version=10.0.0.0, Culture=neutral, PublicKeyToken=b03f5f7f11d50a3a" className="PayPal.ConnectionManagerTest, PayPal.Core.SDK.VS.2010.Unit.Test, Version=0.0.0.0, Culture=neutral, PublicKeyToken=null" name="CreateNewConnection" />
    </UnitTest>
    <UnitTest name="GenerateHeaderStrategyWithoutToken" storage="c:\upgrade\sdk-core-dotnet\src\bin\debug\paypal.core.sdk.vs.2010.unit.test.dll" id="39cf0469-9b56-a06d-ad3d-3062d9632690">
      <Execution id="b27c07aa-62a7-4ade-94b7-611983c98913" />
      <TestMethod codeBase="C:/Upgrade/sdk-core-dotnet/src/bin/Debug/PayPal.Core.SDK.VS.2010.Unit.Test.DLL" adapterTypeName="Microsoft.VisualStudio.TestTools.TestTypes.Unit.UnitTestAdapter, Microsoft.VisualStudio.QualityTools.Tips.UnitTest.Adapter, Version=10.0.0.0, Culture=neutral, PublicKeyToken=b03f5f7f11d50a3a" className="PayPal.SignatureHttpHeaderAuthStrategyTest, PayPal.Core.SDK.VS.2010.Unit.Test, Version=0.0.0.0, Culture=neutral, PublicKeyToken=null" name="GenerateHeaderStrategyWithoutToken" />
    </UnitTest>
    <UnitTest name="LoadCertificateCredential" storage="c:\upgrade\sdk-core-dotnet\src\bin\debug\paypal.core.sdk.vs.2010.unit.test.dll" id="5e49005f-da85-beb2-c4f0-d669b67aef7e">
      <Execution id="edca78c5-5428-43f4-9ef2-2f7427f090a8" />
      <TestMethod codeBase="C:/Upgrade/sdk-core-dotnet/src/bin/Debug/PayPal.Core.SDK.VS.2010.Unit.Test.DLL" adapterTypeName="Microsoft.VisualStudio.TestTools.TestTypes.Unit.UnitTestAdapter, Microsoft.VisualStudio.QualityTools.Tips.UnitTest.Adapter, Version=10.0.0.0, Culture=neutral, PublicKeyToken=b03f5f7f11d50a3a" className="PayPal.CredentialManagerTest, PayPal.Core.SDK.VS.2010.Unit.Test, Version=0.0.0.0, Culture=neutral, PublicKeyToken=null" name="LoadCertificateCredential" />
    </UnitTest>
    <UnitTest name="GetHeaderMapWithCertificateWithTokenTest" storage="c:\upgrade\sdk-core-dotnet\src\bin\debug\paypal.core.sdk.vs.2010.unit.test.dll" id="58a1efbe-125b-c9c2-405c-e5b9542d1783">
      <Execution id="aa40b125-7ecd-41b6-abf3-0277c30fabf4" />
      <TestMethod codeBase="C:/Upgrade/sdk-core-dotnet/src/bin/Debug/PayPal.Core.SDK.VS.2010.Unit.Test.DLL" adapterTypeName="Microsoft.VisualStudio.TestTools.TestTypes.Unit.UnitTestAdapter, Microsoft.VisualStudio.QualityTools.Tips.UnitTest.Adapter, Version=10.0.0.0, Culture=neutral, PublicKeyToken=b03f5f7f11d50a3a" className="PayPal.PlatformAPICallPreHandlerTest, PayPal.Core.SDK.VS.2010.Unit.Test, Version=0.0.0.0, Culture=neutral, PublicKeyToken=null" name="GetHeaderMapWithCertificateWithTokenTest" />
    </UnitTest>
    <UnitTest name="CertificateFile" storage="c:\upgrade\sdk-core-dotnet\src\bin\debug\paypal.core.sdk.vs.2010.unit.test.dll" id="8b826b1e-08d4-0de6-32d0-443417829dc1">
      <Execution id="bc6eba7f-6498-4e02-a83e-0cbb38d14fd7" />
      <TestMethod codeBase="C:/Upgrade/sdk-core-dotnet/src/bin/Debug/PayPal.Core.SDK.VS.2010.Unit.Test.DLL" adapterTypeName="Microsoft.VisualStudio.TestTools.TestTypes.Unit.UnitTestAdapter, Microsoft.VisualStudio.QualityTools.Tips.UnitTest.Adapter, Version=10.0.0.0, Culture=neutral, PublicKeyToken=b03f5f7f11d50a3a" className="PayPal.CertificateCredentialTest, PayPal.Core.SDK.VS.2010.Unit.Test, Version=0.0.0.0, Culture=neutral, PublicKeyToken=null" name="CertificateFile" />
    </UnitTest>
    <UnitTest name="GetEndpointForDefaultModeWithExplicitEndpoint" storage="c:\upgrade\sdk-core-dotnet\src\bin\debug\paypal.core.sdk.vs.2010.unit.test.dll" id="34e31e27-65d7-9fd2-b480-8413c210a1c7">
      <Execution id="7f3a50c5-f2ec-4054-926e-908bdb5f8438" />
      <TestMethod codeBase="C:/Upgrade/sdk-core-dotnet/src/bin/Debug/PayPal.Core.SDK.VS.2010.Unit.Test.DLL" adapterTypeName="Microsoft.VisualStudio.TestTools.TestTypes.Unit.UnitTestAdapter, Microsoft.VisualStudio.QualityTools.Tips.UnitTest.Adapter, Version=10.0.0.0, Culture=neutral, PublicKeyToken=b03f5f7f11d50a3a" className="PayPal.PlatformAPICallPreHandlerTest, PayPal.Core.SDK.VS.2010.Unit.Test, Version=0.0.0.0, Culture=neutral, PublicKeyToken=null" name="GetEndpointForDefaultModeWithExplicitEndpoint" />
    </UnitTest>
    <UnitTest name="TestMethod1" storage="c:\upgrade\sdk-core-dotnet\src\bin\debug\paypal.core.sdk.vs.2010.unit.test.dll" id="97612a9c-cc09-760b-6f31-92f3b36c106c">
      <Execution id="3ad17e51-4521-4824-b9ba-2796af8477cd" />
      <TestMethod codeBase="C:/Upgrade/sdk-core-dotnet/src/bin/Debug/PayPal.Core.SDK.VS.2010.Unit.Test.DLL" adapterTypeName="Microsoft.VisualStudio.TestTools.TestTypes.Unit.UnitTestAdapter, Microsoft.VisualStudio.QualityTools.Tips.UnitTest.Adapter, Version=10.0.0.0, Culture=neutral, PublicKeyToken=b03f5f7f11d50a3a" className="PayPal.UnitTest1, PayPal.Core.SDK.VS.2010.Unit.Test, Version=0.0.0.0, Culture=neutral, PublicKeyToken=null" name="TestMethod1" />
    </UnitTest>
    <UnitTest name="PrivateKeyPassword" storage="c:\upgrade\sdk-core-dotnet\src\bin\debug\paypal.core.sdk.vs.2010.unit.test.dll" id="4b45ba06-3396-0328-c4f5-e68b33e209dd">
      <Execution id="baccd133-61bd-49f2-9d77-cead11d959e1" />
      <TestMethod codeBase="C:/Upgrade/sdk-core-dotnet/src/bin/Debug/PayPal.Core.SDK.VS.2010.Unit.Test.DLL" adapterTypeName="Microsoft.VisualStudio.TestTools.TestTypes.Unit.UnitTestAdapter, Microsoft.VisualStudio.QualityTools.Tips.UnitTest.Adapter, Version=10.0.0.0, Culture=neutral, PublicKeyToken=b03f5f7f11d50a3a" className="PayPal.CertificateCredentialTest, PayPal.Core.SDK.VS.2010.Unit.Test, Version=0.0.0.0, Culture=neutral, PublicKeyToken=null" name="PrivateKeyPassword" />
    </UnitTest>
    <UnitTest name="LoadSignatureCredential" storage="c:\upgrade\sdk-core-dotnet\src\bin\debug\paypal.core.sdk.vs.2010.unit.test.dll" id="d540e76e-48bf-d64f-d68f-126aadf706d7">
      <Execution id="e02ed491-53e5-4a57-b348-362df6d10b3d" />
      <TestMethod codeBase="C:/Upgrade/sdk-core-dotnet/src/bin/Debug/PayPal.Core.SDK.VS.2010.Unit.Test.DLL" adapterTypeName="Microsoft.VisualStudio.TestTools.TestTypes.Unit.UnitTestAdapter, Microsoft.VisualStudio.QualityTools.Tips.UnitTest.Adapter, Version=10.0.0.0, Culture=neutral, PublicKeyToken=b03f5f7f11d50a3a" className="PayPal.CredentialManagerTest, PayPal.Core.SDK.VS.2010.Unit.Test, Version=0.0.0.0, Culture=neutral, PublicKeyToken=null" name="LoadSignatureCredential" />
    </UnitTest>
    <UnitTest name="IPNParameter" storage="c:\upgrade\sdk-core-dotnet\src\bin\debug\paypal.core.sdk.vs.2010.unit.test.dll" id="6bc21a04-f93c-de73-fe81-bf7707421f91">
      <Execution id="0b0274f4-c450-415f-83d7-89b619cada38" />
      <TestMethod codeBase="C:/Upgrade/sdk-core-dotnet/src/bin/Debug/PayPal.Core.SDK.VS.2010.Unit.Test.DLL" adapterTypeName="Microsoft.VisualStudio.TestTools.TestTypes.Unit.UnitTestAdapter, Microsoft.VisualStudio.QualityTools.Tips.UnitTest.Adapter, Version=10.0.0.0, Culture=neutral, PublicKeyToken=b03f5f7f11d50a3a" className="PayPal.IPNMessageTest, PayPal.Core.SDK.VS.2010.Unit.Test, Version=0.0.0.0, Culture=neutral, PublicKeyToken=null" name="IPNParameter" />
    </UnitTest>
    <UnitTest name="CreateNewConnectionWithInvalidURL" storage="c:\upgrade\sdk-core-dotnet\src\bin\debug\paypal.core.sdk.vs.2010.unit.test.dll" id="6af993b2-6557-db16-924e-6a6d2f624900">
      <Execution id="869279fb-1c08-43a1-b47b-68430d851109" />
      <TestMethod codeBase="C:/Upgrade/sdk-core-dotnet/src/bin/Debug/PayPal.Core.SDK.VS.2010.Unit.Test.DLL" adapterTypeName="Microsoft.VisualStudio.TestTools.TestTypes.Unit.UnitTestAdapter, Microsoft.VisualStudio.QualityTools.Tips.UnitTest.Adapter, Version=10.0.0.0, Culture=neutral, PublicKeyToken=b03f5f7f11d50a3a" className="PayPal.ConnectionManagerTest, PayPal.Core.SDK.VS.2010.Unit.Test, Version=0.0.0.0, Culture=neutral, PublicKeyToken=null" name="CreateNewConnectionWithInvalidURL" />
    </UnitTest>
    <UnitTest name="ArgumentExceptionTest" storage="c:\upgrade\sdk-core-dotnet\src\bin\debug\paypal.core.sdk.vs.2010.unit.test.dll" id="21ef3455-1684-aea8-589b-7378e1223574">
      <Execution id="58f3be20-2fd2-4851-9d7d-8a577031d5ad" />
      <TestMethod codeBase="C:/Upgrade/sdk-core-dotnet/src/bin/Debug/PayPal.Core.SDK.VS.2010.Unit.Test.DLL" adapterTypeName="Microsoft.VisualStudio.TestTools.TestTypes.Unit.UnitTestAdapter, Microsoft.VisualStudio.QualityTools.Tips.UnitTest.Adapter, Version=10.0.0.0, Culture=neutral, PublicKeyToken=b03f5f7f11d50a3a" className="PayPal.SubjectAuthorizationTest, PayPal.Core.SDK.VS.2010.Unit.Test, Version=0.0.0.0, Culture=neutral, PublicKeyToken=null" name="ArgumentExceptionTest" />
    </UnitTest>
    <UnitTest name="ThirdPartyAuthorizationTestForToken" storage="c:\upgrade\sdk-core-dotnet\src\bin\debug\paypal.core.sdk.vs.2010.unit.test.dll" id="9546f6ea-d206-f93d-baac-8824bf597749">
      <Execution id="a3deeaf6-0fbd-46ab-a24b-d1c978051bf3" />
      <TestMethod codeBase="C:/Upgrade/sdk-core-dotnet/src/bin/Debug/PayPal.Core.SDK.VS.2010.Unit.Test.DLL" adapterTypeName="Microsoft.VisualStudio.TestTools.TestTypes.Unit.UnitTestAdapter, Microsoft.VisualStudio.QualityTools.Tips.UnitTest.Adapter, Version=10.0.0.0, Culture=neutral, PublicKeyToken=b03f5f7f11d50a3a" className="PayPal.CertificateCredentialTest, PayPal.Core.SDK.VS.2010.Unit.Test, Version=0.0.0.0, Culture=neutral, PublicKeyToken=null" name="ThirdPartyAuthorizationTestForToken" />
    </UnitTest>
    <UnitTest name="CertificateCredentialArgumentException" storage="c:\upgrade\sdk-core-dotnet\src\bin\debug\paypal.core.sdk.vs.2010.unit.test.dll" id="59d960ea-6241-6d24-5578-9ef7f6b66bd4">
      <Execution id="c3e8c273-19f9-4176-b3b7-25f5d9d621cc" />
      <TestMethod codeBase="C:/Upgrade/sdk-core-dotnet/src/bin/Debug/PayPal.Core.SDK.VS.2010.Unit.Test.DLL" adapterTypeName="Microsoft.VisualStudio.TestTools.TestTypes.Unit.UnitTestAdapter, Microsoft.VisualStudio.QualityTools.Tips.UnitTest.Adapter, Version=10.0.0.0, Culture=neutral, PublicKeyToken=b03f5f7f11d50a3a" className="PayPal.CertificateCredentialTest, PayPal.Core.SDK.VS.2010.Unit.Test, Version=0.0.0.0, Culture=neutral, PublicKeyToken=null" name="CertificateCredentialArgumentException" />
    </UnitTest>
  </TestDefinitions>
  <TestLists>
    <TestList name="Results Not in a List" id="8c84fa94-04c1-424b-9868-57a2d4851a1d" />
    <TestList name="All Loaded Results" id="19431567-8539-422a-85d7-44ee4e166bda" />
  </TestLists>
  <TestEntries>
    <TestEntry testId="11126d6d-b4ee-e9ea-20f6-0f491ed11eda" executionId="5d3055e5-64f9-4bf2-910c-fd4b378895ce" testListId="8c84fa94-04c1-424b-9868-57a2d4851a1d" />
    <TestEntry testId="167a8f5b-f303-510a-bafc-8c9325dc49f2" executionId="59668b47-6a81-47e9-8c2a-37a7b1327beb" testListId="8c84fa94-04c1-424b-9868-57a2d4851a1d" />
    <TestEntry testId="21ef3455-1684-aea8-589b-7378e1223574" executionId="58f3be20-2fd2-4851-9d7d-8a577031d5ad" testListId="8c84fa94-04c1-424b-9868-57a2d4851a1d" />
    <TestEntry testId="31bda955-4698-3bb7-f313-5a568fd924bb" executionId="9b1f120a-3dca-43fd-8440-cd89e779740b" testListId="8c84fa94-04c1-424b-9868-57a2d4851a1d" />
    <TestEntry testId="348a32c5-a36c-f5e9-6ea7-72c6aa16ade5" executionId="5f2ff3ec-3c7b-4ce2-bb96-01704a3ed5eb" testListId="8c84fa94-04c1-424b-9868-57a2d4851a1d" />
    <TestEntry testId="34cec497-81a9-ae94-3928-9d6ffe4f51b3" executionId="b1c7eb1e-95aa-400e-8c7e-2f6c96a36bee" testListId="8c84fa94-04c1-424b-9868-57a2d4851a1d" />
    <TestEntry testId="34e31e27-65d7-9fd2-b480-8413c210a1c7" executionId="7f3a50c5-f2ec-4054-926e-908bdb5f8438" testListId="8c84fa94-04c1-424b-9868-57a2d4851a1d" />
    <TestEntry testId="39cf0469-9b56-a06d-ad3d-3062d9632690" executionId="b27c07aa-62a7-4ade-94b7-611983c98913" testListId="8c84fa94-04c1-424b-9868-57a2d4851a1d" />
    <TestEntry testId="3e25a89a-2717-5061-5bb9-f76c52e98eb6" executionId="60a0c99a-92dc-40e3-abd5-c0e704dc740a" testListId="8c84fa94-04c1-424b-9868-57a2d4851a1d" />
    <TestEntry testId="45adead4-151f-52f9-3bfc-7f9ff4cb26d3" executionId="3c4871cb-83b5-495c-8ca7-d5a83b1a3ae5" testListId="8c84fa94-04c1-424b-9868-57a2d4851a1d" />
    <TestEntry testId="4b45ba06-3396-0328-c4f5-e68b33e209dd" executionId="baccd133-61bd-49f2-9d77-cead11d959e1" testListId="8c84fa94-04c1-424b-9868-57a2d4851a1d" />
    <TestEntry testId="549e6941-7a82-b46d-eaed-7a81c01c0e6c" executionId="2f14b161-8c26-4d52-beae-e3f79919e999" testListId="8c84fa94-04c1-424b-9868-57a2d4851a1d" />
    <TestEntry testId="572fc26d-a019-c680-b057-9212fb4a87ce" executionId="1e6ff052-d76c-42a4-96f1-55baf7d29bb7" testListId="8c84fa94-04c1-424b-9868-57a2d4851a1d" />
    <TestEntry testId="58a1efbe-125b-c9c2-405c-e5b9542d1783" executionId="aa40b125-7ecd-41b6-abf3-0277c30fabf4" testListId="8c84fa94-04c1-424b-9868-57a2d4851a1d" />
    <TestEntry testId="59d960ea-6241-6d24-5578-9ef7f6b66bd4" executionId="c3e8c273-19f9-4176-b3b7-25f5d9d621cc" testListId="8c84fa94-04c1-424b-9868-57a2d4851a1d" />
    <TestEntry testId="5e2e2a3a-0066-6895-a9d5-276ece776d13" executionId="832745e3-acdb-44ce-88e1-9cc067a04ea5" testListId="8c84fa94-04c1-424b-9868-57a2d4851a1d" />
    <TestEntry testId="5e49005f-da85-beb2-c4f0-d669b67aef7e" executionId="edca78c5-5428-43f4-9ef2-2f7427f090a8" testListId="8c84fa94-04c1-424b-9868-57a2d4851a1d" />
    <TestEntry testId="60641299-5c2d-1fcb-e3c8-88e7775f65d0" executionId="7123d7d2-6265-4435-b3ad-5f13230f703b" testListId="8c84fa94-04c1-424b-9868-57a2d4851a1d" />
    <TestEntry testId="6af993b2-6557-db16-924e-6a6d2f624900" executionId="869279fb-1c08-43a1-b47b-68430d851109" testListId="8c84fa94-04c1-424b-9868-57a2d4851a1d" />
    <TestEntry testId="6b98d33c-7c97-8fa5-c877-e79fd9223fbe" executionId="ca73b949-1fb5-494f-800d-02b970466137" testListId="8c84fa94-04c1-424b-9868-57a2d4851a1d" />
    <TestEntry testId="6bc21a04-f93c-de73-fe81-bf7707421f91" executionId="0b0274f4-c450-415f-83d7-89b619cada38" testListId="8c84fa94-04c1-424b-9868-57a2d4851a1d" />
    <TestEntry testId="7132de0d-bcc1-0461-aac5-c0559debcb80" executionId="f00f9673-fd0a-478a-9949-b272406c7591" testListId="8c84fa94-04c1-424b-9868-57a2d4851a1d" />
    <TestEntry testId="7602c5a1-68c8-5132-75da-6b6ec6e3859c" executionId="7d8604a5-74c5-4cbd-9372-dfecaae40d03" testListId="8c84fa94-04c1-424b-9868-57a2d4851a1d" />
    <TestEntry testId="793b3ff9-7cec-bc6d-bb95-845664a0a274" executionId="792aedc9-54ac-4b91-9f9a-72d336e2f961" testListId="8c84fa94-04c1-424b-9868-57a2d4851a1d" />
    <TestEntry testId="7a4deb71-e627-caab-0f4b-5ad78a2ca8b2" executionId="f1a65066-e065-4f12-a797-a04c82af27a6" testListId="8c84fa94-04c1-424b-9868-57a2d4851a1d" />
    <TestEntry testId="887d4091-e96f-2b45-a8aa-891b10b4bbe4" executionId="b725c579-96ba-4a86-8951-6f19d7652ebb" testListId="8c84fa94-04c1-424b-9868-57a2d4851a1d" />
    <TestEntry testId="8b826b1e-08d4-0de6-32d0-443417829dc1" executionId="bc6eba7f-6498-4e02-a83e-0cbb38d14fd7" testListId="8c84fa94-04c1-424b-9868-57a2d4851a1d" />
    <TestEntry testId="9546f6ea-d206-f93d-baac-8824bf597749" executionId="a3deeaf6-0fbd-46ab-a24b-d1c978051bf3" testListId="8c84fa94-04c1-424b-9868-57a2d4851a1d" />
    <TestEntry testId="97612a9c-cc09-760b-6f31-92f3b36c106c" executionId="3ad17e51-4521-4824-b9ba-2796af8477cd" testListId="8c84fa94-04c1-424b-9868-57a2d4851a1d" />
    <TestEntry testId="9954816d-0199-56c1-ad68-b0b9b77a38dd" executionId="fd8c50b4-ed56-4cea-9317-b4a4ef8617d9" testListId="8c84fa94-04c1-424b-9868-57a2d4851a1d" />
    <TestEntry testId="9afbf5bb-fe55-b585-505f-7b59070d181e" executionId="22a04b9a-348a-4e23-970c-00d2296615d2" testListId="8c84fa94-04c1-424b-9868-57a2d4851a1d" />
    <TestEntry testId="a41a603b-245e-d759-0e29-4b90776b8bf8" executionId="51b15fb7-8b2b-4384-a939-3078c7a80b6e" testListId="8c84fa94-04c1-424b-9868-57a2d4851a1d" />
    <TestEntry testId="a47fc0f3-b011-bec1-2cd5-22776f70473e" executionId="1adcbcfb-c1b7-4b8c-9307-1ef1ce433b79" testListId="8c84fa94-04c1-424b-9868-57a2d4851a1d" />
    <TestEntry testId="a8bc4982-96cf-8919-8fc8-43bbfb183108" executionId="7efc253f-3a1d-4303-bf3d-68be61574575" testListId="8c84fa94-04c1-424b-9868-57a2d4851a1d" />
    <TestEntry testId="ae5adc00-6deb-0c29-408b-2802a8343f13" executionId="02fe6cb4-171d-42d0-9c6f-d8ca49a5d553" testListId="8c84fa94-04c1-424b-9868-57a2d4851a1d" />
    <TestEntry testId="b07d5ea5-8c64-491d-a200-1382f93387fb" executionId="4cb373a6-28ea-45b3-862f-a02a8d8c93bb" testListId="8c84fa94-04c1-424b-9868-57a2d4851a1d" />
    <TestEntry testId="b3a5f5aa-fe94-da40-fb14-119de009c1c1" executionId="9a6b37ef-65b5-4b19-9ab1-4ecf9889b7e0" testListId="8c84fa94-04c1-424b-9868-57a2d4851a1d" />
    <TestEntry testId="bcbe2a27-7af0-ffe3-a36f-50d059124977" executionId="eb79ae10-4b79-4acd-b16e-c55c1225d9c0" testListId="8c84fa94-04c1-424b-9868-57a2d4851a1d" />
    <TestEntry testId="cc78885f-ec12-bbbb-ee0a-f5046baea7b5" executionId="249b4284-6b94-41c8-981b-cad85530a3e1" testListId="8c84fa94-04c1-424b-9868-57a2d4851a1d" />
    <TestEntry testId="d540e76e-48bf-d64f-d68f-126aadf706d7" executionId="e02ed491-53e5-4a57-b348-362df6d10b3d" testListId="8c84fa94-04c1-424b-9868-57a2d4851a1d" />
    <TestEntry testId="dbe427e4-2752-847a-24d4-4e2fc7534186" executionId="61e406b3-5125-426d-999d-51f9f16c939d" testListId="8c84fa94-04c1-424b-9868-57a2d4851a1d" />
    <TestEntry testId="df3261c3-408c-8592-329d-f831acf3b97d" executionId="a9ad1980-86ad-4014-bcce-af395faab080" testListId="8c84fa94-04c1-424b-9868-57a2d4851a1d" />
    <TestEntry testId="e0873a2a-44f1-4b26-5c9b-cfd0b7d17b73" executionId="add4f452-dd02-4ef6-80b8-29a63d8c4450" testListId="8c84fa94-04c1-424b-9868-57a2d4851a1d" />
    <TestEntry testId="e1aa0cea-ce8f-4dce-14b0-a35bee3a1193" executionId="7012f13b-bb8f-4c4a-ad2c-40238fd053a6" testListId="8c84fa94-04c1-424b-9868-57a2d4851a1d" />
    <TestEntry testId="e259da7a-5f14-31d9-454c-fd12688ae7da" executionId="c79ce17f-7a66-45db-81c3-e6f663e60ff4" testListId="8c84fa94-04c1-424b-9868-57a2d4851a1d" />
    <TestEntry testId="e317ed9d-e8e8-aa35-12b0-01f4b2feda1b" executionId="9c4484d9-ebd9-4269-abad-fe0e85e45541" testListId="8c84fa94-04c1-424b-9868-57a2d4851a1d" />
    <TestEntry testId="e80579fd-7373-a975-e626-aa229a43550e" executionId="785071f1-7b58-43d3-8ae2-330ca01688cb" testListId="8c84fa94-04c1-424b-9868-57a2d4851a1d" />
  </TestEntries>
  <Results>
    <UnitTestResult executionId="5d3055e5-64f9-4bf2-910c-fd4b378895ce" testId="11126d6d-b4ee-e9ea-20f6-0f491ed11eda" testName="CreateNewConnection" computerName="D-MAA-00391891" duration="00:00:00.0958264" startTime="2013-06-26T17:18:31.3087137+05:30" endTime="2013-06-26T17:18:31.6051160+05:30" testType="13cdc9d9-ddb5-4fa4-a97d-d965ccfc6d4b" outcome="Passed" testListId="8c84fa94-04c1-424b-9868-57a2d4851a1d" relativeResultsDirectory="5d3055e5-64f9-4bf2-910c-fd4b378895ce">
    </UnitTestResult>
    <UnitTestResult executionId="59668b47-6a81-47e9-8c2a-37a7b1327beb" testId="167a8f5b-f303-510a-bafc-8c9325dc49f2" testName="Password" computerName="D-MAA-00391891" duration="00:00:00.0005909" startTime="2013-06-26T17:18:31.6051160+05:30" endTime="2013-06-26T17:18:31.6051160+05:30" testType="13cdc9d9-ddb5-4fa4-a97d-d965ccfc6d4b" outcome="Passed" testListId="8c84fa94-04c1-424b-9868-57a2d4851a1d" relativeResultsDirectory="59668b47-6a81-47e9-8c2a-37a7b1327beb">
    </UnitTestResult>
    <UnitTestResult executionId="58f3be20-2fd2-4851-9d7d-8a577031d5ad" testId="21ef3455-1684-aea8-589b-7378e1223574" testName="ArgumentExceptionTest" computerName="D-MAA-00391891" duration="00:00:00.0163174" startTime="2013-06-26T17:18:31.6051160+05:30" endTime="2013-06-26T17:18:31.6363169+05:30" testType="13cdc9d9-ddb5-4fa4-a97d-d965ccfc6d4b" outcome="Failed" testListId="8c84fa94-04c1-424b-9868-57a2d4851a1d" relativeResultsDirectory="58f3be20-2fd2-4851-9d7d-8a577031d5ad">
      <Output>
        <ErrorInfo>
          <Message>Test method PayPal.SubjectAuthorizationTest.ArgumentExceptionTest threw exception: 
System.ArgumentException: SubjectAuthorization arguments cannot be null or empty</Message>
          <StackTrace>    at PayPal.Authentication.SubjectAuthorization..ctor(String subjct) in C:\Upgrade\sdk-core-dotnet\src\Authentication\SubjectAuthorization.cs:line 20
   at PayPal.SubjectAuthorizationTest.ArgumentExceptionTest() in C:\Upgrade\sdk-core-dotnet\src\Authentication\SubjectAuthorizationTest .cs:line 12
</StackTrace>
        </ErrorInfo>
      </Output>
    </UnitTestResult>
    <UnitTestResult executionId="9b1f120a-3dca-43fd-8440-cd89e779740b" testId="31bda955-4698-3bb7-f313-5a568fd924bb" testName="IPNRequest" computerName="D-MAA-00391891" duration="00:00:02.3983612" startTime="2013-06-26T17:18:31.6363169+05:30" endTime="2013-06-26T17:18:34.0388022+05:30" testType="13cdc9d9-ddb5-4fa4-a97d-d965ccfc6d4b" outcome="Passed" testListId="8c84fa94-04c1-424b-9868-57a2d4851a1d" relativeResultsDirectory="9b1f120a-3dca-43fd-8440-cd89e779740b">
    </UnitTestResult>
    <UnitTestResult executionId="5f2ff3ec-3c7b-4ce2-bb96-01704a3ed5eb" testId="348a32c5-a36c-f5e9-6ea7-72c6aa16ade5" testName="HeaderElement" computerName="D-MAA-00391891" duration="00:00:00.0009901" startTime="2013-06-26T17:18:34.0388022+05:30" endTime="2013-06-26T17:18:34.0388022+05:30" testType="13cdc9d9-ddb5-4fa4-a97d-d965ccfc6d4b" outcome="Passed" testListId="8c84fa94-04c1-424b-9868-57a2d4851a1d" relativeResultsDirectory="5f2ff3ec-3c7b-4ce2-bb96-01704a3ed5eb">
    </UnitTestResult>
    <UnitTestResult executionId="b1c7eb1e-95aa-400e-8c7e-2f6c96a36bee" testId="34cec497-81a9-ae94-3928-9d6ffe4f51b3" testName="setAndGetThirdPartyAuthorizationForSubject" computerName="D-MAA-00391891" duration="00:00:00.0004392" startTime="2013-06-26T17:18:34.0388022+05:30" endTime="2013-06-26T17:18:34.0543431+05:30" testType="13cdc9d9-ddb5-4fa4-a97d-d965ccfc6d4b" outcome="Passed" testListId="8c84fa94-04c1-424b-9868-57a2d4851a1d" relativeResultsDirectory="b1c7eb1e-95aa-400e-8c7e-2f6c96a36bee">
    </UnitTestResult>
    <UnitTestResult executionId="7f3a50c5-f2ec-4054-926e-908bdb5f8438" testId="34e31e27-65d7-9fd2-b480-8413c210a1c7" testName="GetEndpointForDefaultModeWithExplicitEndpoint" computerName="D-MAA-00391891" duration="00:00:00.0071660" startTime="2013-06-26T17:18:34.0543431+05:30" endTime="2013-06-26T17:18:34.0699518+05:30" testType="13cdc9d9-ddb5-4fa4-a97d-d965ccfc6d4b" outcome="Passed" testListId="8c84fa94-04c1-424b-9868-57a2d4851a1d" relativeResultsDirectory="7f3a50c5-f2ec-4054-926e-908bdb5f8438">
    </UnitTestResult>
    <UnitTestResult executionId="b27c07aa-62a7-4ade-94b7-611983c98913" testId="39cf0469-9b56-a06d-ad3d-3062d9632690" testName="GenerateHeaderStrategyWithoutToken" computerName="D-MAA-00391891" duration="00:00:00.0012153" startTime="2013-06-26T17:18:34.0699518+05:30" endTime="2013-06-26T17:18:34.0699518+05:30" testType="13cdc9d9-ddb5-4fa4-a97d-d965ccfc6d4b" outcome="Passed" testListId="8c84fa94-04c1-424b-9868-57a2d4851a1d" relativeResultsDirectory="b27c07aa-62a7-4ade-94b7-611983c98913">
    </UnitTestResult>
    <UnitTestResult executionId="60a0c99a-92dc-40e3-abd5-c0e704dc740a" testId="3e25a89a-2717-5061-5bb9-f76c52e98eb6" testName="GenerateHeaderStrategyWithTokenTest" computerName="D-MAA-00391891" duration="00:00:00.0230157" startTime="2013-06-26T17:18:34.0699518+05:30" endTime="2013-06-26T17:18:34.1011546+05:30" testType="13cdc9d9-ddb5-4fa4-a97d-d965ccfc6d4b" outcome="Passed" testListId="8c84fa94-04c1-424b-9868-57a2d4851a1d" relativeResultsDirectory="60a0c99a-92dc-40e3-abd5-c0e704dc740a">
    </UnitTestResult>
    <UnitTestResult executionId="3c4871cb-83b5-495c-8ca7-d5a83b1a3ae5" testId="45adead4-151f-52f9-3bfc-7f9ff4cb26d3" testName="GenerateHeaderStrategyWithoutTokenTest" computerName="D-MAA-00391891" duration="00:00:00.0003202" startTime="2013-06-26T17:18:34.1011546+05:30" endTime="2013-06-26T17:18:34.1011546+05:30" testType="13cdc9d9-ddb5-4fa4-a97d-d965ccfc6d4b" outcome="Passed" testListId="8c84fa94-04c1-424b-9868-57a2d4851a1d" relativeResultsDirectory="3c4871cb-83b5-495c-8ca7-d5a83b1a3ae5">
    </UnitTestResult>
    <UnitTestResult executionId="baccd133-61bd-49f2-9d77-cead11d959e1" testId="4b45ba06-3396-0328-c4f5-e68b33e209dd" testName="PrivateKeyPassword" computerName="D-MAA-00391891" duration="00:00:00.0002598" startTime="2013-06-26T17:18:34.1011546+05:30" endTime="2013-06-26T17:18:34.1011546+05:30" testType="13cdc9d9-ddb5-4fa4-a97d-d965ccfc6d4b" outcome="Passed" testListId="8c84fa94-04c1-424b-9868-57a2d4851a1d" relativeResultsDirectory="baccd133-61bd-49f2-9d77-cead11d959e1">
    </UnitTestResult>
    <UnitTestResult executionId="2f14b161-8c26-4d52-beae-e3f79919e999" testId="549e6941-7a82-b46d-eaed-7a81c01c0e6c" testName="MakeRequestUsingNVPCertificateCredential" computerName="D-MAA-00391891" duration="00:00:06.9853182" startTime="2013-06-26T17:18:34.1167440+05:30" endTime="2013-06-26T17:18:41.1056178+05:30" testType="13cdc9d9-ddb5-4fa4-a97d-d965ccfc6d4b" outcome="Passed" testListId="8c84fa94-04c1-424b-9868-57a2d4851a1d" relativeResultsDirectory="2f14b161-8c26-4d52-beae-e3f79919e999">
    </UnitTestResult>
    <UnitTestResult executionId="1e6ff052-d76c-42a4-96f1-55baf7d29bb7" testId="572fc26d-a019-c680-b057-9212fb4a87ce" testName="GetHeaderMapWithSignatureWithTokenTest" computerName="D-MAA-00391891" duration="00:00:00.0016665" startTime="2013-06-26T17:18:41.1056178+05:30" endTime="2013-06-26T17:18:41.1056178+05:30" testType="13cdc9d9-ddb5-4fa4-a97d-d965ccfc6d4b" outcome="Passed" testListId="8c84fa94-04c1-424b-9868-57a2d4851a1d" relativeResultsDirectory="1e6ff052-d76c-42a4-96f1-55baf7d29bb7">
    </UnitTestResult>
    <UnitTestResult executionId="aa40b125-7ecd-41b6-abf3-0277c30fabf4" testId="58a1efbe-125b-c9c2-405c-e5b9542d1783" testName="GetHeaderMapWithCertificateWithTokenTest" computerName="D-MAA-00391891" duration="00:00:00.0006709" startTime="2013-06-26T17:18:41.1212200+05:30" endTime="2013-06-26T17:18:41.1212200+05:30" testType="13cdc9d9-ddb5-4fa4-a97d-d965ccfc6d4b" outcome="Passed" testListId="8c84fa94-04c1-424b-9868-57a2d4851a1d" relativeResultsDirectory="aa40b125-7ecd-41b6-abf3-0277c30fabf4">
    </UnitTestResult>
    <UnitTestResult executionId="c3e8c273-19f9-4176-b3b7-25f5d9d621cc" testId="59d960ea-6241-6d24-5578-9ef7f6b66bd4" testName="CertificateCredentialArgumentException" computerName="D-MAA-00391891" duration="00:00:00.0010228" startTime="2013-06-26T17:18:41.1212200+05:30" endTime="2013-06-26T17:18:41.1368275+05:30" testType="13cdc9d9-ddb5-4fa4-a97d-d965ccfc6d4b" outcome="Passed" testListId="8c84fa94-04c1-424b-9868-57a2d4851a1d" relativeResultsDirectory="c3e8c273-19f9-4176-b3b7-25f5d9d621cc">
    </UnitTestResult>
    <UnitTestResult executionId="832745e3-acdb-44ce-88e1-9cc067a04ea5" testId="5e2e2a3a-0066-6895-a9d5-276ece776d13" testName="UserName" computerName="D-MAA-00391891" duration="00:00:00.0002675" startTime="2013-06-26T17:18:41.1368275+05:30" endTime="2013-06-26T17:18:41.1368275+05:30" testType="13cdc9d9-ddb5-4fa4-a97d-d965ccfc6d4b" outcome="Passed" testListId="8c84fa94-04c1-424b-9868-57a2d4851a1d" relativeResultsDirectory="832745e3-acdb-44ce-88e1-9cc067a04ea5">
    </UnitTestResult>
    <UnitTestResult executionId="edca78c5-5428-43f4-9ef2-2f7427f090a8" testId="5e49005f-da85-beb2-c4f0-d669b67aef7e" testName="LoadCertificateCredential" computerName="D-MAA-00391891" duration="00:00:00.0005481" startTime="2013-06-26T17:18:41.1368275+05:30" endTime="2013-06-26T17:18:41.1368275+05:30" testType="13cdc9d9-ddb5-4fa4-a97d-d965ccfc6d4b" outcome="Passed" testListId="8c84fa94-04c1-424b-9868-57a2d4851a1d" relativeResultsDirectory="edca78c5-5428-43f4-9ef2-2f7427f090a8">
    </UnitTestResult>
    <UnitTestResult executionId="7123d7d2-6265-4435-b3ad-5f13230f703b" testId="60641299-5c2d-1fcb-e3c8-88e7775f65d0" testName="GetEndpointForLiveMode" computerName="D-MAA-00391891" duration="00:00:00.0003060" startTime="2013-06-26T17:18:41.1524189+05:30" endTime="2013-06-26T17:18:41.1524189+05:30" testType="13cdc9d9-ddb5-4fa4-a97d-d965ccfc6d4b" outcome="Passed" testListId="8c84fa94-04c1-424b-9868-57a2d4851a1d" relativeResultsDirectory="7123d7d2-6265-4435-b3ad-5f13230f703b">
    </UnitTestResult>
    <UnitTestResult executionId="869279fb-1c08-43a1-b47b-68430d851109" testId="6af993b2-6557-db16-924e-6a6d2f624900" testName="CreateNewConnectionWithInvalidURL" computerName="D-MAA-00391891" duration="00:00:00.0047989" startTime="2013-06-26T17:18:41.1524189+05:30" endTime="2013-06-26T17:18:41.1680272+05:30" testType="13cdc9d9-ddb5-4fa4-a97d-d965ccfc6d4b" outcome="Failed" testListId="8c84fa94-04c1-424b-9868-57a2d4851a1d" relativeResultsDirectory="869279fb-1c08-43a1-b47b-68430d851109">
      <Output>
        <ErrorInfo>
          <Message>Test method PayPal.ConnectionManagerTest.CreateNewConnectionWithInvalidURL threw exception: 
PayPal.Exception.ConfigException: Invalid URI Not a url</Message>
          <StackTrace>    at PayPal.Manager.ConnectionManager.GetConnection(Dictionary`2 config, String url) in C:\Upgrade\sdk-core-dotnet\src\Manager\ConnectionManager.cs:line 71
   at PayPal.ConnectionManagerTest.CreateNewConnectionWithInvalidURL() in C:\Upgrade\sdk-core-dotnet\src\Manager\ConnectionManagerTest.cs:line 29
</StackTrace>
        </ErrorInfo>
      </Output>
    </UnitTestResult>
    <UnitTestResult executionId="ca73b949-1fb5-494f-800d-02b970466137" testId="6b98d33c-7c97-8fa5-c877-e79fd9223fbe" testName="Signature" computerName="D-MAA-00391891" duration="00:00:00.0002028" startTime="2013-06-26T17:18:41.1680272+05:30" endTime="2013-06-26T17:18:41.1680272+05:30" testType="13cdc9d9-ddb5-4fa4-a97d-d965ccfc6d4b" outcome="Passed" testListId="8c84fa94-04c1-424b-9868-57a2d4851a1d" relativeResultsDirectory="ca73b949-1fb5-494f-800d-02b970466137">
    </UnitTestResult>
    <UnitTestResult executionId="0b0274f4-c450-415f-83d7-89b619cada38" testId="6bc21a04-f93c-de73-fe81-bf7707421f91" testName="IPNParameter" computerName="D-MAA-00391891" duration="00:00:00.0005177" startTime="2013-06-26T17:18:41.1680272+05:30" endTime="2013-06-26T17:18:41.1836189+05:30" testType="13cdc9d9-ddb5-4fa4-a97d-d965ccfc6d4b" outcome="Passed" testListId="8c84fa94-04c1-424b-9868-57a2d4851a1d" relativeResultsDirectory="0b0274f4-c450-415f-83d7-89b619cada38">
    </UnitTestResult>
    <UnitTestResult executionId="f00f9673-fd0a-478a-9949-b272406c7591" testId="7132de0d-bcc1-0461-aac5-c0559debcb80" testName="UserName" computerName="D-MAA-00391891" duration="00:00:00.0001824" startTime="2013-06-26T17:18:41.1836189+05:30" endTime="2013-06-26T17:18:41.1836189+05:30" testType="13cdc9d9-ddb5-4fa4-a97d-d965ccfc6d4b" outcome="Passed" testListId="8c84fa94-04c1-424b-9868-57a2d4851a1d" relativeResultsDirectory="f00f9673-fd0a-478a-9949-b272406c7591">
    </UnitTestResult>
    <UnitTestResult executionId="7d8604a5-74c5-4cbd-9372-dfecaae40d03" testId="7602c5a1-68c8-5132-75da-6b6ec6e3859c" testName="GetHeaderMapSignatureWithoutTokenTest" computerName="D-MAA-00391891" duration="00:00:00.0006702" startTime="2013-06-26T17:18:41.1836189+05:30" endTime="2013-06-26T17:18:41.1836189+05:30" testType="13cdc9d9-ddb5-4fa4-a97d-d965ccfc6d4b" outcome="Passed" testListId="8c84fa94-04c1-424b-9868-57a2d4851a1d" relativeResultsDirectory="7d8604a5-74c5-4cbd-9372-dfecaae40d03">
    </UnitTestResult>
    <UnitTestResult executionId="792aedc9-54ac-4b91-9f9a-72d336e2f961" testId="793b3ff9-7cec-bc6d-bb95-845664a0a274" testName="GenerateHeaderStrategyWithToken" computerName="D-MAA-00391891" duration="00:00:00.0005997" startTime="2013-06-26T17:18:41.1992207+05:30" endTime="2013-06-26T17:18:41.1992207+05:30" testType="13cdc9d9-ddb5-4fa4-a97d-d965ccfc6d4b" outcome="Passed" testListId="8c84fa94-04c1-424b-9868-57a2d4851a1d" relativeResultsDirectory="792aedc9-54ac-4b91-9f9a-72d336e2f961">
    </UnitTestResult>
    <UnitTestResult executionId="f1a65066-e065-4f12-a797-a04c82af27a6" testId="7a4deb71-e627-caab-0f4b-5ad78a2ca8b2" testName="ArgumentExceptionTest" computerName="D-MAA-00391891" duration="00:00:00.0009031" startTime="2013-06-26T17:18:41.1992207+05:30" endTime="2013-06-26T17:18:41.1992207+05:30" testType="13cdc9d9-ddb5-4fa4-a97d-d965ccfc6d4b" outcome="Passed" testListId="8c84fa94-04c1-424b-9868-57a2d4851a1d" relativeResultsDirectory="f1a65066-e065-4f12-a797-a04c82af27a6">
    </UnitTestResult>
    <UnitTestResult executionId="b725c579-96ba-4a86-8951-6f19d7652ebb" testId="887d4091-e96f-2b45-a8aa-891b10b4bbe4" testName="Password" computerName="D-MAA-00391891" duration="00:00:00.0001832" startTime="2013-06-26T17:18:41.1992207+05:30" endTime="2013-06-26T17:18:41.2148205+05:30" testType="13cdc9d9-ddb5-4fa4-a97d-d965ccfc6d4b" outcome="Passed" testListId="8c84fa94-04c1-424b-9868-57a2d4851a1d" relativeResultsDirectory="b725c579-96ba-4a86-8951-6f19d7652ebb">
    </UnitTestResult>
    <UnitTestResult executionId="bc6eba7f-6498-4e02-a83e-0cbb38d14fd7" testId="8b826b1e-08d4-0de6-32d0-443417829dc1" testName="CertificateFile" computerName="D-MAA-00391891" duration="00:00:00.0001843" startTime="2013-06-26T17:18:41.2148205+05:30" endTime="2013-06-26T17:18:41.2148205+05:30" testType="13cdc9d9-ddb5-4fa4-a97d-d965ccfc6d4b" outcome="Passed" testListId="8c84fa94-04c1-424b-9868-57a2d4851a1d" relativeResultsDirectory="bc6eba7f-6498-4e02-a83e-0cbb38d14fd7">
    </UnitTestResult>
    <UnitTestResult executionId="a3deeaf6-0fbd-46ab-a24b-d1c978051bf3" testId="9546f6ea-d206-f93d-baac-8824bf597749" testName="ThirdPartyAuthorizationTestForToken" computerName="D-MAA-00391891" duration="00:00:00.0002725" startTime="2013-06-26T17:18:41.2148205+05:30" endTime="2013-06-26T17:18:41.2148205+05:30" testType="13cdc9d9-ddb5-4fa4-a97d-d965ccfc6d4b" outcome="Passed" testListId="8c84fa94-04c1-424b-9868-57a2d4851a1d" relativeResultsDirectory="a3deeaf6-0fbd-46ab-a24b-d1c978051bf3">
    </UnitTestResult>
    <UnitTestResult executionId="3ad17e51-4521-4824-b9ba-2796af8477cd" testId="97612a9c-cc09-760b-6f31-92f3b36c106c" testName="TestMethod1" computerName="D-MAA-00391891" duration="00:00:00.0001905" startTime="2013-06-26T17:18:41.2148205+05:30" endTime="2013-06-26T17:18:41.2304215+05:30" testType="13cdc9d9-ddb5-4fa4-a97d-d965ccfc6d4b" outcome="Passed" testListId="8c84fa94-04c1-424b-9868-57a2d4851a1d" relativeResultsDirectory="3ad17e51-4521-4824-b9ba-2796af8477cd">
    </UnitTestResult>
    <UnitTestResult executionId="fd8c50b4-ed56-4cea-9317-b4a4ef8617d9" testId="9954816d-0199-56c1-ad68-b0b9b77a38dd" testName="NamespaceAttributes" computerName="D-MAA-00391891" duration="00:00:00.0003322" startTime="2013-06-26T17:18:41.2304215+05:30" endTime="2013-06-26T17:18:41.2304215+05:30" testType="13cdc9d9-ddb5-4fa4-a97d-d965ccfc6d4b" outcome="Passed" testListId="8c84fa94-04c1-424b-9868-57a2d4851a1d" relativeResultsDirectory="fd8c50b4-ed56-4cea-9317-b4a4ef8617d9">
    </UnitTestResult>
    <UnitTestResult executionId="22a04b9a-348a-4e23-970c-00d2296615d2" testId="9afbf5bb-fe55-b585-505f-7b59070d181e" testName="GetPayloadEndpointWithoutTokenTest" computerName="D-MAA-00391891" duration="00:00:00.0004392" startTime="2013-06-26T17:18:41.2304215+05:30" endTime="2013-06-26T17:18:41.2304215+05:30" testType="13cdc9d9-ddb5-4fa4-a97d-d965ccfc6d4b" outcome="Passed" testListId="8c84fa94-04c1-424b-9868-57a2d4851a1d" relativeResultsDirectory="22a04b9a-348a-4e23-970c-00d2296615d2">
    </UnitTestResult>
    <UnitTestResult executionId="51b15fb7-8b2b-4384-a939-3078c7a80b6e" testId="a41a603b-245e-d759-0e29-4b90776b8bf8" testName="GetEndpointForDefaultModeWithoutEndpoint" computerName="D-MAA-00391891" duration="00:00:00.0010378" startTime="2013-06-26T17:18:41.2304215+05:30" endTime="2013-06-26T17:18:41.2460198+05:30" testType="13cdc9d9-ddb5-4fa4-a97d-d965ccfc6d4b" outcome="Passed" testListId="8c84fa94-04c1-424b-9868-57a2d4851a1d" relativeResultsDirectory="51b15fb7-8b2b-4384-a939-3078c7a80b6e">
    </UnitTestResult>
    <UnitTestResult executionId="1adcbcfb-c1b7-4b8c-9307-1ef1ce433b79" testId="a47fc0f3-b011-bec1-2cd5-22776f70473e" testName="MakeRequestUsingNVPSignatureCredential" computerName="D-MAA-00391891" duration="00:00:06.7168434" startTime="2013-06-26T17:18:41.2460198+05:30" endTime="2013-06-26T17:18:47.9696906+05:30" testType="13cdc9d9-ddb5-4fa4-a97d-d965ccfc6d4b" outcome="Passed" testListId="8c84fa94-04c1-424b-9868-57a2d4851a1d" relativeResultsDirectory="1adcbcfb-c1b7-4b8c-9307-1ef1ce433b79">
    </UnitTestResult>
    <UnitTestResult executionId="7efc253f-3a1d-4303-bf3d-68be61574575" testId="a8bc4982-96cf-8919-8fc8-43bbfb183108" testName="ThirdPartyAuthorizationForToken" computerName="D-MAA-00391891" duration="00:00:00.0002748" startTime="2013-06-26T17:18:47.9696906+05:30" endTime="2013-06-26T17:18:47.9696906+05:30" testType="13cdc9d9-ddb5-4fa4-a97d-d965ccfc6d4b" outcome="Passed" testListId="8c84fa94-04c1-424b-9868-57a2d4851a1d" relativeResultsDirectory="7efc253f-3a1d-4303-bf3d-68be61574575">
    </UnitTestResult>
    <UnitTestResult executionId="02fe6cb4-171d-42d0-9c6f-d8ca49a5d553" testId="ae5adc00-6deb-0c29-408b-2802a8343f13" testName="RetrieveValidProperty" computerName="D-MAA-00391891" duration="00:00:00.0004192" startTime="2013-06-26T17:18:47.9696906+05:30" endTime="2013-06-26T17:18:47.9852916+05:30" testType="13cdc9d9-ddb5-4fa4-a97d-d965ccfc6d4b" outcome="Passed" testListId="8c84fa94-04c1-424b-9868-57a2d4851a1d" relativeResultsDirectory="02fe6cb4-171d-42d0-9c6f-d8ca49a5d553">
    </UnitTestResult>
    <UnitTestResult executionId="4cb373a6-28ea-45b3-862f-a02a8d8c93bb" testId="b07d5ea5-8c64-491d-a200-1382f93387fb" testName="IPNMap" computerName="D-MAA-00391891" duration="00:00:00.0004669" startTime="2013-06-26T17:18:47.9852916+05:30" endTime="2013-06-26T17:18:47.9852916+05:30" testType="13cdc9d9-ddb5-4fa4-a97d-d965ccfc6d4b" outcome="Passed" testListId="8c84fa94-04c1-424b-9868-57a2d4851a1d" relativeResultsDirectory="4cb373a6-28ea-45b3-862f-a02a8d8c93bb">
    </UnitTestResult>
    <UnitTestResult executionId="9a6b37ef-65b5-4b19-9ab1-4ecf9889b7e0" testId="b3a5f5aa-fe94-da40-fb14-119de009c1c1" testName="ApplicationID" computerName="D-MAA-00391891" duration="00:00:00.0001986" startTime="2013-06-26T17:18:47.9852916+05:30" endTime="2013-06-26T17:18:47.9852916+05:30" testType="13cdc9d9-ddb5-4fa4-a97d-d965ccfc6d4b" outcome="Passed" testListId="8c84fa94-04c1-424b-9868-57a2d4851a1d" relativeResultsDirectory="9a6b37ef-65b5-4b19-9ab1-4ecf9889b7e0">
    </UnitTestResult>
    <UnitTestResult executionId="eb79ae10-4b79-4acd-b16e-c55c1225d9c0" testId="bcbe2a27-7af0-ffe3-a36f-50d059124977" testName="IPNParseQueryString" computerName="D-MAA-00391891" duration="00:00:00.0004604" startTime="2013-06-26T17:18:47.9852916+05:30" endTime="2013-06-26T17:18:48.0008918+05:30" testType="13cdc9d9-ddb5-4fa4-a97d-d965ccfc6d4b" outcome="Passed" testListId="8c84fa94-04c1-424b-9868-57a2d4851a1d" relativeResultsDirectory="eb79ae10-4b79-4acd-b16e-c55c1225d9c0">
    </UnitTestResult>
    <UnitTestResult executionId="249b4284-6b94-41c8-981b-cad85530a3e1" testId="cc78885f-ec12-bbbb-ee0a-f5046baea7b5" testName="SignatureCredentialArgumentException" computerName="D-MAA-00391891" duration="00:00:00.0009470" startTime="2013-06-26T17:18:48.0008918+05:30" endTime="2013-06-26T17:18:48.0008918+05:30" testType="13cdc9d9-ddb5-4fa4-a97d-d965ccfc6d4b" outcome="Passed" testListId="8c84fa94-04c1-424b-9868-57a2d4851a1d" relativeResultsDirectory="249b4284-6b94-41c8-981b-cad85530a3e1">
    </UnitTestResult>
    <UnitTestResult executionId="e02ed491-53e5-4a57-b348-362df6d10b3d" testId="d540e76e-48bf-d64f-d68f-126aadf706d7" testName="LoadSignatureCredential" computerName="D-MAA-00391891" duration="00:00:00.0004781" startTime="2013-06-26T17:18:48.0008918+05:30" endTime="2013-06-26T17:18:48.0164936+05:30" testType="13cdc9d9-ddb5-4fa4-a97d-d965ccfc6d4b" outcome="Passed" testListId="8c84fa94-04c1-424b-9868-57a2d4851a1d" relativeResultsDirectory="e02ed491-53e5-4a57-b348-362df6d10b3d">
    </UnitTestResult>
    <UnitTestResult executionId="61e406b3-5125-426d-999d-51f9f16c939d" testId="dbe427e4-2752-847a-24d4-4e2fc7534186" testName="ThirdPartyAuthorizationForSubject" computerName="D-MAA-00391891" duration="00:00:00.0002302" startTime="2013-06-26T17:18:48.0164936+05:30" endTime="2013-06-26T17:18:48.0164936+05:30" testType="13cdc9d9-ddb5-4fa4-a97d-d965ccfc6d4b" outcome="Passed" testListId="8c84fa94-04c1-424b-9868-57a2d4851a1d" relativeResultsDirectory="61e406b3-5125-426d-999d-51f9f16c939d">
    </UnitTestResult>
    <UnitTestResult executionId="a9ad1980-86ad-4014-bcce-af395faab080" testId="df3261c3-408c-8592-329d-f831acf3b97d" testName="ApplicationID" computerName="D-MAA-00391891" duration="00:00:00.0002021" startTime="2013-06-26T17:18:48.0164936+05:30" endTime="2013-06-26T17:18:48.0164936+05:30" testType="13cdc9d9-ddb5-4fa4-a97d-d965ccfc6d4b" outcome="Passed" testListId="8c84fa94-04c1-424b-9868-57a2d4851a1d" relativeResultsDirectory="a9ad1980-86ad-4014-bcce-af395faab080">
    </UnitTestResult>
    <UnitTestResult executionId="add4f452-dd02-4ef6-80b8-29a63d8c4450" testId="e0873a2a-44f1-4b26-5c9b-cfd0b7d17b73" testName="GetHeaderMapCertificateWithoutTokenTest" computerName="D-MAA-00391891" duration="00:00:00.0005404" startTime="2013-06-26T17:18:48.0164936+05:30" endTime="2013-06-26T17:18:48.0320927+05:30" testType="13cdc9d9-ddb5-4fa4-a97d-d965ccfc6d4b" outcome="Passed" testListId="8c84fa94-04c1-424b-9868-57a2d4851a1d" relativeResultsDirectory="add4f452-dd02-4ef6-80b8-29a63d8c4450">
    </UnitTestResult>
    <UnitTestResult executionId="7012f13b-bb8f-4c4a-ad2c-40238fd053a6" testId="e1aa0cea-ce8f-4dce-14b0-a35bee3a1193" testName="IPNTransaction" computerName="D-MAA-00391891" duration="00:00:00.0005782" startTime="2013-06-26T17:18:48.0320927+05:30" endTime="2013-06-26T17:18:48.0320927+05:30" testType="13cdc9d9-ddb5-4fa4-a97d-d965ccfc6d4b" outcome="Passed" testListId="8c84fa94-04c1-424b-9868-57a2d4851a1d" relativeResultsDirectory="7012f13b-bb8f-4c4a-ad2c-40238fd053a6">
    </UnitTestResult>
    <UnitTestResult executionId="c79ce17f-7a66-45db-81c3-e6f663e60ff4" testId="e259da7a-5f14-31d9-454c-fd12688ae7da" testName="GetEndpointForSandboxMode" computerName="D-MAA-00391891" duration="00:00:00.0003295" startTime="2013-06-26T17:18:48.0320927+05:30" endTime="2013-06-26T17:18:48.0320927+05:30" testType="13cdc9d9-ddb5-4fa4-a97d-d965ccfc6d4b" outcome="Passed" testListId="8c84fa94-04c1-424b-9868-57a2d4851a1d" relativeResultsDirectory="c79ce17f-7a66-45db-81c3-e6f663e60ff4">
    </UnitTestResult>
    <UnitTestResult executionId="9c4484d9-ebd9-4269-abad-fe0e85e45541" testId="e317ed9d-e8e8-aa35-12b0-01f4b2feda1b" testName="LoadCredentialForNonExistentAccount" computerName="D-MAA-00391891" duration="00:00:00.0012680" startTime="2013-06-26T17:18:48.0476925+05:30" endTime="2013-06-26T17:18:48.0476925+05:30" testType="13cdc9d9-ddb5-4fa4-a97d-d965ccfc6d4b" outcome="Passed" testListId="8c84fa94-04c1-424b-9868-57a2d4851a1d" relativeResultsDirectory="9c4484d9-ebd9-4269-abad-fe0e85e45541">
    </UnitTestResult>
    <UnitTestResult executionId="785071f1-7b58-43d3-8ae2-330ca01688cb" testId="e80579fd-7373-a975-e626-aa229a43550e" testName="GetPayloadForEmptyRawPayload" computerName="D-MAA-00391891" duration="00:00:00.0010621" startTime="2013-06-26T17:18:48.0476925+05:30" endTime="2013-06-26T17:18:48.0476925+05:30" testType="13cdc9d9-ddb5-4fa4-a97d-d965ccfc6d4b" outcome="Passed" testListId="8c84fa94-04c1-424b-9868-57a2d4851a1d" relativeResultsDirectory="785071f1-7b58-43d3-8ae2-330ca01688cb">
    </UnitTestResult>
  </Results>
</TestRun>