<?xml version="1.0" encoding="UTF-8"?>
<TestRun id="d1714872-39ae-46cd-960f-7fd87620b105" name="rsomaskandan@D-MAA-00391891 2013-06-26 17:18:22" runUser="CORP\rsomaskandan" xmlns="http://microsoft.com/schemas/VisualStudio/TeamTest/2010">
  <TestSettings name="Default Test Settings" id="8bfabdc1-043f-4b75-a3a6-075a9e184cab">
    <Deployment runDeploymentRoot="rsomaskandan_D-MAA-00391891 2013-06-26 17_18_22">
      <DeploymentItem filename="C:\Upgrade\sdk-core-dotnet\src\packages\log4net.2.0.0\lib\net40-full\log4net.dll" />
      <DeploymentItem filename="C:\Upgrade\sdk-core-dotnet\src\packages\Newtonsoft.Json.5.0.6\lib\net40\Newtonsoft.Json.dll" />
      <DeploymentItem filename="C:\Upgrade\sdk-core-dotnet\build\bin\Debug\.NET Framework 4.0\PayPal.Core.SDK.VS.2010.dll" />
    </Deployment>
    <Execution>
      <TestTypeSpecific />
      <AgentRule name="Execution Agents">
      </AgentRule>
    </Execution>
  </TestSettings>
  <Times creation="2013-06-26T17:18:22.6671123+05:30" queuing="2013-06-26T17:18:25.6302533+05:30" start="2013-06-26T17:18:25.6302533+05:30" finish="2013-06-26T17:18:25.9578557+05:30" />
  <ResultSummary outcome="Completed">
    <Counters total="1" executed="1" passed="1" error="0" failed="0" timeout="0" aborted="0" inconclusive="0" passedButRunAborted="0" notRunnable="0" notExecuted="0" disconnected="0" warning="0" completed="0" inProgress="0" pending="0" />
  </ResultSummary>
  <TestDefinitions>
    <UnitTest name="LoadCredentialForNonExistentAccount" storage="c:\upgrade\sdk-core-dotnet\src\bin\debug\paypal.core.sdk.vs.2010.unit.test.dll" id="e317ed9d-e8e8-aa35-12b0-01f4b2feda1b">
      <Execution id="4b703393-eaa6-4559-8bc1-084fb8736675" />
      <TestMethod codeBase="C:/Upgrade/sdk-core-dotnet/src/bin/Debug/PayPal.Core.SDK.VS.2010.Unit.Test.DLL" adapterTypeName="Microsoft.VisualStudio.TestTools.TestTypes.Unit.UnitTestAdapter, Microsoft.VisualStudio.QualityTools.Tips.UnitTest.Adapter, Version=10.0.0.0, Culture=neutral, PublicKeyToken=b03f5f7f11d50a3a" className="PayPal.CredentialManagerTest, PayPal.Core.SDK.VS.2010.Unit.Test, Version=0.0.0.0, Culture=neutral, PublicKeyToken=null" name="LoadCredentialForNonExistentAccount" />
    </UnitTest>
  </TestDefinitions>
  <TestLists>
    <TestList name="Results Not in a List" id="8c84fa94-04c1-424b-9868-57a2d4851a1d" />
    <TestList name="All Loaded Results" id="19431567-8539-422a-85d7-44ee4e166bda" />
  </TestLists>
  <TestEntries>
    <TestEntry testId="e317ed9d-e8e8-aa35-12b0-01f4b2feda1b" executionId="4b703393-eaa6-4559-8bc1-084fb8736675" testListId="8c84fa94-04c1-424b-9868-57a2d4851a1d" />
  </TestEntries>
  <Results>
    <UnitTestResult executionId="4b703393-eaa6-4559-8bc1-084fb8736675" testId="e317ed9d-e8e8-aa35-12b0-01f4b2feda1b" testName="LoadCredentialForNonExistentAccount" computerName="D-MAA-00391891" duration="00:00:00.1114701" startTime="2013-06-26T17:18:25.6458528+05:30" endTime="2013-06-26T17:18:25.9422682+05:30" testType="13cdc9d9-ddb5-4fa4-a97d-d965ccfc6d4b" outcome="Passed" testListId="8c84fa94-04c1-424b-9868-57a2d4851a1d" relativeResultsDirectory="4b703393-eaa6-4559-8bc1-084fb8736675">
    </UnitTestResult>
  </Results>
</TestRun>