<?xml version="1.0" encoding="UTF-8"?>
<TestRun id="ff178eba-ca43-4449-875c-4796dc7718a3" name="rsomaskandan@D-MAA-00391891 2013-06-26 17:12:15" runUser="CORP\rsomaskandan" xmlns="http://microsoft.com/schemas/VisualStudio/TeamTest/2010">
  <TestSettings name="Default Test Settings" id="8c629d03-da40-48f5-9952-8a657f33567a">
    <Deployment runDeploymentRoot="rsomaskandan_D-MAA-00391891 2013-06-26 17_12_15">
      <DeploymentItem filename="C:\Upgrade\sdk-core-dotnet\src\packages\log4net.2.0.0\lib\net40-full\log4net.dll" />
      <DeploymentItem filename="C:\Upgrade\sdk-core-dotnet\src\packages\Newtonsoft.Json.5.0.6\lib\net40\Newtonsoft.Json.dll" />
      <DeploymentItem filename="C:\Upgrade\sdk-core-dotnet\build\bin\Debug\.NET Framework 4.0\PayPal.Core.SDK.VS.2010.dll" />
    </Deployment>
    <Execution>
      <TestTypeSpecific />
      <AgentRule name="Execution Agents">
      </AgentRule>
    </Execution>
  </TestSettings>
  <Times creation="2013-06-26T17:12:15.7960009+05:30" queuing="2013-06-26T17:12:16.9348122+05:30" start="2013-06-26T17:12:17.0440150+05:30" finish="2013-06-26T17:12:30.1637487+05:30" />
  <ResultSummary outcome="Error">
    <Counters total="1" executed="1" error="0" failed="0" timeout="0" aborted="1" inconclusive="0" passedButRunAborted="0" notRunnable="0" notExecuted="0" disconnected="0" warning="0" passed="0" completed="0" inProgress="0" pending="0" />
    <RunInfos>
      <RunInfo computerName="D-MAA-00391891" outcome="Error" timestamp="2013-06-26T17:12:30.1325598+05:30">
        <Text>Test host process exited unexpectedly.</Text>
      </RunInfo>
    </RunInfos>
  </ResultSummary>
  <TestDefinitions>
    <UnitTest name="LoadCredentialForNonExistentAccount" storage="c:\upgrade\sdk-core-dotnet\src\bin\debug\paypal.core.sdk.vs.2010.unit.test.dll" id="e317ed9d-e8e8-aa35-12b0-01f4b2feda1b">
      <Execution id="240bbf63-e4c3-40bb-b9b7-b07ec94c4940" />
      <TestMethod codeBase="C:/Upgrade/sdk-core-dotnet/src/bin/Debug/PayPal.Core.SDK.VS.2010.Unit.Test.DLL" adapterTypeName="Microsoft.VisualStudio.TestTools.TestTypes.Unit.UnitTestAdapter, Microsoft.VisualStudio.QualityTools.Tips.UnitTest.Adapter, Version=10.0.0.0, Culture=neutral, PublicKeyToken=b03f5f7f11d50a3a" className="PayPal.CredentialManagerTest, PayPal.Core.SDK.VS.2010.Unit.Test, Version=0.0.0.0, Culture=neutral, PublicKeyToken=null" name="LoadCredentialForNonExistentAccount" />
    </UnitTest>
  </TestDefinitions>
  <TestLists>
    <TestList name="Results Not in a List" id="8c84fa94-04c1-424b-9868-57a2d4851a1d" />
    <TestList name="All Loaded Results" id="19431567-8539-422a-85d7-44ee4e166bda" />
  </TestLists>
  <TestEntries>
    <TestEntry testId="e317ed9d-e8e8-aa35-12b0-01f4b2feda1b" executionId="240bbf63-e4c3-40bb-b9b7-b07ec94c4940" testListId="8c84fa94-04c1-424b-9868-57a2d4851a1d" />
  </TestEntries>
  <Results>
    <UnitTestResult executionId="240bbf63-e4c3-40bb-b9b7-b07ec94c4940" testId="e317ed9d-e8e8-aa35-12b0-01f4b2feda1b" testName="LoadCredentialForNonExistentAccount" computerName="D-MAA-00391891" duration="00:00:13.0105372" startTime="2013-06-26T17:12:17.1532115+05:30" endTime="2013-06-26T17:12:30.1637487+05:30" testType="13cdc9d9-ddb5-4fa4-a97d-d965ccfc6d4b" outcome="Aborted" testListId="8c84fa94-04c1-424b-9868-57a2d4851a1d" relativeResultsDirectory="240bbf63-e4c3-40bb-b9b7-b07ec94c4940">
    </UnitTestResult>
  </Results>
</TestRun>