<?xml version="1.0" encoding="UTF-8"?>
<TestRun id="d67f6220-7ebf-46e1-8a6f-6fce98a6ee8e" name="rsomaskandan@D-MAA-00391891 2013-06-26 17:21:04" runUser="CORP\rsomaskandan" xmlns="http://microsoft.com/schemas/VisualStudio/TeamTest/2010">
  <TestSettings name="Default Test Settings" id="1513ed95-b67e-4991-b713-1c8ffaf8aa84">
    <Deployment runDeploymentRoot="rsomaskandan_D-MAA-00391891 2013-06-26 17_21_04">
      <DeploymentItem filename="C:\Upgrade\sdk-core-dotnet\src\packages\log4net.2.0.0\lib\net40-full\log4net.dll" />
      <DeploymentItem filename="C:\Upgrade\sdk-core-dotnet\src\packages\Newtonsoft.Json.5.0.6\lib\net40\Newtonsoft.Json.dll" />
      <DeploymentItem filename="C:\Upgrade\sdk-core-dotnet\build\bin\Debug\.NET Framework 4.0\PayPal.Core.SDK.VS.2010.dll" />
    </Deployment>
    <Execution>
      <TestTypeSpecific />
      <AgentRule name="Execution Agents">
      </AgentRule>
    </Execution>
  </TestSettings>
  <Times creation="2013-06-26T17:21:04.7582545+05:30" queuing="2013-06-26T17:21:05.8926654+05:30" start="2013-06-26T17:21:06.0018654+05:30" finish="2013-06-26T17:21:19.5272181+05:30" />
  <ResultSummary outcome="Failed">
    <Counters total="1" executed="1" error="0" failed="1" timeout="0" aborted="0" inconclusive="0" passedButRunAborted="0" notRunnable="0" notExecuted="0" disconnected="0" warning="0" passed="0" completed="0" inProgress="0" pending="0" />
  </ResultSummary>
  <TestDefinitions>
    <UnitTest name="ArgumentExceptionTest" storage="c:\upgrade\sdk-core-dotnet\src\bin\debug\paypal.core.sdk.vs.2010.unit.test.dll" id="21ef3455-1684-aea8-589b-7378e1223574">
      <Execution id="c7884556-8517-4bea-b6a2-5498a1505047" />
      <TestMethod codeBase="C:/Upgrade/sdk-core-dotnet/src/bin/Debug/PayPal.Core.SDK.VS.2010.Unit.Test.DLL" adapterTypeName="Microsoft.VisualStudio.TestTools.TestTypes.Unit.UnitTestAdapter, Microsoft.VisualStudio.QualityTools.Tips.UnitTest.Adapter, Version=10.0.0.0, Culture=neutral, PublicKeyToken=b03f5f7f11d50a3a" className="PayPal.SubjectAuthorizationTest, PayPal.Core.SDK.VS.2010.Unit.Test, Version=0.0.0.0, Culture=neutral, PublicKeyToken=null" name="ArgumentExceptionTest" />
    </UnitTest>
  </TestDefinitions>
  <TestLists>
    <TestList name="Results Not in a List" id="8c84fa94-04c1-424b-9868-57a2d4851a1d" />
    <TestList name="All Loaded Results" id="19431567-8539-422a-85d7-44ee4e166bda" />
  </TestLists>
  <TestEntries>
    <TestEntry testId="21ef3455-1684-aea8-589b-7378e1223574" executionId="c7884556-8517-4bea-b6a2-5498a1505047" testListId="8c84fa94-04c1-424b-9868-57a2d4851a1d" />
  </TestEntries>
  <Results>
    <UnitTestResult executionId="c7884556-8517-4bea-b6a2-5498a1505047" testId="21ef3455-1684-aea8-589b-7378e1223574" testName="ArgumentExceptionTest" computerName="D-MAA-00391891" duration="00:00:12.5747799" startTime="2013-06-26T17:21:06.0954717+05:30" endTime="2013-06-26T17:21:19.4648179+05:30" testType="13cdc9d9-ddb5-4fa4-a97d-d965ccfc6d4b" outcome="Failed" testListId="8c84fa94-04c1-424b-9868-57a2d4851a1d" relativeResultsDirectory="c7884556-8517-4bea-b6a2-5498a1505047">
      <Output>
        <ErrorInfo>
          <Message>Test method PayPal.SubjectAuthorizationTest.ArgumentExceptionTest threw exception System.ArgumentException, but exception PayPal.Exception.MissingCredentialException was expected. Exception message: System.ArgumentException: SubjectAuthorization arguments cannot be null or empty</Message>
          <StackTrace>    at PayPal.Authentication.SubjectAuthorization..ctor(String subjct) in C:\Upgrade\sdk-core-dotnet\src\Authentication\SubjectAuthorization.cs:line 20
   at PayPal.SubjectAuthorizationTest.ArgumentExceptionTest() in C:\Upgrade\sdk-core-dotnet\src\Authentication\SubjectAuthorizationTest .cs:line 16
</StackTrace>
        </ErrorInfo>
      </Output>
    </UnitTestResult>
  </Results>
</TestRun>