<?xml version="1.0" encoding="UTF-8"?>
<TestRun id="77747f68-a328-4965-a13b-1d0e965db7b2" name="rsomaskandan@D-MAA-00391891 2013-06-26 17:23:27" runUser="CORP\rsomaskandan" xmlns="http://microsoft.com/schemas/VisualStudio/TeamTest/2010">
  <TestSettings name="Default Test Settings" id="162840b1-4ecc-495f-b90d-93409eea8e25">
    <Deployment runDeploymentRoot="rsomaskandan_D-MAA-00391891 2013-06-26 17_23_27">
      <DeploymentItem filename="C:\Upgrade\sdk-core-dotnet\src\packages\log4net.2.0.0\lib\net40-full\log4net.dll" />
      <DeploymentItem filename="C:\Upgrade\sdk-core-dotnet\src\packages\Newtonsoft.Json.5.0.6\lib\net40\Newtonsoft.Json.dll" />
      <DeploymentItem filename="C:\Upgrade\sdk-core-dotnet\build\bin\Debug\.NET Framework 4.0\PayPal.Core.SDK.VS.2010.dll" />
    </Deployment>
    <Execution>
      <TestTypeSpecific />
      <AgentRule name="Execution Agents">
      </AgentRule>
    </Execution>
  </TestSettings>
  <Times creation="2013-06-26T17:23:27.1398995+05:30" queuing="2013-06-26T17:23:27.5013455+05:30" start="2013-06-26T17:23:27.5325402+05:30" finish="2013-06-26T17:23:44.1871487+05:30" />
  <ResultSummary outcome="Failed">
    <Counters total="47" executed="47" passed="45" error="0" failed="2" timeout="0" aborted="0" inconclusive="0" passedButRunAborted="0" notRunnable="0" notExecuted="0" disconnected="0" warning="0" completed="0" inProgress="0" pending="0" />
  </ResultSummary>
  <TestDefinitions>
    <UnitTest name="GetEndpointForDefaultModeWithoutEndpoint" storage="c:\upgrade\sdk-core-dotnet\src\bin\debug\paypal.core.sdk.vs.2010.unit.test.dll" id="a41a603b-245e-d759-0e29-4b90776b8bf8">
      <Execution id="5e208389-969d-40fe-8d86-5a7b78db6180" />
      <TestMethod codeBase="C:/Upgrade/sdk-core-dotnet/src/bin/Debug/PayPal.Core.SDK.VS.2010.Unit.Test.DLL" adapterTypeName="Microsoft.VisualStudio.TestTools.TestTypes.Unit.UnitTestAdapter, Microsoft.VisualStudio.QualityTools.Tips.UnitTest.Adapter, Version=10.0.0.0, Culture=neutral, PublicKeyToken=b03f5f7f11d50a3a" className="PayPal.PlatformAPICallPreHandlerTest, PayPal.Core.SDK.VS.2010.Unit.Test, Version=0.0.0.0, Culture=neutral, PublicKeyToken=null" name="GetEndpointForDefaultModeWithoutEndpoint" />
    </UnitTest>
    <UnitTest name="HeaderElement" storage="c:\upgrade\sdk-core-dotnet\src\bin\debug\paypal.core.sdk.vs.2010.unit.test.dll" id="348a32c5-a36c-f5e9-6ea7-72c6aa16ade5">
      <Execution id="91986adb-764d-47d2-bd8d-047c5b4ac787" />
      <TestMethod codeBase="C:/Upgrade/sdk-core-dotnet/src/bin/Debug/PayPal.Core.SDK.VS.2010.Unit.Test.DLL" adapterTypeName="Microsoft.VisualStudio.TestTools.TestTypes.Unit.UnitTestAdapter, Microsoft.VisualStudio.QualityTools.Tips.UnitTest.Adapter, Version=10.0.0.0, Culture=neutral, PublicKeyToken=b03f5f7f11d50a3a" className="PayPal.UnitTest.DefaultSOAPAPICallHandlerTest, PayPal.Core.SDK.VS.2010.Unit.Test, Version=0.0.0.0, Culture=neutral, PublicKeyToken=null" name="HeaderElement" />
    </UnitTest>
    <UnitTest name="ThirdPartyAuthorizationForToken" storage="c:\upgrade\sdk-core-dotnet\src\bin\debug\paypal.core.sdk.vs.2010.unit.test.dll" id="a8bc4982-96cf-8919-8fc8-43bbfb183108">
      <Execution id="66b9e3c5-370b-4734-b445-6a1db28cdb8f" />
      <TestMethod codeBase="C:/Upgrade/sdk-core-dotnet/src/bin/Debug/PayPal.Core.SDK.VS.2010.Unit.Test.DLL" adapterTypeName="Microsoft.VisualStudio.TestTools.TestTypes.Unit.UnitTestAdapter, Microsoft.VisualStudio.QualityTools.Tips.UnitTest.Adapter, Version=10.0.0.0, Culture=neutral, PublicKeyToken=b03f5f7f11d50a3a" className="PayPal.SignatureCredentialTest, PayPal.Core.SDK.VS.2010.Unit.Test, Version=0.0.0.0, Culture=neutral, PublicKeyToken=null" name="ThirdPartyAuthorizationForToken" />
    </UnitTest>
    <UnitTest name="GetEndpointForSandboxMode" storage="c:\upgrade\sdk-core-dotnet\src\bin\debug\paypal.core.sdk.vs.2010.unit.test.dll" id="e259da7a-5f14-31d9-454c-fd12688ae7da">
      <Execution id="20febe68-8b94-43ed-b176-6c32f92413aa" />
      <TestMethod codeBase="C:/Upgrade/sdk-core-dotnet/src/bin/Debug/PayPal.Core.SDK.VS.2010.Unit.Test.DLL" adapterTypeName="Microsoft.VisualStudio.TestTools.TestTypes.Unit.UnitTestAdapter, Microsoft.VisualStudio.QualityTools.Tips.UnitTest.Adapter, Version=10.0.0.0, Culture=neutral, PublicKeyToken=b03f5f7f11d50a3a" className="PayPal.PlatformAPICallPreHandlerTest, PayPal.Core.SDK.VS.2010.Unit.Test, Version=0.0.0.0, Culture=neutral, PublicKeyToken=null" name="GetEndpointForSandboxMode" />
    </UnitTest>
    <UnitTest name="IPNTransaction" storage="c:\upgrade\sdk-core-dotnet\src\bin\debug\paypal.core.sdk.vs.2010.unit.test.dll" id="e1aa0cea-ce8f-4dce-14b0-a35bee3a1193">
      <Execution id="54a55f6e-dfb4-47bf-9218-8b62cbec5b00" />
      <TestMethod codeBase="C:/Upgrade/sdk-core-dotnet/src/bin/Debug/PayPal.Core.SDK.VS.2010.Unit.Test.DLL" adapterTypeName="Microsoft.VisualStudio.TestTools.TestTypes.Unit.UnitTestAdapter, Microsoft.VisualStudio.QualityTools.Tips.UnitTest.Adapter, Version=10.0.0.0, Culture=neutral, PublicKeyToken=b03f5f7f11d50a3a" className="PayPal.IPNMessageTest, PayPal.Core.SDK.VS.2010.Unit.Test, Version=0.0.0.0, Culture=neutral, PublicKeyToken=null" name="IPNTransaction" />
    </UnitTest>
    <UnitTest name="GetHeaderMapWithSignatureWithTokenTest" storage="c:\upgrade\sdk-core-dotnet\src\bin\debug\paypal.core.sdk.vs.2010.unit.test.dll" id="572fc26d-a019-c680-b057-9212fb4a87ce">
      <Execution id="35f201c5-34b4-4a27-9534-71bfc8426410" />
      <TestMethod codeBase="C:/Upgrade/sdk-core-dotnet/src/bin/Debug/PayPal.Core.SDK.VS.2010.Unit.Test.DLL" adapterTypeName="Microsoft.VisualStudio.TestTools.TestTypes.Unit.UnitTestAdapter, Microsoft.VisualStudio.QualityTools.Tips.UnitTest.Adapter, Version=10.0.0.0, Culture=neutral, PublicKeyToken=b03f5f7f11d50a3a" className="PayPal.PlatformAPICallPreHandlerTest, PayPal.Core.SDK.VS.2010.Unit.Test, Version=0.0.0.0, Culture=neutral, PublicKeyToken=null" name="GetHeaderMapWithSignatureWithTokenTest" />
    </UnitTest>
    <UnitTest name="NamespaceAttributes" storage="c:\upgrade\sdk-core-dotnet\src\bin\debug\paypal.core.sdk.vs.2010.unit.test.dll" id="9954816d-0199-56c1-ad68-b0b9b77a38dd">
      <Execution id="d06d3835-d557-4f1c-8fff-ee0dbf5036fd" />
      <TestMethod codeBase="C:/Upgrade/sdk-core-dotnet/src/bin/Debug/PayPal.Core.SDK.VS.2010.Unit.Test.DLL" adapterTypeName="Microsoft.VisualStudio.TestTools.TestTypes.Unit.UnitTestAdapter, Microsoft.VisualStudio.QualityTools.Tips.UnitTest.Adapter, Version=10.0.0.0, Culture=neutral, PublicKeyToken=b03f5f7f11d50a3a" className="PayPal.UnitTest.DefaultSOAPAPICallHandlerTest, PayPal.Core.SDK.VS.2010.Unit.Test, Version=0.0.0.0, Culture=neutral, PublicKeyToken=null" name="NamespaceAttributes" />
    </UnitTest>
    <UnitTest name="IPNRequest" storage="c:\upgrade\sdk-core-dotnet\src\bin\debug\paypal.core.sdk.vs.2010.unit.test.dll" id="31bda955-4698-3bb7-f313-5a568fd924bb">
      <Execution id="6972d778-aae6-49f5-8be6-9cd1d07deacd" />
      <TestMethod codeBase="C:/Upgrade/sdk-core-dotnet/src/bin/Debug/PayPal.Core.SDK.VS.2010.Unit.Test.DLL" adapterTypeName="Microsoft.VisualStudio.TestTools.TestTypes.Unit.UnitTestAdapter, Microsoft.VisualStudio.QualityTools.Tips.UnitTest.Adapter, Version=10.0.0.0, Culture=neutral, PublicKeyToken=b03f5f7f11d50a3a" className="PayPal.IPNMessageTest, PayPal.Core.SDK.VS.2010.Unit.Test, Version=0.0.0.0, Culture=neutral, PublicKeyToken=null" name="IPNRequest" />
    </UnitTest>
    <UnitTest name="GetHeaderMapSignatureWithoutTokenTest" storage="c:\upgrade\sdk-core-dotnet\src\bin\debug\paypal.core.sdk.vs.2010.unit.test.dll" id="7602c5a1-68c8-5132-75da-6b6ec6e3859c">
      <Execution id="d657204e-46e6-43a2-9543-1a1468ab005c" />
      <TestMethod codeBase="C:/Upgrade/sdk-core-dotnet/src/bin/Debug/PayPal.Core.SDK.VS.2010.Unit.Test.DLL" adapterTypeName="Microsoft.VisualStudio.TestTools.TestTypes.Unit.UnitTestAdapter, Microsoft.VisualStudio.QualityTools.Tips.UnitTest.Adapter, Version=10.0.0.0, Culture=neutral, PublicKeyToken=b03f5f7f11d50a3a" className="PayPal.PlatformAPICallPreHandlerTest, PayPal.Core.SDK.VS.2010.Unit.Test, Version=0.0.0.0, Culture=neutral, PublicKeyToken=null" name="GetHeaderMapSignatureWithoutTokenTest" />
    </UnitTest>
    <UnitTest name="IPNParseQueryString" storage="c:\upgrade\sdk-core-dotnet\src\bin\debug\paypal.core.sdk.vs.2010.unit.test.dll" id="bcbe2a27-7af0-ffe3-a36f-50d059124977">
      <Execution id="b7dfa029-7344-42b7-bbab-6a666929e53d" />
      <TestMethod codeBase="C:/Upgrade/sdk-core-dotnet/src/bin/Debug/PayPal.Core.SDK.VS.2010.Unit.Test.DLL" adapterTypeName="Microsoft.VisualStudio.TestTools.TestTypes.Unit.UnitTestAdapter, Microsoft.VisualStudio.QualityTools.Tips.UnitTest.Adapter, Version=10.0.0.0, Culture=neutral, PublicKeyToken=b03f5f7f11d50a3a" className="PayPal.IPNMessageTest, PayPal.Core.SDK.VS.2010.Unit.Test, Version=0.0.0.0, Culture=neutral, PublicKeyToken=null" name="IPNParseQueryString" />
    </UnitTest>
    <UnitTest name="setAndGetThirdPartyAuthorizationForSubject" storage="c:\upgrade\sdk-core-dotnet\src\bin\debug\paypal.core.sdk.vs.2010.unit.test.dll" id="34cec497-81a9-ae94-3928-9d6ffe4f51b3">
      <Execution id="402299be-7b5f-4d7a-96c5-47b73f94c387" />
      <TestMethod codeBase="C:/Upgrade/sdk-core-dotnet/src/bin/Debug/PayPal.Core.SDK.VS.2010.Unit.Test.DLL" adapterTypeName="Microsoft.VisualStudio.TestTools.TestTypes.Unit.UnitTestAdapter, Microsoft.VisualStudio.QualityTools.Tips.UnitTest.Adapter, Version=10.0.0.0, Culture=neutral, PublicKeyToken=b03f5f7f11d50a3a" className="PayPal.CertificateCredentialTest, PayPal.Core.SDK.VS.2010.Unit.Test, Version=0.0.0.0, Culture=neutral, PublicKeyToken=null" name="setAndGetThirdPartyAuthorizationForSubject" />
    </UnitTest>
    <UnitTest name="GenerateHeaderStrategyWithTokenTest" storage="c:\upgrade\sdk-core-dotnet\src\bin\debug\paypal.core.sdk.vs.2010.unit.test.dll" id="3e25a89a-2717-5061-5bb9-f76c52e98eb6">
      <Execution id="37c3ba86-4f0c-42e2-96a8-55583a9315e6" />
      <TestMethod codeBase="C:/Upgrade/sdk-core-dotnet/src/bin/Debug/PayPal.Core.SDK.VS.2010.Unit.Test.DLL" adapterTypeName="Microsoft.VisualStudio.TestTools.TestTypes.Unit.UnitTestAdapter, Microsoft.VisualStudio.QualityTools.Tips.UnitTest.Adapter, Version=10.0.0.0, Culture=neutral, PublicKeyToken=b03f5f7f11d50a3a" className="PayPal.CertificateHttpHeaderAuthStrategyTest, PayPal.Core.SDK.VS.2010.Unit.Test, Version=0.0.0.0, Culture=neutral, PublicKeyToken=null" name="GenerateHeaderStrategyWithTokenTest" />
    </UnitTest>
    <UnitTest name="GenerateHeaderStrategyWithToken" storage="c:\upgrade\sdk-core-dotnet\src\bin\debug\paypal.core.sdk.vs.2010.unit.test.dll" id="793b3ff9-7cec-bc6d-bb95-845664a0a274">
      <Execution id="b0e8c02c-2637-45fa-a369-d016e8167598" />
      <TestMethod codeBase="C:/Upgrade/sdk-core-dotnet/src/bin/Debug/PayPal.Core.SDK.VS.2010.Unit.Test.DLL" adapterTypeName="Microsoft.VisualStudio.TestTools.TestTypes.Unit.UnitTestAdapter, Microsoft.VisualStudio.QualityTools.Tips.UnitTest.Adapter, Version=10.0.0.0, Culture=neutral, PublicKeyToken=b03f5f7f11d50a3a" className="PayPal.SignatureHttpHeaderAuthStrategyTest, PayPal.Core.SDK.VS.2010.Unit.Test, Version=0.0.0.0, Culture=neutral, PublicKeyToken=null" name="GenerateHeaderStrategyWithToken" />
    </UnitTest>
    <UnitTest name="UserName" storage="c:\upgrade\sdk-core-dotnet\src\bin\debug\paypal.core.sdk.vs.2010.unit.test.dll" id="7132de0d-bcc1-0461-aac5-c0559debcb80">
      <Execution id="a3711d2e-4be4-4062-b464-645e60cb24f3" />
      <TestMethod codeBase="C:/Upgrade/sdk-core-dotnet/src/bin/Debug/PayPal.Core.SDK.VS.2010.Unit.Test.DLL" adapterTypeName="Microsoft.VisualStudio.TestTools.TestTypes.Unit.UnitTestAdapter, Microsoft.VisualStudio.QualityTools.Tips.UnitTest.Adapter, Version=10.0.0.0, Culture=neutral, PublicKeyToken=b03f5f7f11d50a3a" className="PayPal.CertificateCredentialTest, PayPal.Core.SDK.VS.2010.Unit.Test, Version=0.0.0.0, Culture=neutral, PublicKeyToken=null" name="UserName" />
    </UnitTest>
    <UnitTest name="ThirdPartyAuthorizationForSubject" storage="c:\upgrade\sdk-core-dotnet\src\bin\debug\paypal.core.sdk.vs.2010.unit.test.dll" id="dbe427e4-2752-847a-24d4-4e2fc7534186">
      <Execution id="85c30988-859a-48c0-b392-c761b2ccc791" />
      <TestMethod codeBase="C:/Upgrade/sdk-core-dotnet/src/bin/Debug/PayPal.Core.SDK.VS.2010.Unit.Test.DLL" adapterTypeName="Microsoft.VisualStudio.TestTools.TestTypes.Unit.UnitTestAdapter, Microsoft.VisualStudio.QualityTools.Tips.UnitTest.Adapter, Version=10.0.0.0, Culture=neutral, PublicKeyToken=b03f5f7f11d50a3a" className="PayPal.SignatureCredentialTest, PayPal.Core.SDK.VS.2010.Unit.Test, Version=0.0.0.0, Culture=neutral, PublicKeyToken=null" name="ThirdPartyAuthorizationForSubject" />
    </UnitTest>
    <UnitTest name="Password" storage="c:\upgrade\sdk-core-dotnet\src\bin\debug\paypal.core.sdk.vs.2010.unit.test.dll" id="167a8f5b-f303-510a-bafc-8c9325dc49f2">
      <Execution id="447e1bb6-b79c-4b82-9565-4864473708fd" />
      <TestMethod codeBase="C:/Upgrade/sdk-core-dotnet/src/bin/Debug/PayPal.Core.SDK.VS.2010.Unit.Test.DLL" adapterTypeName="Microsoft.VisualStudio.TestTools.TestTypes.Unit.UnitTestAdapter, Microsoft.VisualStudio.QualityTools.Tips.UnitTest.Adapter, Version=10.0.0.0, Culture=neutral, PublicKeyToken=b03f5f7f11d50a3a" className="PayPal.CertificateCredentialTest, PayPal.Core.SDK.VS.2010.Unit.Test, Version=0.0.0.0, Culture=neutral, PublicKeyToken=null" name="Password" />
    </UnitTest>
    <UnitTest name="GetHeaderMapCertificateWithoutTokenTest" storage="c:\upgrade\sdk-core-dotnet\src\bin\debug\paypal.core.sdk.vs.2010.unit.test.dll" id="e0873a2a-44f1-4b26-5c9b-cfd0b7d17b73">
      <Execution id="8a0fa991-dc4c-4b2a-a1a7-4b3b3ff5d860" />
      <TestMethod codeBase="C:/Upgrade/sdk-core-dotnet/src/bin/Debug/PayPal.Core.SDK.VS.2010.Unit.Test.DLL" adapterTypeName="Microsoft.VisualStudio.TestTools.TestTypes.Unit.UnitTestAdapter, Microsoft.VisualStudio.QualityTools.Tips.UnitTest.Adapter, Version=10.0.0.0, Culture=neutral, PublicKeyToken=b03f5f7f11d50a3a" className="PayPal.PlatformAPICallPreHandlerTest, PayPal.Core.SDK.VS.2010.Unit.Test, Version=0.0.0.0, Culture=neutral, PublicKeyToken=null" name="GetHeaderMapCertificateWithoutTokenTest" />
    </UnitTest>
    <UnitTest name="MakeRequestUsingNVPSignatureCredential" storage="c:\upgrade\sdk-core-dotnet\src\bin\debug\paypal.core.sdk.vs.2010.unit.test.dll" id="a47fc0f3-b011-bec1-2cd5-22776f70473e">
      <Execution id="f3ea1f13-da34-4ac5-9101-63c3f1f990f2" />
      <TestMethod codeBase="C:/Upgrade/sdk-core-dotnet/src/bin/Debug/PayPal.Core.SDK.VS.2010.Unit.Test.DLL" adapterTypeName="Microsoft.VisualStudio.TestTools.TestTypes.Unit.UnitTestAdapter, Microsoft.VisualStudio.QualityTools.Tips.UnitTest.Adapter, Version=10.0.0.0, Culture=neutral, PublicKeyToken=b03f5f7f11d50a3a" className="PayPal.APIServiceTest, PayPal.Core.SDK.VS.2010.Unit.Test, Version=0.0.0.0, Culture=neutral, PublicKeyToken=null" name="MakeRequestUsingNVPSignatureCredential" />
    </UnitTest>
    <UnitTest name="GetPayloadForEmptyRawPayload" storage="c:\upgrade\sdk-core-dotnet\src\bin\debug\paypal.core.sdk.vs.2010.unit.test.dll" id="e80579fd-7373-a975-e626-aa229a43550e">
      <Execution id="b911867c-0b6a-404a-b52e-ece68547bda2" />
      <TestMethod codeBase="C:/Upgrade/sdk-core-dotnet/src/bin/Debug/PayPal.Core.SDK.VS.2010.Unit.Test.DLL" adapterTypeName="Microsoft.VisualStudio.TestTools.TestTypes.Unit.UnitTestAdapter, Microsoft.VisualStudio.QualityTools.Tips.UnitTest.Adapter, Version=10.0.0.0, Culture=neutral, PublicKeyToken=b03f5f7f11d50a3a" className="PayPal.UnitTest.DefaultSOAPAPICallHandlerTest, PayPal.Core.SDK.VS.2010.Unit.Test, Version=0.0.0.0, Culture=neutral, PublicKeyToken=null" name="GetPayloadForEmptyRawPayload" />
    </UnitTest>
    <UnitTest name="Signature" storage="c:\upgrade\sdk-core-dotnet\src\bin\debug\paypal.core.sdk.vs.2010.unit.test.dll" id="6b98d33c-7c97-8fa5-c877-e79fd9223fbe">
      <Execution id="9372e160-7e3d-4ef6-97d9-370107993bec" />
      <TestMethod codeBase="C:/Upgrade/sdk-core-dotnet/src/bin/Debug/PayPal.Core.SDK.VS.2010.Unit.Test.DLL" adapterTypeName="Microsoft.VisualStudio.TestTools.TestTypes.Unit.UnitTestAdapter, Microsoft.VisualStudio.QualityTools.Tips.UnitTest.Adapter, Version=10.0.0.0, Culture=neutral, PublicKeyToken=b03f5f7f11d50a3a" className="PayPal.SignatureCredentialTest, PayPal.Core.SDK.VS.2010.Unit.Test, Version=0.0.0.0, Culture=neutral, PublicKeyToken=null" name="Signature" />
    </UnitTest>
    <UnitTest name="GenerateHeaderStrategyWithoutTokenTest" storage="c:\upgrade\sdk-core-dotnet\src\bin\debug\paypal.core.sdk.vs.2010.unit.test.dll" id="45adead4-151f-52f9-3bfc-7f9ff4cb26d3">
      <Execution id="54c17816-33b9-4bf0-b50d-d676a3f9f406" />
      <TestMethod codeBase="C:/Upgrade/sdk-core-dotnet/src/bin/Debug/PayPal.Core.SDK.VS.2010.Unit.Test.DLL" adapterTypeName="Microsoft.VisualStudio.TestTools.TestTypes.Unit.UnitTestAdapter, Microsoft.VisualStudio.QualityTools.Tips.UnitTest.Adapter, Version=10.0.0.0, Culture=neutral, PublicKeyToken=b03f5f7f11d50a3a" className="PayPal.CertificateHttpHeaderAuthStrategyTest, PayPal.Core.SDK.VS.2010.Unit.Test, Version=0.0.0.0, Culture=neutral, PublicKeyToken=null" name="GenerateHeaderStrategyWithoutTokenTest" />
    </UnitTest>
    <UnitTest name="Password" storage="c:\upgrade\sdk-core-dotnet\src\bin\debug\paypal.core.sdk.vs.2010.unit.test.dll" id="887d4091-e96f-2b45-a8aa-891b10b4bbe4">
      <Execution id="39974791-779c-467a-a18c-b0b140bfcf1e" />
      <TestMethod codeBase="C:/Upgrade/sdk-core-dotnet/src/bin/Debug/PayPal.Core.SDK.VS.2010.Unit.Test.DLL" adapterTypeName="Microsoft.VisualStudio.TestTools.TestTypes.Unit.UnitTestAdapter, Microsoft.VisualStudio.QualityTools.Tips.UnitTest.Adapter, Version=10.0.0.0, Culture=neutral, PublicKeyToken=b03f5f7f11d50a3a" className="PayPal.SignatureCredentialTest, PayPal.Core.SDK.VS.2010.Unit.Test, Version=0.0.0.0, Culture=neutral, PublicKeyToken=null" name="Password" />
    </UnitTest>
    <UnitTest name="GetEndpointForLiveMode" storage="c:\upgrade\sdk-core-dotnet\src\bin\debug\paypal.core.sdk.vs.2010.unit.test.dll" id="60641299-5c2d-1fcb-e3c8-88e7775f65d0">
      <Execution id="82ede0cf-e2b2-4d94-bb37-bb152c3de81e" />
      <TestMethod codeBase="C:/Upgrade/sdk-core-dotnet/src/bin/Debug/PayPal.Core.SDK.VS.2010.Unit.Test.DLL" adapterTypeName="Microsoft.VisualStudio.TestTools.TestTypes.Unit.UnitTestAdapter, Microsoft.VisualStudio.QualityTools.Tips.UnitTest.Adapter, Version=10.0.0.0, Culture=neutral, PublicKeyToken=b03f5f7f11d50a3a" className="PayPal.PlatformAPICallPreHandlerTest, PayPal.Core.SDK.VS.2010.Unit.Test, Version=0.0.0.0, Culture=neutral, PublicKeyToken=null" name="GetEndpointForLiveMode" />
    </UnitTest>
    <UnitTest name="ApplicationID" storage="c:\upgrade\sdk-core-dotnet\src\bin\debug\paypal.core.sdk.vs.2010.unit.test.dll" id="b3a5f5aa-fe94-da40-fb14-119de009c1c1">
      <Execution id="59b4f331-9f3d-410e-831d-ea8631a256c7" />
      <TestMethod codeBase="C:/Upgrade/sdk-core-dotnet/src/bin/Debug/PayPal.Core.SDK.VS.2010.Unit.Test.DLL" adapterTypeName="Microsoft.VisualStudio.TestTools.TestTypes.Unit.UnitTestAdapter, Microsoft.VisualStudio.QualityTools.Tips.UnitTest.Adapter, Version=10.0.0.0, Culture=neutral, PublicKeyToken=b03f5f7f11d50a3a" className="PayPal.CertificateCredentialTest, PayPal.Core.SDK.VS.2010.Unit.Test, Version=0.0.0.0, Culture=neutral, PublicKeyToken=null" name="ApplicationID" />
    </UnitTest>
    <UnitTest name="GetPayloadEndpointWithoutTokenTest" storage="c:\upgrade\sdk-core-dotnet\src\bin\debug\paypal.core.sdk.vs.2010.unit.test.dll" id="9afbf5bb-fe55-b585-505f-7b59070d181e">
      <Execution id="0442c994-5570-41fc-b89b-d4065896edf5" />
      <TestMethod codeBase="C:/Upgrade/sdk-core-dotnet/src/bin/Debug/PayPal.Core.SDK.VS.2010.Unit.Test.DLL" adapterTypeName="Microsoft.VisualStudio.TestTools.TestTypes.Unit.UnitTestAdapter, Microsoft.VisualStudio.QualityTools.Tips.UnitTest.Adapter, Version=10.0.0.0, Culture=neutral, PublicKeyToken=b03f5f7f11d50a3a" className="PayPal.PlatformAPICallPreHandlerTest, PayPal.Core.SDK.VS.2010.Unit.Test, Version=0.0.0.0, Culture=neutral, PublicKeyToken=null" name="GetPayloadEndpointWithoutTokenTest" />
    </UnitTest>
    <UnitTest name="RetrieveValidProperty" storage="c:\upgrade\sdk-core-dotnet\src\bin\debug\paypal.core.sdk.vs.2010.unit.test.dll" id="ae5adc00-6deb-0c29-408b-2802a8343f13">
      <Execution id="e3331569-964d-4636-9599-327c923d2145" />
      <TestMethod codeBase="C:/Upgrade/sdk-core-dotnet/src/bin/Debug/PayPal.Core.SDK.VS.2010.Unit.Test.DLL" adapterTypeName="Microsoft.VisualStudio.TestTools.TestTypes.Unit.UnitTestAdapter, Microsoft.VisualStudio.QualityTools.Tips.UnitTest.Adapter, Version=10.0.0.0, Culture=neutral, PublicKeyToken=b03f5f7f11d50a3a" className="PayPal.ConfigManagerTest, PayPal.Core.SDK.VS.2010.Unit.Test, Version=0.0.0.0, Culture=neutral, PublicKeyToken=null" name="RetrieveValidProperty" />
    </UnitTest>
    <UnitTest name="IPNMap" storage="c:\upgrade\sdk-core-dotnet\src\bin\debug\paypal.core.sdk.vs.2010.unit.test.dll" id="b07d5ea5-8c64-491d-a200-1382f93387fb">
      <Execution id="4aabf1dd-c402-4825-a014-031fc32e21cc" />
      <TestMethod codeBase="C:/Upgrade/sdk-core-dotnet/src/bin/Debug/PayPal.Core.SDK.VS.2010.Unit.Test.DLL" adapterTypeName="Microsoft.VisualStudio.TestTools.TestTypes.Unit.UnitTestAdapter, Microsoft.VisualStudio.QualityTools.Tips.UnitTest.Adapter, Version=10.0.0.0, Culture=neutral, PublicKeyToken=b03f5f7f11d50a3a" className="PayPal.IPNMessageTest, PayPal.Core.SDK.VS.2010.Unit.Test, Version=0.0.0.0, Culture=neutral, PublicKeyToken=null" name="IPNMap" />
    </UnitTest>
    <UnitTest name="ArgumentExceptionTest" storage="c:\upgrade\sdk-core-dotnet\src\bin\debug\paypal.core.sdk.vs.2010.unit.test.dll" id="7a4deb71-e627-caab-0f4b-5ad78a2ca8b2">
      <Execution id="d5f637af-e404-41cf-8a4f-7c34e732d123" />
      <TestMethod codeBase="C:/Upgrade/sdk-core-dotnet/src/bin/Debug/PayPal.Core.SDK.VS.2010.Unit.Test.DLL" adapterTypeName="Microsoft.VisualStudio.TestTools.TestTypes.Unit.UnitTestAdapter, Microsoft.VisualStudio.QualityTools.Tips.UnitTest.Adapter, Version=10.0.0.0, Culture=neutral, PublicKeyToken=b03f5f7f11d50a3a" className="PayPal.TokenAuthorizationTest, PayPal.Core.SDK.VS.2010.Unit.Test, Version=0.0.0.0, Culture=neutral, PublicKeyToken=null" name="ArgumentExceptionTest" />
    </UnitTest>
    <UnitTest name="SignatureCredentialArgumentException" storage="c:\upgrade\sdk-core-dotnet\src\bin\debug\paypal.core.sdk.vs.2010.unit.test.dll" id="cc78885f-ec12-bbbb-ee0a-f5046baea7b5">
      <Execution id="dc9a2064-4c92-4ecd-98c2-24dbd8908fc7" />
      <TestMethod codeBase="C:/Upgrade/sdk-core-dotnet/src/bin/Debug/PayPal.Core.SDK.VS.2010.Unit.Test.DLL" adapterTypeName="Microsoft.VisualStudio.TestTools.TestTypes.Unit.UnitTestAdapter, Microsoft.VisualStudio.QualityTools.Tips.UnitTest.Adapter, Version=10.0.0.0, Culture=neutral, PublicKeyToken=b03f5f7f11d50a3a" className="PayPal.SignatureCredentialTest, PayPal.Core.SDK.VS.2010.Unit.Test, Version=0.0.0.0, Culture=neutral, PublicKeyToken=null" name="SignatureCredentialArgumentException" />
    </UnitTest>
    <UnitTest name="UserName" storage="c:\upgrade\sdk-core-dotnet\src\bin\debug\paypal.core.sdk.vs.2010.unit.test.dll" id="5e2e2a3a-0066-6895-a9d5-276ece776d13">
      <Execution id="275de40e-c68b-41f8-89bb-4d5c682762de" />
      <TestMethod codeBase="C:/Upgrade/sdk-core-dotnet/src/bin/Debug/PayPal.Core.SDK.VS.2010.Unit.Test.DLL" adapterTypeName="Microsoft.VisualStudio.TestTools.TestTypes.Unit.UnitTestAdapter, Microsoft.VisualStudio.QualityTools.Tips.UnitTest.Adapter, Version=10.0.0.0, Culture=neutral, PublicKeyToken=b03f5f7f11d50a3a" className="PayPal.SignatureCredentialTest, PayPal.Core.SDK.VS.2010.Unit.Test, Version=0.0.0.0, Culture=neutral, PublicKeyToken=null" name="UserName" />
    </UnitTest>
    <UnitTest name="LoadCredentialForNonExistentAccount" storage="c:\upgrade\sdk-core-dotnet\src\bin\debug\paypal.core.sdk.vs.2010.unit.test.dll" id="e317ed9d-e8e8-aa35-12b0-01f4b2feda1b">
      <Execution id="88c69f6b-5732-4543-8e3b-380014e26561" />
      <TestMethod codeBase="C:/Upgrade/sdk-core-dotnet/src/bin/Debug/PayPal.Core.SDK.VS.2010.Unit.Test.DLL" adapterTypeName="Microsoft.VisualStudio.TestTools.TestTypes.Unit.UnitTestAdapter, Microsoft.VisualStudio.QualityTools.Tips.UnitTest.Adapter, Version=10.0.0.0, Culture=neutral, PublicKeyToken=b03f5f7f11d50a3a" className="PayPal.CredentialManagerTest, PayPal.Core.SDK.VS.2010.Unit.Test, Version=0.0.0.0, Culture=neutral, PublicKeyToken=null" name="LoadCredentialForNonExistentAccount" />
    </UnitTest>
    <UnitTest name="ApplicationID" storage="c:\upgrade\sdk-core-dotnet\src\bin\debug\paypal.core.sdk.vs.2010.unit.test.dll" id="df3261c3-408c-8592-329d-f831acf3b97d">
      <Execution id="3a44beb9-9eee-40c8-b685-2f2f679b5cd9" />
      <TestMethod codeBase="C:/Upgrade/sdk-core-dotnet/src/bin/Debug/PayPal.Core.SDK.VS.2010.Unit.Test.DLL" adapterTypeName="Microsoft.VisualStudio.TestTools.TestTypes.Unit.UnitTestAdapter, Microsoft.VisualStudio.QualityTools.Tips.UnitTest.Adapter, Version=10.0.0.0, Culture=neutral, PublicKeyToken=b03f5f7f11d50a3a" className="PayPal.SignatureCredentialTest, PayPal.Core.SDK.VS.2010.Unit.Test, Version=0.0.0.0, Culture=neutral, PublicKeyToken=null" name="ApplicationID" />
    </UnitTest>
    <UnitTest name="MakeRequestUsingNVPCertificateCredential" storage="c:\upgrade\sdk-core-dotnet\src\bin\debug\paypal.core.sdk.vs.2010.unit.test.dll" id="549e6941-7a82-b46d-eaed-7a81c01c0e6c">
      <Execution id="e98d62e2-0d56-4891-92ec-c411df72518e" />
      <TestMethod codeBase="C:/Upgrade/sdk-core-dotnet/src/bin/Debug/PayPal.Core.SDK.VS.2010.Unit.Test.DLL" adapterTypeName="Microsoft.VisualStudio.TestTools.TestTypes.Unit.UnitTestAdapter, Microsoft.VisualStudio.QualityTools.Tips.UnitTest.Adapter, Version=10.0.0.0, Culture=neutral, PublicKeyToken=b03f5f7f11d50a3a" className="PayPal.APIServiceTest, PayPal.Core.SDK.VS.2010.Unit.Test, Version=0.0.0.0, Culture=neutral, PublicKeyToken=null" name="MakeRequestUsingNVPCertificateCredential" />
    </UnitTest>
    <UnitTest name="CreateNewConnection" storage="c:\upgrade\sdk-core-dotnet\src\bin\debug\paypal.core.sdk.vs.2010.unit.test.dll" id="11126d6d-b4ee-e9ea-20f6-0f491ed11eda">
      <Execution id="45c3ede0-586c-40c3-b83a-0d906946e8aa" />
      <TestMethod codeBase="C:/Upgrade/sdk-core-dotnet/src/bin/Debug/PayPal.Core.SDK.VS.2010.Unit.Test.DLL" adapterTypeName="Microsoft.VisualStudio.TestTools.TestTypes.Unit.UnitTestAdapter, Microsoft.VisualStudio.QualityTools.Tips.UnitTest.Adapter, Version=10.0.0.0, Culture=neutral, PublicKeyToken=b03f5f7f11d50a3a" className="PayPal.ConnectionManagerTest, PayPal.Core.SDK.VS.2010.Unit.Test, Version=0.0.0.0, Culture=neutral, PublicKeyToken=null" name="CreateNewConnection" />
    </UnitTest>
    <UnitTest name="GenerateHeaderStrategyWithoutToken" storage="c:\upgrade\sdk-core-dotnet\src\bin\debug\paypal.core.sdk.vs.2010.unit.test.dll" id="39cf0469-9b56-a06d-ad3d-3062d9632690">
      <Execution id="942ae714-7636-4ae0-a965-639bc29dd57a" />
      <TestMethod codeBase="C:/Upgrade/sdk-core-dotnet/src/bin/Debug/PayPal.Core.SDK.VS.2010.Unit.Test.DLL" adapterTypeName="Microsoft.VisualStudio.TestTools.TestTypes.Unit.UnitTestAdapter, Microsoft.VisualStudio.QualityTools.Tips.UnitTest.Adapter, Version=10.0.0.0, Culture=neutral, PublicKeyToken=b03f5f7f11d50a3a" className="PayPal.SignatureHttpHeaderAuthStrategyTest, PayPal.Core.SDK.VS.2010.Unit.Test, Version=0.0.0.0, Culture=neutral, PublicKeyToken=null" name="GenerateHeaderStrategyWithoutToken" />
    </UnitTest>
    <UnitTest name="LoadCertificateCredential" storage="c:\upgrade\sdk-core-dotnet\src\bin\debug\paypal.core.sdk.vs.2010.unit.test.dll" id="5e49005f-da85-beb2-c4f0-d669b67aef7e">
      <Execution id="31f7ee99-3083-429d-a1bc-8001276d8faf" />
      <TestMethod codeBase="C:/Upgrade/sdk-core-dotnet/src/bin/Debug/PayPal.Core.SDK.VS.2010.Unit.Test.DLL" adapterTypeName="Microsoft.VisualStudio.TestTools.TestTypes.Unit.UnitTestAdapter, Microsoft.VisualStudio.QualityTools.Tips.UnitTest.Adapter, Version=10.0.0.0, Culture=neutral, PublicKeyToken=b03f5f7f11d50a3a" className="PayPal.CredentialManagerTest, PayPal.Core.SDK.VS.2010.Unit.Test, Version=0.0.0.0, Culture=neutral, PublicKeyToken=null" name="LoadCertificateCredential" />
    </UnitTest>
    <UnitTest name="GetHeaderMapWithCertificateWithTokenTest" storage="c:\upgrade\sdk-core-dotnet\src\bin\debug\paypal.core.sdk.vs.2010.unit.test.dll" id="58a1efbe-125b-c9c2-405c-e5b9542d1783">
      <Execution id="a701b68c-b430-45ca-8f55-501d5ab11bf7" />
      <TestMethod codeBase="C:/Upgrade/sdk-core-dotnet/src/bin/Debug/PayPal.Core.SDK.VS.2010.Unit.Test.DLL" adapterTypeName="Microsoft.VisualStudio.TestTools.TestTypes.Unit.UnitTestAdapter, Microsoft.VisualStudio.QualityTools.Tips.UnitTest.Adapter, Version=10.0.0.0, Culture=neutral, PublicKeyToken=b03f5f7f11d50a3a" className="PayPal.PlatformAPICallPreHandlerTest, PayPal.Core.SDK.VS.2010.Unit.Test, Version=0.0.0.0, Culture=neutral, PublicKeyToken=null" name="GetHeaderMapWithCertificateWithTokenTest" />
    </UnitTest>
    <UnitTest name="CertificateFile" storage="c:\upgrade\sdk-core-dotnet\src\bin\debug\paypal.core.sdk.vs.2010.unit.test.dll" id="8b826b1e-08d4-0de6-32d0-443417829dc1">
      <Execution id="94d01bf7-0d0e-4033-a48a-e06af7d28dbd" />
      <TestMethod codeBase="C:/Upgrade/sdk-core-dotnet/src/bin/Debug/PayPal.Core.SDK.VS.2010.Unit.Test.DLL" adapterTypeName="Microsoft.VisualStudio.TestTools.TestTypes.Unit.UnitTestAdapter, Microsoft.VisualStudio.QualityTools.Tips.UnitTest.Adapter, Version=10.0.0.0, Culture=neutral, PublicKeyToken=b03f5f7f11d50a3a" className="PayPal.CertificateCredentialTest, PayPal.Core.SDK.VS.2010.Unit.Test, Version=0.0.0.0, Culture=neutral, PublicKeyToken=null" name="CertificateFile" />
    </UnitTest>
    <UnitTest name="GetEndpointForDefaultModeWithExplicitEndpoint" storage="c:\upgrade\sdk-core-dotnet\src\bin\debug\paypal.core.sdk.vs.2010.unit.test.dll" id="34e31e27-65d7-9fd2-b480-8413c210a1c7">
      <Execution id="092abb4f-1d48-45d6-9a38-02d6909c19b1" />
      <TestMethod codeBase="C:/Upgrade/sdk-core-dotnet/src/bin/Debug/PayPal.Core.SDK.VS.2010.Unit.Test.DLL" adapterTypeName="Microsoft.VisualStudio.TestTools.TestTypes.Unit.UnitTestAdapter, Microsoft.VisualStudio.QualityTools.Tips.UnitTest.Adapter, Version=10.0.0.0, Culture=neutral, PublicKeyToken=b03f5f7f11d50a3a" className="PayPal.PlatformAPICallPreHandlerTest, PayPal.Core.SDK.VS.2010.Unit.Test, Version=0.0.0.0, Culture=neutral, PublicKeyToken=null" name="GetEndpointForDefaultModeWithExplicitEndpoint" />
    </UnitTest>
    <UnitTest name="TestMethod1" storage="c:\upgrade\sdk-core-dotnet\src\bin\debug\paypal.core.sdk.vs.2010.unit.test.dll" id="97612a9c-cc09-760b-6f31-92f3b36c106c">
      <Execution id="5b82465f-2605-40fd-8cdc-6c4bb070ae6d" />
      <TestMethod codeBase="C:/Upgrade/sdk-core-dotnet/src/bin/Debug/PayPal.Core.SDK.VS.2010.Unit.Test.DLL" adapterTypeName="Microsoft.VisualStudio.TestTools.TestTypes.Unit.UnitTestAdapter, Microsoft.VisualStudio.QualityTools.Tips.UnitTest.Adapter, Version=10.0.0.0, Culture=neutral, PublicKeyToken=b03f5f7f11d50a3a" className="PayPal.UnitTest1, PayPal.Core.SDK.VS.2010.Unit.Test, Version=0.0.0.0, Culture=neutral, PublicKeyToken=null" name="TestMethod1" />
    </UnitTest>
    <UnitTest name="PrivateKeyPassword" storage="c:\upgrade\sdk-core-dotnet\src\bin\debug\paypal.core.sdk.vs.2010.unit.test.dll" id="4b45ba06-3396-0328-c4f5-e68b33e209dd">
      <Execution id="56fc4990-b058-4a15-8eca-02851091334e" />
      <TestMethod codeBase="C:/Upgrade/sdk-core-dotnet/src/bin/Debug/PayPal.Core.SDK.VS.2010.Unit.Test.DLL" adapterTypeName="Microsoft.VisualStudio.TestTools.TestTypes.Unit.UnitTestAdapter, Microsoft.VisualStudio.QualityTools.Tips.UnitTest.Adapter, Version=10.0.0.0, Culture=neutral, PublicKeyToken=b03f5f7f11d50a3a" className="PayPal.CertificateCredentialTest, PayPal.Core.SDK.VS.2010.Unit.Test, Version=0.0.0.0, Culture=neutral, PublicKeyToken=null" name="PrivateKeyPassword" />
    </UnitTest>
    <UnitTest name="LoadSignatureCredential" storage="c:\upgrade\sdk-core-dotnet\src\bin\debug\paypal.core.sdk.vs.2010.unit.test.dll" id="d540e76e-48bf-d64f-d68f-126aadf706d7">
      <Execution id="f3cbfaa6-4174-4d15-90ec-f3b2c150b5b5" />
      <TestMethod codeBase="C:/Upgrade/sdk-core-dotnet/src/bin/Debug/PayPal.Core.SDK.VS.2010.Unit.Test.DLL" adapterTypeName="Microsoft.VisualStudio.TestTools.TestTypes.Unit.UnitTestAdapter, Microsoft.VisualStudio.QualityTools.Tips.UnitTest.Adapter, Version=10.0.0.0, Culture=neutral, PublicKeyToken=b03f5f7f11d50a3a" className="PayPal.CredentialManagerTest, PayPal.Core.SDK.VS.2010.Unit.Test, Version=0.0.0.0, Culture=neutral, PublicKeyToken=null" name="LoadSignatureCredential" />
    </UnitTest>
    <UnitTest name="IPNParameter" storage="c:\upgrade\sdk-core-dotnet\src\bin\debug\paypal.core.sdk.vs.2010.unit.test.dll" id="6bc21a04-f93c-de73-fe81-bf7707421f91">
      <Execution id="171f6828-bc14-4a52-9bc1-07a442fd3bfc" />
      <TestMethod codeBase="C:/Upgrade/sdk-core-dotnet/src/bin/Debug/PayPal.Core.SDK.VS.2010.Unit.Test.DLL" adapterTypeName="Microsoft.VisualStudio.TestTools.TestTypes.Unit.UnitTestAdapter, Microsoft.VisualStudio.QualityTools.Tips.UnitTest.Adapter, Version=10.0.0.0, Culture=neutral, PublicKeyToken=b03f5f7f11d50a3a" className="PayPal.IPNMessageTest, PayPal.Core.SDK.VS.2010.Unit.Test, Version=0.0.0.0, Culture=neutral, PublicKeyToken=null" name="IPNParameter" />
    </UnitTest>
    <UnitTest name="CreateNewConnectionWithInvalidURL" storage="c:\upgrade\sdk-core-dotnet\src\bin\debug\paypal.core.sdk.vs.2010.unit.test.dll" id="6af993b2-6557-db16-924e-6a6d2f624900">
      <Execution id="ecf22e1c-d6cc-4882-9eea-9c9caea9e35e" />
      <TestMethod codeBase="C:/Upgrade/sdk-core-dotnet/src/bin/Debug/PayPal.Core.SDK.VS.2010.Unit.Test.DLL" adapterTypeName="Microsoft.VisualStudio.TestTools.TestTypes.Unit.UnitTestAdapter, Microsoft.VisualStudio.QualityTools.Tips.UnitTest.Adapter, Version=10.0.0.0, Culture=neutral, PublicKeyToken=b03f5f7f11d50a3a" className="PayPal.ConnectionManagerTest, PayPal.Core.SDK.VS.2010.Unit.Test, Version=0.0.0.0, Culture=neutral, PublicKeyToken=null" name="CreateNewConnectionWithInvalidURL" />
    </UnitTest>
    <UnitTest name="ArgumentExceptionTest" storage="c:\upgrade\sdk-core-dotnet\src\bin\debug\paypal.core.sdk.vs.2010.unit.test.dll" id="21ef3455-1684-aea8-589b-7378e1223574">
      <Execution id="e4baf9c8-6ed6-4e33-b676-2adb006365c8" />
      <TestMethod codeBase="C:/Upgrade/sdk-core-dotnet/src/bin/Debug/PayPal.Core.SDK.VS.2010.Unit.Test.DLL" adapterTypeName="Microsoft.VisualStudio.TestTools.TestTypes.Unit.UnitTestAdapter, Microsoft.VisualStudio.QualityTools.Tips.UnitTest.Adapter, Version=10.0.0.0, Culture=neutral, PublicKeyToken=b03f5f7f11d50a3a" className="PayPal.SubjectAuthorizationTest, PayPal.Core.SDK.VS.2010.Unit.Test, Version=0.0.0.0, Culture=neutral, PublicKeyToken=null" name="ArgumentExceptionTest" />
    </UnitTest>
    <UnitTest name="ThirdPartyAuthorizationTestForToken" storage="c:\upgrade\sdk-core-dotnet\src\bin\debug\paypal.core.sdk.vs.2010.unit.test.dll" id="9546f6ea-d206-f93d-baac-8824bf597749">
      <Execution id="c281b8d6-34be-45d8-8f78-851573b94490" />
      <TestMethod codeBase="C:/Upgrade/sdk-core-dotnet/src/bin/Debug/PayPal.Core.SDK.VS.2010.Unit.Test.DLL" adapterTypeName="Microsoft.VisualStudio.TestTools.TestTypes.Unit.UnitTestAdapter, Microsoft.VisualStudio.QualityTools.Tips.UnitTest.Adapter, Version=10.0.0.0, Culture=neutral, PublicKeyToken=b03f5f7f11d50a3a" className="PayPal.CertificateCredentialTest, PayPal.Core.SDK.VS.2010.Unit.Test, Version=0.0.0.0, Culture=neutral, PublicKeyToken=null" name="ThirdPartyAuthorizationTestForToken" />
    </UnitTest>
    <UnitTest name="CertificateCredentialArgumentException" storage="c:\upgrade\sdk-core-dotnet\src\bin\debug\paypal.core.sdk.vs.2010.unit.test.dll" id="59d960ea-6241-6d24-5578-9ef7f6b66bd4">
      <Execution id="5171951e-0d24-44e4-8531-36e91075f36a" />
      <TestMethod codeBase="C:/Upgrade/sdk-core-dotnet/src/bin/Debug/PayPal.Core.SDK.VS.2010.Unit.Test.DLL" adapterTypeName="Microsoft.VisualStudio.TestTools.TestTypes.Unit.UnitTestAdapter, Microsoft.VisualStudio.QualityTools.Tips.UnitTest.Adapter, Version=10.0.0.0, Culture=neutral, PublicKeyToken=b03f5f7f11d50a3a" className="PayPal.CertificateCredentialTest, PayPal.Core.SDK.VS.2010.Unit.Test, Version=0.0.0.0, Culture=neutral, PublicKeyToken=null" name="CertificateCredentialArgumentException" />
    </UnitTest>
  </TestDefinitions>
  <TestLists>
    <TestList name="Results Not in a List" id="8c84fa94-04c1-424b-9868-57a2d4851a1d" />
    <TestList name="All Loaded Results" id="19431567-8539-422a-85d7-44ee4e166bda" />
  </TestLists>
  <TestEntries>
    <TestEntry testId="11126d6d-b4ee-e9ea-20f6-0f491ed11eda" executionId="45c3ede0-586c-40c3-b83a-0d906946e8aa" testListId="8c84fa94-04c1-424b-9868-57a2d4851a1d" />
    <TestEntry testId="167a8f5b-f303-510a-bafc-8c9325dc49f2" executionId="447e1bb6-b79c-4b82-9565-4864473708fd" testListId="8c84fa94-04c1-424b-9868-57a2d4851a1d" />
    <TestEntry testId="21ef3455-1684-aea8-589b-7378e1223574" executionId="e4baf9c8-6ed6-4e33-b676-2adb006365c8" testListId="8c84fa94-04c1-424b-9868-57a2d4851a1d" />
    <TestEntry testId="31bda955-4698-3bb7-f313-5a568fd924bb" executionId="6972d778-aae6-49f5-8be6-9cd1d07deacd" testListId="8c84fa94-04c1-424b-9868-57a2d4851a1d" />
    <TestEntry testId="348a32c5-a36c-f5e9-6ea7-72c6aa16ade5" executionId="91986adb-764d-47d2-bd8d-047c5b4ac787" testListId="8c84fa94-04c1-424b-9868-57a2d4851a1d" />
    <TestEntry testId="34cec497-81a9-ae94-3928-9d6ffe4f51b3" executionId="402299be-7b5f-4d7a-96c5-47b73f94c387" testListId="8c84fa94-04c1-424b-9868-57a2d4851a1d" />
    <TestEntry testId="34e31e27-65d7-9fd2-b480-8413c210a1c7" executionId="092abb4f-1d48-45d6-9a38-02d6909c19b1" testListId="8c84fa94-04c1-424b-9868-57a2d4851a1d" />
    <TestEntry testId="39cf0469-9b56-a06d-ad3d-3062d9632690" executionId="942ae714-7636-4ae0-a965-639bc29dd57a" testListId="8c84fa94-04c1-424b-9868-57a2d4851a1d" />
    <TestEntry testId="3e25a89a-2717-5061-5bb9-f76c52e98eb6" executionId="37c3ba86-4f0c-42e2-96a8-55583a9315e6" testListId="8c84fa94-04c1-424b-9868-57a2d4851a1d" />
    <TestEntry testId="45adead4-151f-52f9-3bfc-7f9ff4cb26d3" executionId="54c17816-33b9-4bf0-b50d-d676a3f9f406" testListId="8c84fa94-04c1-424b-9868-57a2d4851a1d" />
    <TestEntry testId="4b45ba06-3396-0328-c4f5-e68b33e209dd" executionId="56fc4990-b058-4a15-8eca-02851091334e" testListId="8c84fa94-04c1-424b-9868-57a2d4851a1d" />
    <TestEntry testId="549e6941-7a82-b46d-eaed-7a81c01c0e6c" executionId="e98d62e2-0d56-4891-92ec-c411df72518e" testListId="8c84fa94-04c1-424b-9868-57a2d4851a1d" />
    <TestEntry testId="572fc26d-a019-c680-b057-9212fb4a87ce" executionId="35f201c5-34b4-4a27-9534-71bfc8426410" testListId="8c84fa94-04c1-424b-9868-57a2d4851a1d" />
    <TestEntry testId="58a1efbe-125b-c9c2-405c-e5b9542d1783" executionId="a701b68c-b430-45ca-8f55-501d5ab11bf7" testListId="8c84fa94-04c1-424b-9868-57a2d4851a1d" />
    <TestEntry testId="59d960ea-6241-6d24-5578-9ef7f6b66bd4" executionId="5171951e-0d24-44e4-8531-36e91075f36a" testListId="8c84fa94-04c1-424b-9868-57a2d4851a1d" />
    <TestEntry testId="5e2e2a3a-0066-6895-a9d5-276ece776d13" executionId="275de40e-c68b-41f8-89bb-4d5c682762de" testListId="8c84fa94-04c1-424b-9868-57a2d4851a1d" />
    <TestEntry testId="5e49005f-da85-beb2-c4f0-d669b67aef7e" executionId="31f7ee99-3083-429d-a1bc-8001276d8faf" testListId="8c84fa94-04c1-424b-9868-57a2d4851a1d" />
    <TestEntry testId="60641299-5c2d-1fcb-e3c8-88e7775f65d0" executionId="82ede0cf-e2b2-4d94-bb37-bb152c3de81e" testListId="8c84fa94-04c1-424b-9868-57a2d4851a1d" />
    <TestEntry testId="6af993b2-6557-db16-924e-6a6d2f624900" executionId="ecf22e1c-d6cc-4882-9eea-9c9caea9e35e" testListId="8c84fa94-04c1-424b-9868-57a2d4851a1d" />
    <TestEntry testId="6b98d33c-7c97-8fa5-c877-e79fd9223fbe" executionId="9372e160-7e3d-4ef6-97d9-370107993bec" testListId="8c84fa94-04c1-424b-9868-57a2d4851a1d" />
    <TestEntry testId="6bc21a04-f93c-de73-fe81-bf7707421f91" executionId="171f6828-bc14-4a52-9bc1-07a442fd3bfc" testListId="8c84fa94-04c1-424b-9868-57a2d4851a1d" />
    <TestEntry testId="7132de0d-bcc1-0461-aac5-c0559debcb80" executionId="a3711d2e-4be4-4062-b464-645e60cb24f3" testListId="8c84fa94-04c1-424b-9868-57a2d4851a1d" />
    <TestEntry testId="7602c5a1-68c8-5132-75da-6b6ec6e3859c" executionId="d657204e-46e6-43a2-9543-1a1468ab005c" testListId="8c84fa94-04c1-424b-9868-57a2d4851a1d" />
    <TestEntry testId="793b3ff9-7cec-bc6d-bb95-845664a0a274" executionId="b0e8c02c-2637-45fa-a369-d016e8167598" testListId="8c84fa94-04c1-424b-9868-57a2d4851a1d" />
    <TestEntry testId="7a4deb71-e627-caab-0f4b-5ad78a2ca8b2" executionId="d5f637af-e404-41cf-8a4f-7c34e732d123" testListId="8c84fa94-04c1-424b-9868-57a2d4851a1d" />
    <TestEntry testId="887d4091-e96f-2b45-a8aa-891b10b4bbe4" executionId="39974791-779c-467a-a18c-b0b140bfcf1e" testListId="8c84fa94-04c1-424b-9868-57a2d4851a1d" />
    <TestEntry testId="8b826b1e-08d4-0de6-32d0-443417829dc1" executionId="94d01bf7-0d0e-4033-a48a-e06af7d28dbd" testListId="8c84fa94-04c1-424b-9868-57a2d4851a1d" />
    <TestEntry testId="9546f6ea-d206-f93d-baac-8824bf597749" executionId="c281b8d6-34be-45d8-8f78-851573b94490" testListId="8c84fa94-04c1-424b-9868-57a2d4851a1d" />
    <TestEntry testId="97612a9c-cc09-760b-6f31-92f3b36c106c" executionId="5b82465f-2605-40fd-8cdc-6c4bb070ae6d" testListId="8c84fa94-04c1-424b-9868-57a2d4851a1d" />
    <TestEntry testId="9954816d-0199-56c1-ad68-b0b9b77a38dd" executionId="d06d3835-d557-4f1c-8fff-ee0dbf5036fd" testListId="8c84fa94-04c1-424b-9868-57a2d4851a1d" />
    <TestEntry testId="9afbf5bb-fe55-b585-505f-7b59070d181e" executionId="0442c994-5570-41fc-b89b-d4065896edf5" testListId="8c84fa94-04c1-424b-9868-57a2d4851a1d" />
    <TestEntry testId="a41a603b-245e-d759-0e29-4b90776b8bf8" executionId="5e208389-969d-40fe-8d86-5a7b78db6180" testListId="8c84fa94-04c1-424b-9868-57a2d4851a1d" />
    <TestEntry testId="a47fc0f3-b011-bec1-2cd5-22776f70473e" executionId="f3ea1f13-da34-4ac5-9101-63c3f1f990f2" testListId="8c84fa94-04c1-424b-9868-57a2d4851a1d" />
    <TestEntry testId="a8bc4982-96cf-8919-8fc8-43bbfb183108" executionId="66b9e3c5-370b-4734-b445-6a1db28cdb8f" testListId="8c84fa94-04c1-424b-9868-57a2d4851a1d" />
    <TestEntry testId="ae5adc00-6deb-0c29-408b-2802a8343f13" executionId="e3331569-964d-4636-9599-327c923d2145" testListId="8c84fa94-04c1-424b-9868-57a2d4851a1d" />
    <TestEntry testId="b07d5ea5-8c64-491d-a200-1382f93387fb" executionId="4aabf1dd-c402-4825-a014-031fc32e21cc" testListId="8c84fa94-04c1-424b-9868-57a2d4851a1d" />
    <TestEntry testId="b3a5f5aa-fe94-da40-fb14-119de009c1c1" executionId="59b4f331-9f3d-410e-831d-ea8631a256c7" testListId="8c84fa94-04c1-424b-9868-57a2d4851a1d" />
    <TestEntry testId="bcbe2a27-7af0-ffe3-a36f-50d059124977" executionId="b7dfa029-7344-42b7-bbab-6a666929e53d" testListId="8c84fa94-04c1-424b-9868-57a2d4851a1d" />
    <TestEntry testId="cc78885f-ec12-bbbb-ee0a-f5046baea7b5" executionId="dc9a2064-4c92-4ecd-98c2-24dbd8908fc7" testListId="8c84fa94-04c1-424b-9868-57a2d4851a1d" />
    <TestEntry testId="d540e76e-48bf-d64f-d68f-126aadf706d7" executionId="f3cbfaa6-4174-4d15-90ec-f3b2c150b5b5" testListId="8c84fa94-04c1-424b-9868-57a2d4851a1d" />
    <TestEntry testId="dbe427e4-2752-847a-24d4-4e2fc7534186" executionId="85c30988-859a-48c0-b392-c761b2ccc791" testListId="8c84fa94-04c1-424b-9868-57a2d4851a1d" />
    <TestEntry testId="df3261c3-408c-8592-329d-f831acf3b97d" executionId="3a44beb9-9eee-40c8-b685-2f2f679b5cd9" testListId="8c84fa94-04c1-424b-9868-57a2d4851a1d" />
    <TestEntry testId="e0873a2a-44f1-4b26-5c9b-cfd0b7d17b73" executionId="8a0fa991-dc4c-4b2a-a1a7-4b3b3ff5d860" testListId="8c84fa94-04c1-424b-9868-57a2d4851a1d" />
    <TestEntry testId="e1aa0cea-ce8f-4dce-14b0-a35bee3a1193" executionId="54a55f6e-dfb4-47bf-9218-8b62cbec5b00" testListId="8c84fa94-04c1-424b-9868-57a2d4851a1d" />
    <TestEntry testId="e259da7a-5f14-31d9-454c-fd12688ae7da" executionId="20febe68-8b94-43ed-b176-6c32f92413aa" testListId="8c84fa94-04c1-424b-9868-57a2d4851a1d" />
    <TestEntry testId="e317ed9d-e8e8-aa35-12b0-01f4b2feda1b" executionId="88c69f6b-5732-4543-8e3b-380014e26561" testListId="8c84fa94-04c1-424b-9868-57a2d4851a1d" />
    <TestEntry testId="e80579fd-7373-a975-e626-aa229a43550e" executionId="b911867c-0b6a-404a-b52e-ece68547bda2" testListId="8c84fa94-04c1-424b-9868-57a2d4851a1d" />
  </TestEntries>
  <Results>
    <UnitTestResult executionId="45c3ede0-586c-40c3-b83a-0d906946e8aa" testId="11126d6d-b4ee-e9ea-20f6-0f491ed11eda" testName="CreateNewConnection" computerName="D-MAA-00391891" duration="00:00:00.1126050" startTime="2013-06-26T17:23:27.5325402+05:30" endTime="2013-06-26T17:23:27.8757436+05:30" testType="13cdc9d9-ddb5-4fa4-a97d-d965ccfc6d4b" outcome="Passed" testListId="8c84fa94-04c1-424b-9868-57a2d4851a1d" relativeResultsDirectory="45c3ede0-586c-40c3-b83a-0d906946e8aa">
    </UnitTestResult>
    <UnitTestResult executionId="447e1bb6-b79c-4b82-9565-4864473708fd" testId="167a8f5b-f303-510a-bafc-8c9325dc49f2" testName="Password" computerName="D-MAA-00391891" duration="00:00:00.0006428" startTime="2013-06-26T17:23:27.8757436+05:30" endTime="2013-06-26T17:23:27.8913434+05:30" testType="13cdc9d9-ddb5-4fa4-a97d-d965ccfc6d4b" outcome="Passed" testListId="8c84fa94-04c1-424b-9868-57a2d4851a1d" relativeResultsDirectory="447e1bb6-b79c-4b82-9565-4864473708fd">
    </UnitTestResult>
    <UnitTestResult executionId="e4baf9c8-6ed6-4e33-b676-2adb006365c8" testId="21ef3455-1684-aea8-589b-7378e1223574" testName="ArgumentExceptionTest" computerName="D-MAA-00391891" duration="00:00:00.0317894" startTime="2013-06-26T17:23:27.8913434+05:30" endTime="2013-06-26T17:23:27.9225435+05:30" testType="13cdc9d9-ddb5-4fa4-a97d-d965ccfc6d4b" outcome="Failed" testListId="8c84fa94-04c1-424b-9868-57a2d4851a1d" relativeResultsDirectory="e4baf9c8-6ed6-4e33-b676-2adb006365c8">
      <Output>
        <ErrorInfo>
          <Message>Test method PayPal.SubjectAuthorizationTest.ArgumentExceptionTest threw exception System.ArgumentException, but exception PayPal.Exception.MissingCredentialException was expected. Exception message: System.ArgumentException: SubjectAuthorization arguments cannot be null or empty</Message>
          <StackTrace>    at PayPal.Authentication.SubjectAuthorization..ctor(String subjct) in C:\Upgrade\sdk-core-dotnet\src\Authentication\SubjectAuthorization.cs:line 20
   at PayPal.SubjectAuthorizationTest.ArgumentExceptionTest() in C:\Upgrade\sdk-core-dotnet\src\Authentication\SubjectAuthorizationTest .cs:line 16
</StackTrace>
        </ErrorInfo>
      </Output>
    </UnitTestResult>
    <UnitTestResult executionId="6972d778-aae6-49f5-8be6-9cd1d07deacd" testId="31bda955-4698-3bb7-f313-5a568fd924bb" testName="IPNRequest" computerName="D-MAA-00391891" duration="00:00:02.3323963" startTime="2013-06-26T17:23:27.9225435+05:30" endTime="2013-06-26T17:23:30.2626283+05:30" testType="13cdc9d9-ddb5-4fa4-a97d-d965ccfc6d4b" outcome="Passed" testListId="8c84fa94-04c1-424b-9868-57a2d4851a1d" relativeResultsDirectory="6972d778-aae6-49f5-8be6-9cd1d07deacd">
    </UnitTestResult>
    <UnitTestResult executionId="91986adb-764d-47d2-bd8d-047c5b4ac787" testId="348a32c5-a36c-f5e9-6ea7-72c6aa16ade5" testName="HeaderElement" computerName="D-MAA-00391891" duration="00:00:00.0009820" startTime="2013-06-26T17:23:30.2626283+05:30" endTime="2013-06-26T17:23:30.2626283+05:30" testType="13cdc9d9-ddb5-4fa4-a97d-d965ccfc6d4b" outcome="Passed" testListId="8c84fa94-04c1-424b-9868-57a2d4851a1d" relativeResultsDirectory="91986adb-764d-47d2-bd8d-047c5b4ac787">
    </UnitTestResult>
    <UnitTestResult executionId="402299be-7b5f-4d7a-96c5-47b73f94c387" testId="34cec497-81a9-ae94-3928-9d6ffe4f51b3" testName="setAndGetThirdPartyAuthorizationForSubject" computerName="D-MAA-00391891" duration="00:00:00.0004492" startTime="2013-06-26T17:23:30.2781688+05:30" endTime="2013-06-26T17:23:30.2781688+05:30" testType="13cdc9d9-ddb5-4fa4-a97d-d965ccfc6d4b" outcome="Passed" testListId="8c84fa94-04c1-424b-9868-57a2d4851a1d" relativeResultsDirectory="402299be-7b5f-4d7a-96c5-47b73f94c387">
    </UnitTestResult>
    <UnitTestResult executionId="092abb4f-1d48-45d6-9a38-02d6909c19b1" testId="34e31e27-65d7-9fd2-b480-8413c210a1c7" testName="GetEndpointForDefaultModeWithExplicitEndpoint" computerName="D-MAA-00391891" duration="00:00:00.0072988" startTime="2013-06-26T17:23:30.2781688+05:30" endTime="2013-06-26T17:23:30.2937683+05:30" testType="13cdc9d9-ddb5-4fa4-a97d-d965ccfc6d4b" outcome="Passed" testListId="8c84fa94-04c1-424b-9868-57a2d4851a1d" relativeResultsDirectory="092abb4f-1d48-45d6-9a38-02d6909c19b1">
    </UnitTestResult>
    <UnitTestResult executionId="942ae714-7636-4ae0-a965-639bc29dd57a" testId="39cf0469-9b56-a06d-ad3d-3062d9632690" testName="GenerateHeaderStrategyWithoutToken" computerName="D-MAA-00391891" duration="00:00:00.0012284" startTime="2013-06-26T17:23:30.2937683+05:30" endTime="2013-06-26T17:23:30.2937683+05:30" testType="13cdc9d9-ddb5-4fa4-a97d-d965ccfc6d4b" outcome="Passed" testListId="8c84fa94-04c1-424b-9868-57a2d4851a1d" relativeResultsDirectory="942ae714-7636-4ae0-a965-639bc29dd57a">
    </UnitTestResult>
    <UnitTestResult executionId="37c3ba86-4f0c-42e2-96a8-55583a9315e6" testId="3e25a89a-2717-5061-5bb9-f76c52e98eb6" testName="GenerateHeaderStrategyWithTokenTest" computerName="D-MAA-00391891" duration="00:00:00.0239885" startTime="2013-06-26T17:23:30.2937683+05:30" endTime="2013-06-26T17:23:30.3249737+05:30" testType="13cdc9d9-ddb5-4fa4-a97d-d965ccfc6d4b" outcome="Passed" testListId="8c84fa94-04c1-424b-9868-57a2d4851a1d" relativeResultsDirectory="37c3ba86-4f0c-42e2-96a8-55583a9315e6">
    </UnitTestResult>
    <UnitTestResult executionId="54c17816-33b9-4bf0-b50d-d676a3f9f406" testId="45adead4-151f-52f9-3bfc-7f9ff4cb26d3" testName="GenerateHeaderStrategyWithoutTokenTest" computerName="D-MAA-00391891" duration="00:00:00.0003191" startTime="2013-06-26T17:23:30.3249737+05:30" endTime="2013-06-26T17:23:30.3249737+05:30" testType="13cdc9d9-ddb5-4fa4-a97d-d965ccfc6d4b" outcome="Passed" testListId="8c84fa94-04c1-424b-9868-57a2d4851a1d" relativeResultsDirectory="54c17816-33b9-4bf0-b50d-d676a3f9f406">
    </UnitTestResult>
    <UnitTestResult executionId="56fc4990-b058-4a15-8eca-02851091334e" testId="4b45ba06-3396-0328-c4f5-e68b33e209dd" testName="PrivateKeyPassword" computerName="D-MAA-00391891" duration="00:00:00.0002467" startTime="2013-06-26T17:23:30.3405690+05:30" endTime="2013-06-26T17:23:30.3405690+05:30" testType="13cdc9d9-ddb5-4fa4-a97d-d965ccfc6d4b" outcome="Passed" testListId="8c84fa94-04c1-424b-9868-57a2d4851a1d" relativeResultsDirectory="56fc4990-b058-4a15-8eca-02851091334e">
    </UnitTestResult>
    <UnitTestResult executionId="e98d62e2-0d56-4891-92ec-c411df72518e" testId="549e6941-7a82-b46d-eaed-7a81c01c0e6c" testName="MakeRequestUsingNVPCertificateCredential" computerName="D-MAA-00391891" duration="00:00:06.8089503" startTime="2013-06-26T17:23:30.3405690+05:30" endTime="2013-06-26T17:23:37.1422505+05:30" testType="13cdc9d9-ddb5-4fa4-a97d-d965ccfc6d4b" outcome="Passed" testListId="8c84fa94-04c1-424b-9868-57a2d4851a1d" relativeResultsDirectory="e98d62e2-0d56-4891-92ec-c411df72518e">
    </UnitTestResult>
    <UnitTestResult executionId="35f201c5-34b4-4a27-9534-71bfc8426410" testId="572fc26d-a019-c680-b057-9212fb4a87ce" testName="GetHeaderMapWithSignatureWithTokenTest" computerName="D-MAA-00391891" duration="00:00:00.0021530" startTime="2013-06-26T17:23:37.1578411+05:30" endTime="2013-06-26T17:23:37.1578411+05:30" testType="13cdc9d9-ddb5-4fa4-a97d-d965ccfc6d4b" outcome="Passed" testListId="8c84fa94-04c1-424b-9868-57a2d4851a1d" relativeResultsDirectory="35f201c5-34b4-4a27-9534-71bfc8426410">
    </UnitTestResult>
    <UnitTestResult executionId="a701b68c-b430-45ca-8f55-501d5ab11bf7" testId="58a1efbe-125b-c9c2-405c-e5b9542d1783" testName="GetHeaderMapWithCertificateWithTokenTest" computerName="D-MAA-00391891" duration="00:00:00.0006413" startTime="2013-06-26T17:23:37.1734440+05:30" endTime="2013-06-26T17:23:37.1734440+05:30" testType="13cdc9d9-ddb5-4fa4-a97d-d965ccfc6d4b" outcome="Passed" testListId="8c84fa94-04c1-424b-9868-57a2d4851a1d" relativeResultsDirectory="a701b68c-b430-45ca-8f55-501d5ab11bf7">
    </UnitTestResult>
    <UnitTestResult executionId="5171951e-0d24-44e4-8531-36e91075f36a" testId="59d960ea-6241-6d24-5578-9ef7f6b66bd4" testName="CertificateCredentialArgumentException" computerName="D-MAA-00391891" duration="00:00:00.0011479" startTime="2013-06-26T17:23:37.1734440+05:30" endTime="2013-06-26T17:23:37.1734440+05:30" testType="13cdc9d9-ddb5-4fa4-a97d-d965ccfc6d4b" outcome="Passed" testListId="8c84fa94-04c1-424b-9868-57a2d4851a1d" relativeResultsDirectory="5171951e-0d24-44e4-8531-36e91075f36a">
    </UnitTestResult>
    <UnitTestResult executionId="275de40e-c68b-41f8-89bb-4d5c682762de" testId="5e2e2a3a-0066-6895-a9d5-276ece776d13" testName="UserName" computerName="D-MAA-00391891" duration="00:00:00.0003326" startTime="2013-06-26T17:23:37.1734440+05:30" endTime="2013-06-26T17:23:37.1890423+05:30" testType="13cdc9d9-ddb5-4fa4-a97d-d965ccfc6d4b" outcome="Passed" testListId="8c84fa94-04c1-424b-9868-57a2d4851a1d" relativeResultsDirectory="275de40e-c68b-41f8-89bb-4d5c682762de">
    </UnitTestResult>
    <UnitTestResult executionId="31f7ee99-3083-429d-a1bc-8001276d8faf" testId="5e49005f-da85-beb2-c4f0-d669b67aef7e" testName="LoadCertificateCredential" computerName="D-MAA-00391891" duration="00:00:00.0007125" startTime="2013-06-26T17:23:37.1890423+05:30" endTime="2013-06-26T17:23:37.1890423+05:30" testType="13cdc9d9-ddb5-4fa4-a97d-d965ccfc6d4b" outcome="Passed" testListId="8c84fa94-04c1-424b-9868-57a2d4851a1d" relativeResultsDirectory="31f7ee99-3083-429d-a1bc-8001276d8faf">
    </UnitTestResult>
    <UnitTestResult executionId="82ede0cf-e2b2-4d94-bb37-bb152c3de81e" testId="60641299-5c2d-1fcb-e3c8-88e7775f65d0" testName="GetEndpointForLiveMode" computerName="D-MAA-00391891" duration="00:00:00.0003175" startTime="2013-06-26T17:23:37.1890423+05:30" endTime="2013-06-26T17:23:37.2046421+05:30" testType="13cdc9d9-ddb5-4fa4-a97d-d965ccfc6d4b" outcome="Passed" testListId="8c84fa94-04c1-424b-9868-57a2d4851a1d" relativeResultsDirectory="82ede0cf-e2b2-4d94-bb37-bb152c3de81e">
    </UnitTestResult>
    <UnitTestResult executionId="ecf22e1c-d6cc-4882-9eea-9c9caea9e35e" testId="6af993b2-6557-db16-924e-6a6d2f624900" testName="CreateNewConnectionWithInvalidURL" computerName="D-MAA-00391891" duration="00:00:00.0050672" startTime="2013-06-26T17:23:37.2046421+05:30" endTime="2013-06-26T17:23:37.2046421+05:30" testType="13cdc9d9-ddb5-4fa4-a97d-d965ccfc6d4b" outcome="Failed" testListId="8c84fa94-04c1-424b-9868-57a2d4851a1d" relativeResultsDirectory="ecf22e1c-d6cc-4882-9eea-9c9caea9e35e">
      <Output>
        <ErrorInfo>
          <Message>Test method PayPal.ConnectionManagerTest.CreateNewConnectionWithInvalidURL threw exception: 
PayPal.Exception.ConfigException: Invalid URI Not a url</Message>
          <StackTrace>    at PayPal.Manager.ConnectionManager.GetConnection(Dictionary`2 config, String url) in C:\Upgrade\sdk-core-dotnet\src\Manager\ConnectionManager.cs:line 71
   at PayPal.ConnectionManagerTest.CreateNewConnectionWithInvalidURL() in C:\Upgrade\sdk-core-dotnet\src\Manager\ConnectionManagerTest.cs:line 29
</StackTrace>
        </ErrorInfo>
      </Output>
    </UnitTestResult>
    <UnitTestResult executionId="9372e160-7e3d-4ef6-97d9-370107993bec" testId="6b98d33c-7c97-8fa5-c877-e79fd9223fbe" testName="Signature" computerName="D-MAA-00391891" duration="00:00:00.0001847" startTime="2013-06-26T17:23:37.2046421+05:30" endTime="2013-06-26T17:23:37.2202528+05:30" testType="13cdc9d9-ddb5-4fa4-a97d-d965ccfc6d4b" outcome="Passed" testListId="8c84fa94-04c1-424b-9868-57a2d4851a1d" relativeResultsDirectory="9372e160-7e3d-4ef6-97d9-370107993bec">
    </UnitTestResult>
    <UnitTestResult executionId="171f6828-bc14-4a52-9bc1-07a442fd3bfc" testId="6bc21a04-f93c-de73-fe81-bf7707421f91" testName="IPNParameter" computerName="D-MAA-00391891" duration="00:00:00.0005016" startTime="2013-06-26T17:23:37.2202528+05:30" endTime="2013-06-26T17:23:37.2202528+05:30" testType="13cdc9d9-ddb5-4fa4-a97d-d965ccfc6d4b" outcome="Passed" testListId="8c84fa94-04c1-424b-9868-57a2d4851a1d" relativeResultsDirectory="171f6828-bc14-4a52-9bc1-07a442fd3bfc">
    </UnitTestResult>
    <UnitTestResult executionId="a3711d2e-4be4-4062-b464-645e60cb24f3" testId="7132de0d-bcc1-0461-aac5-c0559debcb80" testName="UserName" computerName="D-MAA-00391891" duration="00:00:00.0001940" startTime="2013-06-26T17:23:37.2202528+05:30" endTime="2013-06-26T17:23:37.2202528+05:30" testType="13cdc9d9-ddb5-4fa4-a97d-d965ccfc6d4b" outcome="Passed" testListId="8c84fa94-04c1-424b-9868-57a2d4851a1d" relativeResultsDirectory="a3711d2e-4be4-4062-b464-645e60cb24f3">
    </UnitTestResult>
    <UnitTestResult executionId="d657204e-46e6-43a2-9543-1a1468ab005c" testId="7602c5a1-68c8-5132-75da-6b6ec6e3859c" testName="GetHeaderMapSignatureWithoutTokenTest" computerName="D-MAA-00391891" duration="00:00:00.0006867" startTime="2013-06-26T17:23:37.2202528+05:30" endTime="2013-06-26T17:23:37.2358430+05:30" testType="13cdc9d9-ddb5-4fa4-a97d-d965ccfc6d4b" outcome="Passed" testListId="8c84fa94-04c1-424b-9868-57a2d4851a1d" relativeResultsDirectory="d657204e-46e6-43a2-9543-1a1468ab005c">
    </UnitTestResult>
    <UnitTestResult executionId="b0e8c02c-2637-45fa-a369-d016e8167598" testId="793b3ff9-7cec-bc6d-bb95-845664a0a274" testName="GenerateHeaderStrategyWithToken" computerName="D-MAA-00391891" duration="00:00:00.0006070" startTime="2013-06-26T17:23:37.2358430+05:30" endTime="2013-06-26T17:23:37.2358430+05:30" testType="13cdc9d9-ddb5-4fa4-a97d-d965ccfc6d4b" outcome="Passed" testListId="8c84fa94-04c1-424b-9868-57a2d4851a1d" relativeResultsDirectory="b0e8c02c-2637-45fa-a369-d016e8167598">
    </UnitTestResult>
    <UnitTestResult executionId="d5f637af-e404-41cf-8a4f-7c34e732d123" testId="7a4deb71-e627-caab-0f4b-5ad78a2ca8b2" testName="ArgumentExceptionTest" computerName="D-MAA-00391891" duration="00:00:00.0009982" startTime="2013-06-26T17:23:37.2358430+05:30" endTime="2013-06-26T17:23:37.2358430+05:30" testType="13cdc9d9-ddb5-4fa4-a97d-d965ccfc6d4b" outcome="Passed" testListId="8c84fa94-04c1-424b-9868-57a2d4851a1d" relativeResultsDirectory="d5f637af-e404-41cf-8a4f-7c34e732d123">
    </UnitTestResult>
    <UnitTestResult executionId="39974791-779c-467a-a18c-b0b140bfcf1e" testId="887d4091-e96f-2b45-a8aa-891b10b4bbe4" testName="Password" computerName="D-MAA-00391891" duration="00:00:00.0001859" startTime="2013-06-26T17:23:37.2514436+05:30" endTime="2013-06-26T17:23:37.2514436+05:30" testType="13cdc9d9-ddb5-4fa4-a97d-d965ccfc6d4b" outcome="Passed" testListId="8c84fa94-04c1-424b-9868-57a2d4851a1d" relativeResultsDirectory="39974791-779c-467a-a18c-b0b140bfcf1e">
    </UnitTestResult>
    <UnitTestResult executionId="94d01bf7-0d0e-4033-a48a-e06af7d28dbd" testId="8b826b1e-08d4-0de6-32d0-443417829dc1" testName="CertificateFile" computerName="D-MAA-00391891" duration="00:00:00.0001940" startTime="2013-06-26T17:23:37.2514436+05:30" endTime="2013-06-26T17:23:37.2514436+05:30" testType="13cdc9d9-ddb5-4fa4-a97d-d965ccfc6d4b" outcome="Passed" testListId="8c84fa94-04c1-424b-9868-57a2d4851a1d" relativeResultsDirectory="94d01bf7-0d0e-4033-a48a-e06af7d28dbd">
    </UnitTestResult>
    <UnitTestResult executionId="c281b8d6-34be-45d8-8f78-851573b94490" testId="9546f6ea-d206-f93d-baac-8824bf597749" testName="ThirdPartyAuthorizationTestForToken" computerName="D-MAA-00391891" duration="00:00:00.0002644" startTime="2013-06-26T17:23:37.2670438+05:30" endTime="2013-06-26T17:23:37.2670438+05:30" testType="13cdc9d9-ddb5-4fa4-a97d-d965ccfc6d4b" outcome="Passed" testListId="8c84fa94-04c1-424b-9868-57a2d4851a1d" relativeResultsDirectory="c281b8d6-34be-45d8-8f78-851573b94490">
    </UnitTestResult>
    <UnitTestResult executionId="5b82465f-2605-40fd-8cdc-6c4bb070ae6d" testId="97612a9c-cc09-760b-6f31-92f3b36c106c" testName="TestMethod1" computerName="D-MAA-00391891" duration="00:00:00.0001890" startTime="2013-06-26T17:23:37.2670438+05:30" endTime="2013-06-26T17:23:37.2670438+05:30" testType="13cdc9d9-ddb5-4fa4-a97d-d965ccfc6d4b" outcome="Passed" testListId="8c84fa94-04c1-424b-9868-57a2d4851a1d" relativeResultsDirectory="5b82465f-2605-40fd-8cdc-6c4bb070ae6d">
    </UnitTestResult>
    <UnitTestResult executionId="d06d3835-d557-4f1c-8fff-ee0dbf5036fd" testId="9954816d-0199-56c1-ad68-b0b9b77a38dd" testName="NamespaceAttributes" computerName="D-MAA-00391891" duration="00:00:00.0003499" startTime="2013-06-26T17:23:37.2670438+05:30" endTime="2013-06-26T17:23:37.2670438+05:30" testType="13cdc9d9-ddb5-4fa4-a97d-d965ccfc6d4b" outcome="Passed" testListId="8c84fa94-04c1-424b-9868-57a2d4851a1d" relativeResultsDirectory="d06d3835-d557-4f1c-8fff-ee0dbf5036fd">
    </UnitTestResult>
    <UnitTestResult executionId="0442c994-5570-41fc-b89b-d4065896edf5" testId="9afbf5bb-fe55-b585-505f-7b59070d181e" testName="GetPayloadEndpointWithoutTokenTest" computerName="D-MAA-00391891" duration="00:00:00.0004284" startTime="2013-06-26T17:23:37.2826433+05:30" endTime="2013-06-26T17:23:37.2826433+05:30" testType="13cdc9d9-ddb5-4fa4-a97d-d965ccfc6d4b" outcome="Passed" testListId="8c84fa94-04c1-424b-9868-57a2d4851a1d" relativeResultsDirectory="0442c994-5570-41fc-b89b-d4065896edf5">
    </UnitTestResult>
    <UnitTestResult executionId="5e208389-969d-40fe-8d86-5a7b78db6180" testId="a41a603b-245e-d759-0e29-4b90776b8bf8" testName="GetEndpointForDefaultModeWithoutEndpoint" computerName="D-MAA-00391891" duration="00:00:00.0009728" startTime="2013-06-26T17:23:37.2826433+05:30" endTime="2013-06-26T17:23:37.2826433+05:30" testType="13cdc9d9-ddb5-4fa4-a97d-d965ccfc6d4b" outcome="Passed" testListId="8c84fa94-04c1-424b-9868-57a2d4851a1d" relativeResultsDirectory="5e208389-969d-40fe-8d86-5a7b78db6180">
    </UnitTestResult>
    <UnitTestResult executionId="f3ea1f13-da34-4ac5-9101-63c3f1f990f2" testId="a47fc0f3-b011-bec1-2cd5-22776f70473e" testName="MakeRequestUsingNVPSignatureCredential" computerName="D-MAA-00391891" duration="00:00:06.7216689" startTime="2013-06-26T17:23:37.2982435+05:30" endTime="2013-06-26T17:23:44.0221899+05:30" testType="13cdc9d9-ddb5-4fa4-a97d-d965ccfc6d4b" outcome="Passed" testListId="8c84fa94-04c1-424b-9868-57a2d4851a1d" relativeResultsDirectory="f3ea1f13-da34-4ac5-9101-63c3f1f990f2">
    </UnitTestResult>
    <UnitTestResult executionId="66b9e3c5-370b-4734-b445-6a1db28cdb8f" testId="a8bc4982-96cf-8919-8fc8-43bbfb183108" testName="ThirdPartyAuthorizationForToken" computerName="D-MAA-00391891" duration="00:00:00.0003580" startTime="2013-06-26T17:23:44.0221899+05:30" endTime="2013-06-26T17:23:44.0221899+05:30" testType="13cdc9d9-ddb5-4fa4-a97d-d965ccfc6d4b" outcome="Passed" testListId="8c84fa94-04c1-424b-9868-57a2d4851a1d" relativeResultsDirectory="66b9e3c5-370b-4734-b445-6a1db28cdb8f">
    </UnitTestResult>
    <UnitTestResult executionId="e3331569-964d-4636-9599-327c923d2145" testId="ae5adc00-6deb-0c29-408b-2802a8343f13" testName="RetrieveValidProperty" computerName="D-MAA-00391891" duration="00:00:00.0004103" startTime="2013-06-26T17:23:44.0221899+05:30" endTime="2013-06-26T17:23:44.0221899+05:30" testType="13cdc9d9-ddb5-4fa4-a97d-d965ccfc6d4b" outcome="Passed" testListId="8c84fa94-04c1-424b-9868-57a2d4851a1d" relativeResultsDirectory="e3331569-964d-4636-9599-327c923d2145">
    </UnitTestResult>
    <UnitTestResult executionId="4aabf1dd-c402-4825-a014-031fc32e21cc" testId="b07d5ea5-8c64-491d-a200-1382f93387fb" testName="IPNMap" computerName="D-MAA-00391891" duration="00:00:00.0007383" startTime="2013-06-26T17:23:44.0377389+05:30" endTime="2013-06-26T17:23:44.0377389+05:30" testType="13cdc9d9-ddb5-4fa4-a97d-d965ccfc6d4b" outcome="Passed" testListId="8c84fa94-04c1-424b-9868-57a2d4851a1d" relativeResultsDirectory="4aabf1dd-c402-4825-a014-031fc32e21cc">
    </UnitTestResult>
    <UnitTestResult executionId="59b4f331-9f3d-410e-831d-ea8631a256c7" testId="b3a5f5aa-fe94-da40-fb14-119de009c1c1" testName="ApplicationID" computerName="D-MAA-00391891" duration="00:00:00.0002498" startTime="2013-06-26T17:23:44.0377389+05:30" endTime="2013-06-26T17:23:44.0377389+05:30" testType="13cdc9d9-ddb5-4fa4-a97d-d965ccfc6d4b" outcome="Passed" testListId="8c84fa94-04c1-424b-9868-57a2d4851a1d" relativeResultsDirectory="59b4f331-9f3d-410e-831d-ea8631a256c7">
    </UnitTestResult>
    <UnitTestResult executionId="b7dfa029-7344-42b7-bbab-6a666929e53d" testId="bcbe2a27-7af0-ffe3-a36f-50d059124977" testName="IPNParseQueryString" computerName="D-MAA-00391891" duration="00:00:00.0004819" startTime="2013-06-26T17:23:44.0377389+05:30" endTime="2013-06-26T17:23:44.0533372+05:30" testType="13cdc9d9-ddb5-4fa4-a97d-d965ccfc6d4b" outcome="Passed" testListId="8c84fa94-04c1-424b-9868-57a2d4851a1d" relativeResultsDirectory="b7dfa029-7344-42b7-bbab-6a666929e53d">
    </UnitTestResult>
    <UnitTestResult executionId="dc9a2064-4c92-4ecd-98c2-24dbd8908fc7" testId="cc78885f-ec12-bbbb-ee0a-f5046baea7b5" testName="SignatureCredentialArgumentException" computerName="D-MAA-00391891" duration="00:00:00.0010644" startTime="2013-06-26T17:23:44.0533372+05:30" endTime="2013-06-26T17:23:44.0533372+05:30" testType="13cdc9d9-ddb5-4fa4-a97d-d965ccfc6d4b" outcome="Passed" testListId="8c84fa94-04c1-424b-9868-57a2d4851a1d" relativeResultsDirectory="dc9a2064-4c92-4ecd-98c2-24dbd8908fc7">
    </UnitTestResult>
    <UnitTestResult executionId="f3cbfaa6-4174-4d15-90ec-f3b2c150b5b5" testId="d540e76e-48bf-d64f-d68f-126aadf706d7" testName="LoadSignatureCredential" computerName="D-MAA-00391891" duration="00:00:00.0005535" startTime="2013-06-26T17:23:44.0533372+05:30" endTime="2013-06-26T17:23:44.0533372+05:30" testType="13cdc9d9-ddb5-4fa4-a97d-d965ccfc6d4b" outcome="Passed" testListId="8c84fa94-04c1-424b-9868-57a2d4851a1d" relativeResultsDirectory="f3cbfaa6-4174-4d15-90ec-f3b2c150b5b5">
    </UnitTestResult>
    <UnitTestResult executionId="85c30988-859a-48c0-b392-c761b2ccc791" testId="dbe427e4-2752-847a-24d4-4e2fc7534186" testName="ThirdPartyAuthorizationForSubject" computerName="D-MAA-00391891" duration="00:00:00.0002225" startTime="2013-06-26T17:23:44.0689378+05:30" endTime="2013-06-26T17:23:44.0689378+05:30" testType="13cdc9d9-ddb5-4fa4-a97d-d965ccfc6d4b" outcome="Passed" testListId="8c84fa94-04c1-424b-9868-57a2d4851a1d" relativeResultsDirectory="85c30988-859a-48c0-b392-c761b2ccc791">
    </UnitTestResult>
    <UnitTestResult executionId="3a44beb9-9eee-40c8-b685-2f2f679b5cd9" testId="df3261c3-408c-8592-329d-f831acf3b97d" testName="ApplicationID" computerName="D-MAA-00391891" duration="00:00:00.0001963" startTime="2013-06-26T17:23:44.0689378+05:30" endTime="2013-06-26T17:23:44.0689378+05:30" testType="13cdc9d9-ddb5-4fa4-a97d-d965ccfc6d4b" outcome="Passed" testListId="8c84fa94-04c1-424b-9868-57a2d4851a1d" relativeResultsDirectory="3a44beb9-9eee-40c8-b685-2f2f679b5cd9">
    </UnitTestResult>
    <UnitTestResult executionId="8a0fa991-dc4c-4b2a-a1a7-4b3b3ff5d860" testId="e0873a2a-44f1-4b26-5c9b-cfd0b7d17b73" testName="GetHeaderMapCertificateWithoutTokenTest" computerName="D-MAA-00391891" duration="00:00:00.0004912" startTime="2013-06-26T17:23:44.0689378+05:30" endTime="2013-06-26T17:23:44.0845369+05:30" testType="13cdc9d9-ddb5-4fa4-a97d-d965ccfc6d4b" outcome="Passed" testListId="8c84fa94-04c1-424b-9868-57a2d4851a1d" relativeResultsDirectory="8a0fa991-dc4c-4b2a-a1a7-4b3b3ff5d860">
    </UnitTestResult>
    <UnitTestResult executionId="54a55f6e-dfb4-47bf-9218-8b62cbec5b00" testId="e1aa0cea-ce8f-4dce-14b0-a35bee3a1193" testName="IPNTransaction" computerName="D-MAA-00391891" duration="00:00:00.0005797" startTime="2013-06-26T17:23:44.0845369+05:30" endTime="2013-06-26T17:23:44.0845369+05:30" testType="13cdc9d9-ddb5-4fa4-a97d-d965ccfc6d4b" outcome="Passed" testListId="8c84fa94-04c1-424b-9868-57a2d4851a1d" relativeResultsDirectory="54a55f6e-dfb4-47bf-9218-8b62cbec5b00">
    </UnitTestResult>
    <UnitTestResult executionId="20febe68-8b94-43ed-b176-6c32f92413aa" testId="e259da7a-5f14-31d9-454c-fd12688ae7da" testName="GetEndpointForSandboxMode" computerName="D-MAA-00391891" duration="00:00:00.0003122" startTime="2013-06-26T17:23:44.1001383+05:30" endTime="2013-06-26T17:23:44.1021381+05:30" testType="13cdc9d9-ddb5-4fa4-a97d-d965ccfc6d4b" outcome="Passed" testListId="8c84fa94-04c1-424b-9868-57a2d4851a1d" relativeResultsDirectory="20febe68-8b94-43ed-b176-6c32f92413aa">
    </UnitTestResult>
    <UnitTestResult executionId="88c69f6b-5732-4543-8e3b-380014e26561" testId="e317ed9d-e8e8-aa35-12b0-01f4b2feda1b" testName="LoadCredentialForNonExistentAccount" computerName="D-MAA-00391891" duration="00:00:00.0013338" startTime="2013-06-26T17:23:44.1041376+05:30" endTime="2013-06-26T17:23:44.1081382+05:30" testType="13cdc9d9-ddb5-4fa4-a97d-d965ccfc6d4b" outcome="Passed" testListId="8c84fa94-04c1-424b-9868-57a2d4851a1d" relativeResultsDirectory="88c69f6b-5732-4543-8e3b-380014e26561">
    </UnitTestResult>
    <UnitTestResult executionId="b911867c-0b6a-404a-b52e-ece68547bda2" testId="e80579fd-7373-a975-e626-aa229a43550e" testName="GetPayloadForEmptyRawPayload" computerName="D-MAA-00391891" duration="00:00:00.0010836" startTime="2013-06-26T17:23:44.1091375+05:30" endTime="2013-06-26T17:23:44.1131377+05:30" testType="13cdc9d9-ddb5-4fa4-a97d-d965ccfc6d4b" outcome="Passed" testListId="8c84fa94-04c1-424b-9868-57a2d4851a1d" relativeResultsDirectory="b911867c-0b6a-404a-b52e-ece68547bda2">
    </UnitTestResult>
  </Results>
</TestRun>