<?xml version="1.0" encoding="UTF-8"?>
<TestRun id="1bb884a7-a55d-44c7-b8f8-f8df92ea72b0" name="rsomaskandan@D-MAA-00391891 2013-06-26 17:28:07" runUser="CORP\rsomaskandan" xmlns="http://microsoft.com/schemas/VisualStudio/TeamTest/2010">
  <TestSettings name="Default Test Settings" id="eadb76ff-90be-43dd-9786-1f5834dd738b">
    <Deployment runDeploymentRoot="rsomaskandan_D-MAA-00391891 2013-06-26 17_28_07">
      <DeploymentItem filename="C:\Upgrade\sdk-core-dotnet\src\packages\log4net.2.0.0\lib\net40-full\log4net.dll" />
      <DeploymentItem filename="C:\Upgrade\sdk-core-dotnet\src\packages\Newtonsoft.Json.5.0.6\lib\net40\Newtonsoft.Json.dll" />
      <DeploymentItem filename="C:\Upgrade\sdk-core-dotnet\build\bin\Debug\.NET Framework 4.0\PayPal.Core.SDK.VS.2010.dll" />
    </Deployment>
    <Execution>
      <TestTypeSpecific />
      <AgentRule name="Execution Agents">
      </AgentRule>
    </Execution>
  </TestSettings>
  <Times creation="2013-06-26T17:28:07.1013859+05:30" queuing="2013-06-26T17:28:07.4445789+05:30" start="2013-06-26T17:28:07.4757782+05:30" finish="2013-06-26T17:28:07.8813964+05:30" />
  <ResultSummary outcome="Completed">
    <Counters total="1" executed="1" passed="1" error="0" failed="0" timeout="0" aborted="0" inconclusive="0" passedButRunAborted="0" notRunnable="0" notExecuted="0" disconnected="0" warning="0" completed="0" inProgress="0" pending="0" />
  </ResultSummary>
  <TestDefinitions>
    <UnitTest name="CreateNewConnectionWithInvalidURL" storage="c:\upgrade\sdk-core-dotnet\src\bin\debug\paypal.core.sdk.vs.2010.unit.test.dll" id="6af993b2-6557-db16-924e-6a6d2f624900">
      <Execution id="a9d38596-04e5-4cf7-829e-7cd23db689cd" />
      <TestMethod codeBase="C:/Upgrade/sdk-core-dotnet/src/bin/Debug/PayPal.Core.SDK.VS.2010.Unit.Test.DLL" adapterTypeName="Microsoft.VisualStudio.TestTools.TestTypes.Unit.UnitTestAdapter, Microsoft.VisualStudio.QualityTools.Tips.UnitTest.Adapter, Version=10.0.0.0, Culture=neutral, PublicKeyToken=b03f5f7f11d50a3a" className="PayPal.ConnectionManagerTest, PayPal.Core.SDK.VS.2010.Unit.Test, Version=0.0.0.0, Culture=neutral, PublicKeyToken=null" name="CreateNewConnectionWithInvalidURL" />
    </UnitTest>
  </TestDefinitions>
  <TestLists>
    <TestList name="Results Not in a List" id="8c84fa94-04c1-424b-9868-57a2d4851a1d" />
    <TestList name="All Loaded Results" id="19431567-8539-422a-85d7-44ee4e166bda" />
  </TestLists>
  <TestEntries>
    <TestEntry testId="6af993b2-6557-db16-924e-6a6d2f624900" executionId="a9d38596-04e5-4cf7-829e-7cd23db689cd" testListId="8c84fa94-04c1-424b-9868-57a2d4851a1d" />
  </TestEntries>
  <Results>
    <UnitTestResult executionId="a9d38596-04e5-4cf7-829e-7cd23db689cd" testId="6af993b2-6557-db16-924e-6a6d2f624900" testName="CreateNewConnectionWithInvalidURL" computerName="D-MAA-00391891" duration="00:00:00.1306774" startTime="2013-06-26T17:28:07.4757782+05:30" endTime="2013-06-26T17:28:07.8345957+05:30" testType="13cdc9d9-ddb5-4fa4-a97d-d965ccfc6d4b" outcome="Passed" testListId="8c84fa94-04c1-424b-9868-57a2d4851a1d" relativeResultsDirectory="a9d38596-04e5-4cf7-829e-7cd23db689cd">
    </UnitTestResult>
  </Results>
</TestRun>