<?xml version="1.0" encoding="UTF-8"?>
<TestRun id="fd4536cf-b688-42e1-848b-781c1848b1db" name="rsomaskandan@D-MAA-00391891 2013-06-26 17:08:36" runUser="CORP\rsomaskandan" xmlns="http://microsoft.com/schemas/VisualStudio/TeamTest/2010">
  <TestSettings name="Default Test Settings" id="d492c3fc-e32f-477d-9a1b-cbfc3febf1fa">
    <Deployment runDeploymentRoot="rsomaskandan_D-MAA-00391891 2013-06-26 17_08_36">
      <DeploymentItem filename="C:\Upgrade\sdk-core-dotnet\src\packages\log4net.2.0.0\lib\net40-full\log4net.dll" />
      <DeploymentItem filename="C:\Upgrade\sdk-core-dotnet\src\packages\Newtonsoft.Json.5.0.6\lib\net40\Newtonsoft.Json.dll" />
      <DeploymentItem filename="C:\Upgrade\sdk-core-dotnet\build\bin\Debug\.NET Framework 4.0\PayPal.Core.SDK.VS.2010.dll" />
    </Deployment>
    <Execution>
      <TestTypeSpecific />
      <AgentRule name="Execution Agents">
      </AgentRule>
    </Execution>
  </TestSettings>
  <Times creation="2013-06-26T17:08:36.5342883+05:30" queuing="2013-06-26T17:08:37.5775019+05:30" start="2013-06-26T17:08:37.6866973+05:30" finish="2013-06-26T17:08:51.9296510+05:30" />
  <ResultSummary outcome="Error">
    <Counters total="1" executed="1" error="0" failed="0" timeout="0" aborted="1" inconclusive="0" passedButRunAborted="0" notRunnable="0" notExecuted="0" disconnected="0" warning="0" passed="0" completed="0" inProgress="0" pending="0" />
    <RunInfos>
      <RunInfo computerName="D-MAA-00391891" outcome="Error" timestamp="2013-06-26T17:08:51.9140585+05:30">
        <Text>Test host process exited unexpectedly.</Text>
      </RunInfo>
    </RunInfos>
  </ResultSummary>
  <TestDefinitions>
    <UnitTest name="SignatureCredentialArgumentException" storage="c:\upgrade\sdk-core-dotnet\src\bin\debug\paypal.core.sdk.vs.2010.unit.test.dll" id="cc78885f-ec12-bbbb-ee0a-f5046baea7b5">
      <Execution id="9b17449b-b449-4099-bfe7-4755cf6da86f" />
      <TestMethod codeBase="C:/Upgrade/sdk-core-dotnet/src/bin/Debug/PayPal.Core.SDK.VS.2010.Unit.Test.DLL" adapterTypeName="Microsoft.VisualStudio.TestTools.TestTypes.Unit.UnitTestAdapter, Microsoft.VisualStudio.QualityTools.Tips.UnitTest.Adapter, Version=10.0.0.0, Culture=neutral, PublicKeyToken=b03f5f7f11d50a3a" className="PayPal.SignatureCredentialTest, PayPal.Core.SDK.VS.2010.Unit.Test, Version=0.0.0.0, Culture=neutral, PublicKeyToken=null" name="SignatureCredentialArgumentException" />
    </UnitTest>
  </TestDefinitions>
  <TestLists>
    <TestList name="Results Not in a List" id="8c84fa94-04c1-424b-9868-57a2d4851a1d" />
    <TestList name="All Loaded Results" id="19431567-8539-422a-85d7-44ee4e166bda" />
  </TestLists>
  <TestEntries>
    <TestEntry testId="cc78885f-ec12-bbbb-ee0a-f5046baea7b5" executionId="9b17449b-b449-4099-bfe7-4755cf6da86f" testListId="8c84fa94-04c1-424b-9868-57a2d4851a1d" />
  </TestEntries>
  <Results>
    <UnitTestResult executionId="9b17449b-b449-4099-bfe7-4755cf6da86f" testId="cc78885f-ec12-bbbb-ee0a-f5046baea7b5" testName="SignatureCredentialArgumentException" computerName="D-MAA-00391891" duration="00:00:14.1493512" startTime="2013-06-26T17:08:37.7802998+05:30" endTime="2013-06-26T17:08:51.9296510+05:30" testType="13cdc9d9-ddb5-4fa4-a97d-d965ccfc6d4b" outcome="Aborted" testListId="8c84fa94-04c1-424b-9868-57a2d4851a1d" relativeResultsDirectory="9b17449b-b449-4099-bfe7-4755cf6da86f">
    </UnitTestResult>
  </Results>
</TestRun>